"18/03/2026 14:42:25","16962","Information","Microsoft-Windows-Directory-Services-SAM"
"18/03/2026 14:42:25","5","Information","Microsoft-Windows-IsolatedUserMode"
"18/03/2026 14:42:25","6156","Information","LsaSrv"
"18/03/2026 14:42:25","12","Information","Microsoft-Windows-Wininit"
"18/03/2026 14:42:25","18","Information","Microsoft-Windows-Wininit"
"18/03/2026 14:42:25","1","Information","Microsoft-Windows-IsolatedUserMode"
"18/03/2026 14:42:25","5","Information","Microsoft-Windows-IsolatedUserMode"
"18/03/2026 14:42:25","14","Information","Microsoft-Windows-Wininit"
"18/03/2026 14:42:25","23","Information","Microsoft-Windows-Wininit"
"18/03/2026 14:42:25","25","Information","Microsoft-Windows-Wininit"
"18/03/2026 14:42:25","24","Information","Microsoft-Windows-Wininit"
"18/03/2026 14:42:25","19","Information","Microsoft-Windows-Wininit"
"18/03/2026 14:42:25","21","Information","Microsoft-Windows-Wininit"
"18/03/2026 14:42:24","98","Information","Microsoft-Windows-Ntfs"
"18/03/2026 14:42:24","98","Information","Microsoft-Windows-Ntfs"
"18/03/2026 14:42:24","219","Avertissement","Microsoft-Windows-Kernel-PnP"
"18/03/2026 14:42:24","10118","Information","Microsoft-Windows-DriverFrameworks-UserMode"
"18/03/2026 14:42:23","18","Information","BTHUSB"
"18/03/2026 14:42:22","21","Information","ADIAmpDriver"
"18/03/2026 14:42:22","219","Avertissement","Microsoft-Windows-Kernel-PnP"
"18/03/2026 14:42:22","10118","Information","Microsoft-Windows-DriverFrameworks-UserMode"
"18/03/2026 14:42:21","219","Avertissement","Microsoft-Windows-Kernel-PnP"
"18/03/2026 14:42:21","10118","Information","Microsoft-Windows-DriverFrameworks-UserMode"
"18/03/2026 14:42:21","28","Information","Intel-SST-OED"
"18/03/2026 14:42:21","28","Information","Intel-SST-OED"
"18/03/2026 14:42:21","28","Information","Intel-SST-OED"
"18/03/2026 14:42:21","28","Information","Intel-SST-OED"
"18/03/2026 14:42:21","4","Information","ADIAmpDriver"
"18/03/2026 14:42:21","26","Information","ADIAmpDriver"
"18/03/2026 14:42:21","7017","Information","Netwtw14"
"18/03/2026 14:42:20","7010","Information","Netwtw14"
"18/03/2026 14:42:20","7002","Information","Netwtw14"
"18/03/2026 14:42:20","7005","Information","Netwtw14"
"18/03/2026 14:42:20","7006","Information","Netwtw14"
"18/03/2026 14:42:20","7027","Information","Netwtw14"
"18/03/2026 14:42:20","7029","Information","Netwtw14"
"18/03/2026 14:42:20","7036","Information","Netwtw14"
"18/03/2026 14:42:20","4096","Information","nipcibrd"
"18/03/2026 14:42:20","4096","Information","nipcibrd"
"18/03/2026 14:42:19","521","Information","Microsoft-Windows-Kernel-Power"
"18/03/2026 14:42:18","521","Information","Microsoft-Windows-Kernel-Power"
"18/03/2026 14:42:18","12","Erreur","VBoxNetLwf"
"18/03/2026 14:42:18","55","Information","Microsoft-Windows-Kernel-Processor-Power"
"18/03/2026 14:42:18","55","Information","Microsoft-Windows-Kernel-Processor-Power"
"18/03/2026 14:42:18","55","Information","Microsoft-Windows-Kernel-Processor-Power"
"18/03/2026 14:42:18","55","Information","Microsoft-Windows-Kernel-Processor-Power"
"18/03/2026 14:42:18","55","Information","Microsoft-Windows-Kernel-Processor-Power"
"18/03/2026 14:42:18","55","Information","Microsoft-Windows-Kernel-Processor-Power"
"18/03/2026 14:42:18","55","Information","Microsoft-Windows-Kernel-Processor-Power"
"18/03/2026 14:42:18","55","Information","Microsoft-Windows-Kernel-Processor-Power"
"18/03/2026 14:42:18","55","Information","Microsoft-Windows-Kernel-Processor-Power"
"18/03/2026 14:42:18","55","Information","Microsoft-Windows-Kernel-Processor-Power"
"18/03/2026 14:42:18","55","Information","Microsoft-Windows-Kernel-Processor-Power"
"18/03/2026 14:42:18","55","Information","Microsoft-Windows-Kernel-Processor-Power"
"18/03/2026 14:42:18","55","Information","Microsoft-Windows-Kernel-Processor-Power"
"18/03/2026 14:42:18","55","Information","Microsoft-Windows-Kernel-Processor-Power"
"18/03/2026 14:42:18","55","Information","Microsoft-Windows-Kernel-Processor-Power"
"18/03/2026 14:42:18","55","Information","Microsoft-Windows-Kernel-Processor-Power"
"18/03/2026 14:42:18","55","Information","Microsoft-Windows-Kernel-Processor-Power"
"18/03/2026 14:42:18","55","Information","Microsoft-Windows-Kernel-Processor-Power"
"18/03/2026 14:42:18","55","Information","Microsoft-Windows-Kernel-Processor-Power"
"18/03/2026 14:42:18","55","Information","Microsoft-Windows-Kernel-Processor-Power"
"18/03/2026 14:42:18","2","Information","MEIx64"
"18/03/2026 14:42:18","55","Information","Microsoft-Windows-Kernel-Processor-Power"
"18/03/2026 14:42:18","55","Information","Microsoft-Windows-Kernel-Processor-Power"
"18/03/2026 14:42:17","219","Avertissement","Microsoft-Windows-Kernel-PnP"
"18/03/2026 14:42:17","10118","Information","Microsoft-Windows-DriverFrameworks-UserMode"
"18/03/2026 14:42:14","24","Information","Microsoft-Windows-Kernel-General"
"18/03/2026 14:42:13","125","Information","Microsoft-Windows-Kernel-Power"
"18/03/2026 14:42:13","125","Information","Microsoft-Windows-Kernel-Power"
"18/03/2026 14:42:13","6","Information","Microsoft-Windows-FilterManager"
"18/03/2026 14:42:13","7036","Information","VfpExt"
"18/03/2026 14:42:13","7036","Information","VfpExt"
"18/03/2026 14:42:12","6","Information","Microsoft-Windows-FilterManager"
"18/03/2026 14:42:12","6","Information","Microsoft-Windows-FilterManager"
"18/03/2026 14:42:12","98","Information","Microsoft-Windows-Ntfs"
"18/03/2026 14:42:11","6","Information","Microsoft-Windows-FilterManager"
"18/03/2026 14:42:11","6","Information","Microsoft-Windows-FilterManager"
"18/03/2026 14:42:11","6","Information","Microsoft-Windows-FilterManager"
"18/03/2026 14:42:11","6","Information","Microsoft-Windows-FilterManager"
"18/03/2026 14:42:11","4096","Information","nipcibrd"
"18/03/2026 14:42:10","16","Information","Microsoft-Windows-HAL"
"18/03/2026 14:42:10","20","Information","Microsoft-Windows-Kernel-General"
"18/03/2026 14:42:10","30","Information","Microsoft-Windows-Kernel-Boot"
"18/03/2026 14:42:10","3","Information","Microsoft-Windows-IsolatedUserMode"
"18/03/2026 14:42:10","165","Information","Microsoft-Windows-Hyper-V-Hypervisor"
"18/03/2026 14:42:10","156","Information","Microsoft-Windows-Hyper-V-Hypervisor"
"18/03/2026 14:42:10","129","Information","Microsoft-Windows-Hyper-V-Hypervisor"
"18/03/2026 14:42:10","2","Information","Microsoft-Windows-Hyper-V-Hypervisor"
"18/03/2026 14:42:10","1","Information","Microsoft-Windows-Hyper-V-Hypervisor"
"18/03/2026 14:42:10","27","Information","Microsoft-Windows-Kernel-Boot"
"18/03/2026 14:42:10","25","Information","Microsoft-Windows-Kernel-Boot"
"18/03/2026 14:42:10","242","Information","Microsoft-Windows-Kernel-Boot"
"18/03/2026 14:42:10","272","Information","Microsoft-Windows-Kernel-Boot"
"18/03/2026 14:42:10","238","Information","Microsoft-Windows-Kernel-Boot"
"18/03/2026 14:42:10","247","Information","Microsoft-Windows-Kernel-Boot"
"18/03/2026 14:42:10","20","Information","Microsoft-Windows-Kernel-Boot"
"18/03/2026 14:42:10","32","Information","Microsoft-Windows-Kernel-Boot"
"18/03/2026 14:42:10","18","Information","Microsoft-Windows-Kernel-Boot"
"18/03/2026 14:42:10","153","Information","Microsoft-Windows-Kernel-Boot"
"18/03/2026 14:42:10","25","Information","Microsoft-Windows-Kernel-General"
"18/03/2026 14:42:10","12","Information","Microsoft-Windows-Kernel-General"
"18/03/2026 14:41:34","13","Information","Microsoft-Windows-Kernel-General"
"18/03/2026 14:41:34","577","Information","Microsoft-Windows-Kernel-Power"
"18/03/2026 14:41:29","109","Information","Microsoft-Windows-Kernel-Power"
"18/03/2026 14:41:28","4001","Information","Microsoft-Windows-WLAN-AutoConfig"
"18/03/2026 14:41:28","10002","Avertissement","Microsoft-Windows-WLAN-AutoConfig"
"18/03/2026 14:41:26","117","Information","Microsoft-Windows-HttpService"
"18/03/2026 14:42:26","6013","Information","EventLog"
"18/03/2026 14:42:26","6005","Information","EventLog"
"18/03/2026 14:42:26","6009","Information","EventLog"
"18/03/2026 14:41:26","114","Information","Microsoft-Windows-HttpService"
"18/03/2026 14:41:24","50037","Information","Microsoft-Windows-Dhcp-Client"
"18/03/2026 14:41:24","50106","Information","Microsoft-Windows-Dhcp-Client"
"18/03/2026 14:41:24","50105","Information","Microsoft-Windows-Dhcp-Client"
"18/03/2026 14:41:24","51057","Information","Microsoft-Windows-DHCPv6-Client"
"18/03/2026 14:41:24","51057","Information","Microsoft-Windows-DHCPv6-Client"
"18/03/2026 14:41:24","51057","Information","Microsoft-Windows-DHCPv6-Client"
"18/03/2026 14:41:24","51047","Information","Microsoft-Windows-DHCPv6-Client"
"18/03/2026 14:41:24","50104","Information","Microsoft-Windows-Dhcp-Client"
"18/03/2026 14:41:24","6006","Information","EventLog"
"18/03/2026 14:41:21","0","Information","Intel Connectivity Network Service"
"18/03/2026 14:41:21","2","Information","Microsoft-Windows-IsolatedUserMode"
"18/03/2026 14:41:20","0","Information","Intel Analytics Service"
"18/03/2026 14:41:20","16","Information","Intel Analytics Service"
"18/03/2026 14:41:20","16","Information","Intel Connectivity Network Service"
"18/03/2026 14:41:20","7002","Information","Microsoft-Windows-Winlogon"
"18/03/2026 14:41:15","100","Avertissement","winsrvext"
"18/03/2026 14:41:15","100","Avertissement","winsrvext"
"18/03/2026 14:41:15","100","Avertissement","winsrvext"
"18/03/2026 14:41:15","100","Avertissement","winsrvext"
"18/03/2026 14:41:15","100","Avertissement","winsrvext"
"18/03/2026 14:41:15","100","Avertissement","winsrvext"
"18/03/2026 14:41:15","100","Avertissement","winsrvext"
"18/03/2026 14:41:15","100","Avertissement","winsrvext"
"18/03/2026 14:41:15","100","Avertissement","winsrvext"
"18/03/2026 14:41:15","100","Avertissement","winsrvext"
"18/03/2026 14:41:13","100","Avertissement","winsrvext"
"18/03/2026 14:41:11","10010","Erreur","Microsoft-Windows-DistributedCOM"
"18/03/2026 14:41:04","1074","Information","User32"
"18/03/2026 14:13:59","7040","Information","Service Control Manager"
"18/03/2026 14:11:53","7040","Information","Service Control Manager"
"18/03/2026 13:53:34","7040","Information","Service Control Manager"
"18/03/2026 13:51:22","7040","Information","Service Control Manager"
"18/03/2026 13:42:53","7045","Information","Service Control Manager"
"18/03/2026 13:42:47","12","Information","Microsoft-Windows-UserModePowerService"
"18/03/2026 13:42:47","12","Information","Microsoft-Windows-UserModePowerService"
"18/03/2026 13:42:46","105","Information","Microsoft-Windows-Kernel-Power"
"18/03/2026 12:56:21","12","Information","Microsoft-Windows-UserModePowerService"
"18/03/2026 12:27:37","16","Information","Microsoft-Windows-Kernel-General"
"18/03/2026 12:00:00","6013","Information","EventLog"
"18/03/2026 11:53:37","19","Information","Microsoft-Windows-WindowsUpdateClient"
"18/03/2026 11:53:25","43","Information","Microsoft-Windows-WindowsUpdateClient"
"18/03/2026 11:53:25","44","Information","Microsoft-Windows-WindowsUpdateClient"
"18/03/2026 11:48:01","1","Information","Microsoft-Windows-Kernel-General"
"18/03/2026 11:48:01","21","Erreur","Microsoft-Windows-HAL"
"18/03/2026 11:48:01","20","Erreur","Microsoft-Windows-HAL"
"18/03/2026 11:48:01","24","Information","Microsoft-Windows-Kernel-General"
"18/03/2026 11:47:59","1808","Information","Microsoft-Windows-TPM-WMI"
"18/03/2026 11:47:11","114","Information","Microsoft-Windows-HttpService"
"18/03/2026 11:47:11","7040","Information","Service Control Manager"
"18/03/2026 11:46:05","4","Information","Virtual Disk Service"
"18/03/2026 11:46:04","3","Information","Virtual Disk Service"
"18/03/2026 11:45:06","10016","Avertissement","Microsoft-Windows-DistributedCOM"
"18/03/2026 11:45:04","0","Information","Intel Connectivity Network Service"
"18/03/2026 11:45:04","16","Information","Intel Connectivity Network Service"
"18/03/2026 11:45:04","0","Information","Intel Analytics Service"
"18/03/2026 11:45:04","16","Information","Intel Analytics Service"
"18/03/2026 11:44:59","113","Information","Microsoft-Windows-HttpService"
"18/03/2026 11:44:59","114","Information","Microsoft-Windows-HttpService"
"18/03/2026 11:44:55","113","Information","Microsoft-Windows-HttpService"
"18/03/2026 11:44:50","7040","Information","Service Control Manager"
"18/03/2026 11:44:43","1","Information","Microsoft-Windows-Kernel-General"
"18/03/2026 11:44:43","21","Erreur","Microsoft-Windows-HAL"
"18/03/2026 11:44:43","20","Erreur","Microsoft-Windows-HAL"
"18/03/2026 11:44:43","24","Information","Microsoft-Windows-Kernel-General"
"18/03/2026 11:44:16","10016","Avertissement","Microsoft-Windows-DistributedCOM"
"18/03/2026 11:44:00","37","Avertissement","Microsoft-Windows-Kernel-Processor-Power"
"18/03/2026 11:44:00","37","Avertissement","Microsoft-Windows-Kernel-Processor-Power"
"18/03/2026 11:44:00","37","Avertissement","Microsoft-Windows-Kernel-Processor-Power"
"18/03/2026 11:44:00","37","Avertissement","Microsoft-Windows-Kernel-Processor-Power"
"18/03/2026 11:44:00","37","Avertissement","Microsoft-Windows-Kernel-Processor-Power"
"18/03/2026 11:44:00","37","Avertissement","Microsoft-Windows-Kernel-Processor-Power"
"18/03/2026 11:44:00","37","Avertissement","Microsoft-Windows-Kernel-Processor-Power"
"18/03/2026 11:44:00","37","Avertissement","Microsoft-Windows-Kernel-Processor-Power"
"18/03/2026 11:44:00","37","Avertissement","Microsoft-Windows-Kernel-Processor-Power"
"18/03/2026 11:44:00","37","Avertissement","Microsoft-Windows-Kernel-Processor-Power"
"18/03/2026 11:43:40","6062","Avertissement","Netwtw14"
"18/03/2026 11:43:39","7021","Information","Netwtw14"
"18/03/2026 11:43:39","7045","Information","Service Control Manager"
"18/03/2026 11:43:33","10001","Information","Microsoft-Windows-WLAN-AutoConfig"
"18/03/2026 11:43:32","172","Information","Microsoft-Windows-Kernel-Power"
"18/03/2026 11:43:32","7017","Information","Netwtw14"
"18/03/2026 11:43:32","7010","Information","Netwtw14"
"18/03/2026 11:43:32","7002","Information","Netwtw14"
"18/03/2026 11:43:32","7005","Information","Netwtw14"
"18/03/2026 11:43:32","7006","Information","Netwtw14"
"18/03/2026 11:43:32","7027","Information","Netwtw14"
"18/03/2026 11:43:32","7029","Information","Netwtw14"
"18/03/2026 11:43:32","7036","Information","Netwtw14"
"18/03/2026 11:43:31","10002","Avertissement","Microsoft-Windows-WLAN-AutoConfig"
"18/03/2026 11:43:31","8000","Information","Netwtw14"
"18/03/2026 11:43:31","172","Information","Microsoft-Windows-Kernel-Power"
"18/03/2026 11:43:30","7021","Information","Netwtw14"
"18/03/2026 11:43:24","10001","Information","Microsoft-Windows-WLAN-AutoConfig"
"18/03/2026 11:43:24","172","Information","Microsoft-Windows-Kernel-Power"
"18/03/2026 11:43:24","7017","Information","Netwtw14"
"18/03/2026 11:43:23","7010","Information","Netwtw14"
"18/03/2026 11:43:23","7002","Information","Netwtw14"
"18/03/2026 11:43:23","7005","Information","Netwtw14"
"18/03/2026 11:43:23","7006","Information","Netwtw14"
"18/03/2026 11:43:23","16","Information","Microsoft-Windows-Kernel-General"
"18/03/2026 11:43:23","16","Information","Microsoft-Windows-Kernel-General"
"18/03/2026 11:43:22","7027","Information","Netwtw14"
"18/03/2026 11:43:22","7029","Information","Netwtw14"
"18/03/2026 11:43:22","7036","Information","Netwtw14"
"18/03/2026 11:43:22","16","Information","Microsoft-Windows-Kernel-General"
"18/03/2026 11:43:21","10002","Avertissement","Microsoft-Windows-WLAN-AutoConfig"
"18/03/2026 11:43:21","8000","Information","Netwtw14"
"18/03/2026 11:43:21","172","Information","Microsoft-Windows-Kernel-Power"
"18/03/2026 11:43:20","7021","Information","Netwtw14"
"18/03/2026 11:43:17","1046","Information","Microsoft-Windows-TPM-WMI"
"18/03/2026 11:43:14","113","Information","Microsoft-Windows-HttpService"
"18/03/2026 11:43:14","111","Information","Microsoft-Windows-HttpService"
"18/03/2026 11:43:14","7045","Information","Service Control Manager"
"18/03/2026 11:43:14","10001","Information","Microsoft-Windows-WLAN-AutoConfig"
"18/03/2026 11:43:13","172","Information","Microsoft-Windows-Kernel-Power"
"18/03/2026 11:43:13","7017","Information","Netwtw14"
"18/03/2026 11:43:13","7010","Information","Netwtw14"
"18/03/2026 11:43:13","7002","Information","Netwtw14"
"18/03/2026 11:43:13","7005","Information","Netwtw14"
"18/03/2026 11:43:13","7006","Information","Netwtw14"
"18/03/2026 11:43:13","12","Information","Microsoft-Windows-UserModePowerService"
"18/03/2026 11:43:13","7027","Information","Netwtw14"
"18/03/2026 11:43:13","7029","Information","Netwtw14"
"18/03/2026 11:43:13","7036","Information","Netwtw14"
"18/03/2026 11:43:12","12","Erreur","VBoxNetLwf"
"18/03/2026 11:43:12","521","Information","Microsoft-Windows-Kernel-Power"
"18/03/2026 11:43:12","105","Information","Microsoft-Windows-Kernel-Power"
"18/03/2026 11:43:12","521","Information","Microsoft-Windows-Kernel-Power"
"18/03/2026 11:43:12","10002","Avertissement","Microsoft-Windows-WLAN-AutoConfig"
"18/03/2026 11:43:12","8000","Information","Netwtw14"
"18/03/2026 11:43:12","172","Information","Microsoft-Windows-Kernel-Power"
"18/03/2026 11:43:12","1046","Information","Microsoft-Windows-TPM-WMI"
"18/03/2026 11:43:11","7021","Information","Netwtw14"
"18/03/2026 11:43:10","5","Information","ADIAmpDriver"
"18/03/2026 11:43:07","1025","Information","Microsoft-Windows-TPM-WMI"
"18/03/2026 11:43:08","18","Information","ErlSrv"
"18/03/2026 11:43:07","7021","Information","Netwtw14"
"18/03/2026 11:43:06","12","Information","Microsoft-Windows-UserModePowerService"
"18/03/2026 11:43:06","12","Information","Microsoft-Windows-UserModePowerService"
"18/03/2026 11:43:05","17","Information","ADIAmpDriver"
"18/03/2026 11:43:05","19","Information","ADIAmpDriver"
"18/03/2026 11:43:05","1282","Information","Microsoft-Windows-TPM-WMI"
"18/03/2026 11:43:04","12","Information","Microsoft-Windows-UserModePowerService"
"18/03/2026 11:43:04","12","Erreur","VBoxNetLwf"
"18/03/2026 11:43:03","18","Information","TPM"
"18/03/2026 11:43:03","12","Information","Microsoft-Windows-UserModePowerService"
"18/03/2026 11:43:03","1","Information","Microsoft-Windows-Configuration-Change-Monitor"
"18/03/2026 11:43:03","1","Information","Microsoft-Windows-Configuration-Change-Monitor"
"18/03/2026 11:43:02","1","Information","Microsoft-Windows-Configuration-Change-Monitor"
"18/03/2026 11:43:02","12","Information","Microsoft-Windows-UserModePowerService"
"18/03/2026 11:43:01","10016","Avertissement","Microsoft-Windows-DistributedCOM"
"18/03/2026 11:43:01","10016","Avertissement","Microsoft-Windows-DistributedCOM"
"18/03/2026 11:43:01","10001","Information","Microsoft-Windows-WLAN-AutoConfig"
"18/03/2026 11:43:00","4000","Information","Microsoft-Windows-WLAN-AutoConfig"
"18/03/2026 11:42:59","9","Information","ADIAmpDriver"
"18/03/2026 11:42:59","4","Information","ADIAmpDriver"
"18/03/2026 11:42:59","7","Information","ADIAmpDriver"
"18/03/2026 11:42:59","12","Information","Microsoft-Windows-UserModePowerService"
"18/03/2026 11:42:58","12","Information","Microsoft-Windows-UserModePowerService"
"18/03/2026 11:42:58","7009","Erreur","Service Control Manager"
"18/03/2026 11:42:58","1","Information","Microsoft-Windows-IsolatedUserMode"
"18/03/2026 11:42:58","5","Information","Microsoft-Windows-IsolatedUserMode"
"18/03/2026 11:42:57","112","Information","Microsoft-Windows-HttpService"
"18/03/2026 11:42:57","112","Information","Microsoft-Windows-HttpService"
"18/03/2026 11:42:57","112","Information","Microsoft-Windows-HttpService"
"18/03/2026 11:42:57","112","Information","Microsoft-Windows-HttpService"
"18/03/2026 11:42:57","112","Information","Microsoft-Windows-HttpService"
"18/03/2026 11:42:57","112","Information","Microsoft-Windows-HttpService"
"18/03/2026 11:42:57","112","Information","Microsoft-Windows-HttpService"
"18/03/2026 11:42:57","112","Information","Microsoft-Windows-HttpService"
"18/03/2026 11:42:57","112","Information","Microsoft-Windows-HttpService"
"18/03/2026 11:42:57","112","Information","Microsoft-Windows-HttpService"
"18/03/2026 11:42:57","112","Information","Microsoft-Windows-HttpService"
"18/03/2026 11:42:57","112","Information","Microsoft-Windows-HttpService"
"18/03/2026 11:42:57","112","Information","Microsoft-Windows-HttpService"
"18/03/2026 11:42:57","1038","Information","Microsoft-Windows-TPM-WMI"
"18/03/2026 11:42:57","1041","Information","Microsoft-Windows-TPM-WMI"
"18/03/2026 11:42:57","277","Information","Microsoft-Windows-Hyper-V-VmSwitch"
"18/03/2026 11:42:57","267","Information","Win32k"
"18/03/2026 11:42:57","267","Information","Win32k"
"18/03/2026 11:42:57","7001","Information","Microsoft-Windows-Winlogon"
"18/03/2026 11:42:57","6","Information","Microsoft-Windows-FilterManager"
"18/03/2026 11:42:57","6","Information","Microsoft-Windows-FilterManager"
"18/03/2026 11:42:57","6","Information","Microsoft-Windows-FilterManager"
"18/03/2026 11:42:57","6","Information","Microsoft-Windows-FilterManager"
"18/03/2026 11:42:57","1","Information","Microsoft-Windows-FilterManager"
"18/03/2026 11:42:57","6","Information","Microsoft-Windows-FilterManager"
"18/03/2026 11:42:57","6","Information","Microsoft-Windows-FilterManager"
"18/03/2026 11:42:57","6","Information","Microsoft-Windows-FilterManager"
"18/03/2026 11:42:57","6","Information","Microsoft-Windows-FilterManager"
"18/03/2026 11:42:57","5","Information","ADIAmpDriver"
"18/03/2026 11:42:57","51046","Information","Microsoft-Windows-DHCPv6-Client"
"18/03/2026 11:42:57","50036","Information","Microsoft-Windows-Dhcp-Client"
"18/03/2026 11:42:57","50103","Information","Microsoft-Windows-Dhcp-Client"
"18/03/2026 11:42:57","50036","Information","Microsoft-Windows-Dhcp-Client"
"18/03/2026 11:42:56","16983","Information","Microsoft-Windows-Directory-Services-SAM"
"18/03/2026 11:42:56","16977","Information","Microsoft-Windows-Directory-Services-SAM"
"18/03/2026 11:42:56","16962","Information","Microsoft-Windows-Directory-Services-SAM"
"18/03/2026 11:42:56","5","Information","Microsoft-Windows-IsolatedUserMode"
"18/03/2026 11:42:56","6156","Information","LsaSrv"
"18/03/2026 11:42:56","12","Information","Microsoft-Windows-Wininit"
"18/03/2026 11:42:56","18","Information","Microsoft-Windows-Wininit"
"18/03/2026 11:42:56","1","Information","Microsoft-Windows-IsolatedUserMode"
"18/03/2026 11:42:56","5","Information","Microsoft-Windows-IsolatedUserMode"
"18/03/2026 11:42:56","14","Information","Microsoft-Windows-Wininit"
"18/03/2026 11:42:56","23","Information","Microsoft-Windows-Wininit"
"18/03/2026 11:42:56","25","Information","Microsoft-Windows-Wininit"
"18/03/2026 11:42:56","24","Information","Microsoft-Windows-Wininit"
"18/03/2026 11:42:56","19","Information","Microsoft-Windows-Wininit"
"18/03/2026 11:42:56","21","Information","Microsoft-Windows-Wininit"
"18/03/2026 11:42:55","98","Information","Microsoft-Windows-Ntfs"
"18/03/2026 11:42:55","98","Information","Microsoft-Windows-Ntfs"
"18/03/2026 11:42:55","219","Avertissement","Microsoft-Windows-Kernel-PnP"
"18/03/2026 11:42:55","10118","Information","Microsoft-Windows-DriverFrameworks-UserMode"
"18/03/2026 11:42:54","18","Information","BTHUSB"
"18/03/2026 11:42:53","21","Information","ADIAmpDriver"
"18/03/2026 11:42:53","219","Avertissement","Microsoft-Windows-Kernel-PnP"
"18/03/2026 11:42:53","10118","Information","Microsoft-Windows-DriverFrameworks-UserMode"
"18/03/2026 11:42:52","219","Avertissement","Microsoft-Windows-Kernel-PnP"
"18/03/2026 11:42:52","10118","Information","Microsoft-Windows-DriverFrameworks-UserMode"
"18/03/2026 11:42:52","28","Information","Intel-SST-OED"
"18/03/2026 11:42:52","28","Information","Intel-SST-OED"
"18/03/2026 11:42:52","28","Information","Intel-SST-OED"
"18/03/2026 11:42:52","28","Information","Intel-SST-OED"
"18/03/2026 11:42:52","4","Information","ADIAmpDriver"
"18/03/2026 11:42:52","26","Information","ADIAmpDriver"
"18/03/2026 11:42:52","7017","Information","Netwtw14"
"18/03/2026 11:42:51","7010","Information","Netwtw14"
"18/03/2026 11:42:51","7002","Information","Netwtw14"
"18/03/2026 11:42:51","7005","Information","Netwtw14"
"18/03/2026 11:42:51","7006","Information","Netwtw14"
"18/03/2026 11:42:51","7027","Information","Netwtw14"
"18/03/2026 11:42:51","7029","Information","Netwtw14"
"18/03/2026 11:42:51","7036","Information","Netwtw14"
"18/03/2026 11:42:51","4096","Information","nipcibrd"
"18/03/2026 11:42:51","4096","Information","nipcibrd"
"18/03/2026 11:42:49","12","Erreur","VBoxNetLwf"
"18/03/2026 11:42:49","55","Information","Microsoft-Windows-Kernel-Processor-Power"
"18/03/2026 11:42:49","55","Information","Microsoft-Windows-Kernel-Processor-Power"
"18/03/2026 11:42:49","55","Information","Microsoft-Windows-Kernel-Processor-Power"
"18/03/2026 11:42:49","55","Information","Microsoft-Windows-Kernel-Processor-Power"
"18/03/2026 11:42:49","55","Information","Microsoft-Windows-Kernel-Processor-Power"
"18/03/2026 11:42:49","55","Information","Microsoft-Windows-Kernel-Processor-Power"
"18/03/2026 11:42:49","55","Information","Microsoft-Windows-Kernel-Processor-Power"
"18/03/2026 11:42:49","55","Information","Microsoft-Windows-Kernel-Processor-Power"
"18/03/2026 11:42:49","55","Information","Microsoft-Windows-Kernel-Processor-Power"
"18/03/2026 11:42:49","55","Information","Microsoft-Windows-Kernel-Processor-Power"
"18/03/2026 11:42:49","55","Information","Microsoft-Windows-Kernel-Processor-Power"
"18/03/2026 11:42:49","55","Information","Microsoft-Windows-Kernel-Processor-Power"
"18/03/2026 11:42:49","55","Information","Microsoft-Windows-Kernel-Processor-Power"
"18/03/2026 11:42:49","55","Information","Microsoft-Windows-Kernel-Processor-Power"
"18/03/2026 11:42:49","2","Information","MEIx64"
"18/03/2026 11:42:49","55","Information","Microsoft-Windows-Kernel-Processor-Power"
"18/03/2026 11:42:49","55","Information","Microsoft-Windows-Kernel-Processor-Power"
"18/03/2026 11:42:49","55","Information","Microsoft-Windows-Kernel-Processor-Power"
"18/03/2026 11:42:49","55","Information","Microsoft-Windows-Kernel-Processor-Power"
"18/03/2026 11:42:49","55","Information","Microsoft-Windows-Kernel-Processor-Power"
"18/03/2026 11:42:49","55","Information","Microsoft-Windows-Kernel-Processor-Power"
"18/03/2026 11:42:49","55","Information","Microsoft-Windows-Kernel-Processor-Power"
"18/03/2026 11:42:49","55","Information","Microsoft-Windows-Kernel-Processor-Power"
"18/03/2026 11:42:48","219","Avertissement","Microsoft-Windows-Kernel-PnP"
"18/03/2026 11:42:48","10118","Information","Microsoft-Windows-DriverFrameworks-UserMode"
"18/03/2026 11:42:48","24","Information","Microsoft-Windows-Kernel-General"
"18/03/2026 11:42:46","125","Information","Microsoft-Windows-Kernel-Power"
"18/03/2026 11:42:46","125","Information","Microsoft-Windows-Kernel-Power"
"18/03/2026 11:42:46","6","Information","Microsoft-Windows-FilterManager"
"18/03/2026 11:42:46","7036","Information","VfpExt"
"18/03/2026 11:42:46","7036","Information","VfpExt"
"18/03/2026 11:42:46","6","Information","Microsoft-Windows-FilterManager"
"18/03/2026 11:42:46","6","Information","Microsoft-Windows-FilterManager"
"18/03/2026 11:42:46","98","Information","Microsoft-Windows-Ntfs"
"18/03/2026 11:42:44","6","Information","Microsoft-Windows-FilterManager"
"18/03/2026 11:42:44","6","Information","Microsoft-Windows-FilterManager"
"18/03/2026 11:42:44","6","Information","Microsoft-Windows-FilterManager"
"18/03/2026 11:42:44","6","Information","Microsoft-Windows-FilterManager"
"18/03/2026 11:42:44","4096","Information","nipcibrd"
"18/03/2026 11:42:43","16","Information","Microsoft-Windows-HAL"
"18/03/2026 11:42:43","20","Information","Microsoft-Windows-Kernel-General"
"18/03/2026 11:42:43","30","Information","Microsoft-Windows-Kernel-Boot"
"18/03/2026 11:42:43","3","Information","Microsoft-Windows-IsolatedUserMode"
"18/03/2026 11:42:43","165","Information","Microsoft-Windows-Hyper-V-Hypervisor"
"18/03/2026 11:42:43","156","Information","Microsoft-Windows-Hyper-V-Hypervisor"
"18/03/2026 11:42:43","129","Information","Microsoft-Windows-Hyper-V-Hypervisor"
"18/03/2026 11:42:43","2","Information","Microsoft-Windows-Hyper-V-Hypervisor"
"18/03/2026 11:42:43","1","Information","Microsoft-Windows-Hyper-V-Hypervisor"
"18/03/2026 11:42:43","27","Information","Microsoft-Windows-Kernel-Boot"
"18/03/2026 11:42:43","25","Information","Microsoft-Windows-Kernel-Boot"
"18/03/2026 11:42:43","242","Information","Microsoft-Windows-Kernel-Boot"
"18/03/2026 11:42:43","272","Information","Microsoft-Windows-Kernel-Boot"
"18/03/2026 11:42:43","238","Information","Microsoft-Windows-Kernel-Boot"
"18/03/2026 11:42:43","247","Information","Microsoft-Windows-Kernel-Boot"
"18/03/2026 11:42:43","20","Information","Microsoft-Windows-Kernel-Boot"
"18/03/2026 11:42:43","32","Information","Microsoft-Windows-Kernel-Boot"
"18/03/2026 11:42:43","18","Information","Microsoft-Windows-Kernel-Boot"
"18/03/2026 11:42:43","153","Information","Microsoft-Windows-Kernel-Boot"
"18/03/2026 11:42:43","25","Information","Microsoft-Windows-Kernel-General"
"18/03/2026 11:42:43","12","Information","Microsoft-Windows-Kernel-General"
"18/03/2026 11:42:25","13","Information","Microsoft-Windows-Kernel-General"
"18/03/2026 11:42:25","577","Information","Microsoft-Windows-Kernel-Power"
"18/03/2026 11:42:22","109","Information","Microsoft-Windows-Kernel-Power"
"18/03/2026 11:42:19","4001","Information","Microsoft-Windows-WLAN-AutoConfig"
"18/03/2026 11:42:19","10002","Avertissement","Microsoft-Windows-WLAN-AutoConfig"
"18/03/2026 11:42:19","117","Information","Microsoft-Windows-HttpService"
"18/03/2026 11:42:19","114","Information","Microsoft-Windows-HttpService"
"18/03/2026 11:42:57","6013","Information","EventLog"
"18/03/2026 11:42:57","6005","Information","EventLog"
"18/03/2026 11:42:57","6009","Information","EventLog"
"18/03/2026 11:42:17","50037","Information","Microsoft-Windows-Dhcp-Client"
"18/03/2026 11:42:17","50106","Information","Microsoft-Windows-Dhcp-Client"
"18/03/2026 11:42:17","51057","Information","Microsoft-Windows-DHCPv6-Client"
"18/03/2026 11:42:17","51057","Information","Microsoft-Windows-DHCPv6-Client"
"18/03/2026 11:42:17","51047","Information","Microsoft-Windows-DHCPv6-Client"
"18/03/2026 11:42:17","50105","Information","Microsoft-Windows-Dhcp-Client"
"18/03/2026 11:42:17","50104","Information","Microsoft-Windows-Dhcp-Client"
"18/03/2026 11:42:17","6006","Information","EventLog"
"18/03/2026 11:42:15","0","Information","Intel Connectivity Network Service"
"18/03/2026 11:42:14","2","Information","Microsoft-Windows-IsolatedUserMode"
"18/03/2026 11:42:14","0","Information","Intel Analytics Service"
"18/03/2026 11:42:14","16","Information","Intel Connectivity Network Service"
"18/03/2026 11:42:14","16","Information","Intel Analytics Service"
"18/03/2026 11:42:14","7002","Information","Microsoft-Windows-Winlogon"
"18/03/2026 11:42:10","2","Information","Microsoft-Windows-IsolatedUserMode"
"18/03/2026 11:42:10","10010","Erreur","Microsoft-Windows-DistributedCOM"
"18/03/2026 11:42:10","1074","Information","User32"
"18/03/2026 11:40:58","16","Information","Microsoft-Windows-Kernel-General"
"18/03/2026 11:40:27","387",,"IntcOED"
"18/03/2026 11:20:24","15","Information","Microsoft-Windows-Kernel-General"
"18/03/2026 10:22:49","19","Information","Microsoft-Windows-WindowsUpdateClient"
"18/03/2026 10:22:34","43","Information","Microsoft-Windows-WindowsUpdateClient"
"18/03/2026 10:22:34","44","Information","Microsoft-Windows-WindowsUpdateClient"
"18/03/2026 07:58:34","114","Information","Microsoft-Windows-HttpService"
"18/03/2026 07:58:34","7040","Information","Service Control Manager"
"18/03/2026 07:57:07","1","Information","Microsoft-Windows-Kernel-General"
"18/03/2026 07:57:07","21","Erreur","Microsoft-Windows-HAL"
"18/03/2026 07:57:07","20","Erreur","Microsoft-Windows-HAL"
"18/03/2026 07:57:07","24","Information","Microsoft-Windows-Kernel-General"
"18/03/2026 07:56:21","113","Information","Microsoft-Windows-HttpService"
"18/03/2026 07:56:21","114","Information","Microsoft-Windows-HttpService"
"18/03/2026 07:56:20","113","Information","Microsoft-Windows-HttpService"
"18/03/2026 07:56:20","114","Information","Microsoft-Windows-HttpService"
"18/03/2026 07:56:14","113","Information","Microsoft-Windows-HttpService"
"18/03/2026 07:56:14","114","Information","Microsoft-Windows-HttpService"
"18/03/2026 07:56:14","113","Information","Microsoft-Windows-HttpService"
"18/03/2026 07:56:05","12","Information","Microsoft-Windows-UserModePowerService"
"18/03/2026 07:56:04","12","Information","Microsoft-Windows-UserModePowerService"
"18/03/2026 07:56:04","6062","Avertissement","Netwtw14"
"18/03/2026 07:56:02","12","Information","Microsoft-Windows-UserModePowerService"
"18/03/2026 07:56:02","12","Information","Microsoft-Windows-UserModePowerService"
"18/03/2026 07:56:01","12","Information","Microsoft-Windows-UserModePowerService"
"18/03/2026 07:56:00","7021","Information","Netwtw14"
"18/03/2026 07:55:59","566","Information","Microsoft-Windows-Kernel-Power"
"18/03/2026 07:55:59","507","Information","Microsoft-Windows-Kernel-Power"
"18/03/2026 07:55:58","18","Information","BTHUSB"
"18/03/2026 07:55:58","172","Information","Microsoft-Windows-Kernel-Power"
"18/03/2026 07:55:58","701","Avertissement","Win32k"
"18/03/2026 07:55:58","701","Avertissement","Win32k"
"18/03/2026 04:32:04","10010","Erreur","Microsoft-Windows-DistributedCOM"
"18/03/2026 04:29:59","10010","Erreur","Microsoft-Windows-DistributedCOM"
"18/03/2026 04:27:59","18","Information","BTHUSB"
"18/03/2026 04:27:59","172","Information","Microsoft-Windows-Kernel-Power"
"18/03/2026 04:27:52","114","Information","Microsoft-Windows-HttpService"
"18/03/2026 04:27:52","566","Information","Microsoft-Windows-Kernel-Power"
"18/03/2026 04:27:51","12","Information","Microsoft-Windows-UserModePowerService"
"18/03/2026 04:27:50","113","Information","Microsoft-Windows-HttpService"
"18/03/2026 04:27:50","114","Information","Microsoft-Windows-HttpService"
"18/03/2026 04:27:50","113","Information","Microsoft-Windows-HttpService"
"18/03/2026 04:27:46","506","Information","Microsoft-Windows-Kernel-Power"
"18/03/2026 04:27:46","566","Information","Microsoft-Windows-Kernel-Power"
"18/03/2026 04:27:46","507","Information","Microsoft-Windows-Kernel-Power"
"18/03/2026 04:17:13","566","Information","Microsoft-Windows-Kernel-Power"
"18/03/2026 04:17:12","12","Information","Microsoft-Windows-UserModePowerService"
"18/03/2026 04:17:08","7040","Information","Service Control Manager"
"18/03/2026 04:17:08","12","Information","Microsoft-Windows-UserModePowerService"
"18/03/2026 04:17:06","506","Information","Microsoft-Windows-Kernel-Power"
"18/03/2026 04:17:06","566","Information","Microsoft-Windows-Kernel-Power"
"18/03/2026 04:17:06","507","Information","Microsoft-Windows-Kernel-Power"
"18/03/2026 04:17:06","105","Information","Microsoft-Windows-Kernel-Power"
"18/03/2026 04:05:35","10010","Erreur","Microsoft-Windows-DistributedCOM"
"18/03/2026 04:02:52","10010","Erreur","Microsoft-Windows-DistributedCOM"
"18/03/2026 03:58:27","10010","Erreur","Microsoft-Windows-DistributedCOM"
"18/03/2026 03:20:25","566","Information","Microsoft-Windows-Kernel-Power"
"18/03/2026 03:20:14","12","Information","Microsoft-Windows-UserModePowerService"
"18/03/2026 03:19:33","506","Information","Microsoft-Windows-Kernel-Power"
"18/03/2026 03:19:33","566","Information","Microsoft-Windows-Kernel-Power"
"18/03/2026 03:19:33","507","Information","Microsoft-Windows-Kernel-Power"
"18/03/2026 02:38:44","7000","Erreur","Service Control Manager"
"18/03/2026 02:38:44","7009","Erreur","Service Control Manager"
"18/03/2026 01:51:36","12","Information","Microsoft-Windows-UserModePowerService"
"18/03/2026 01:51:29","566","Information","Microsoft-Windows-Kernel-Power"
"18/03/2026 01:49:32","7040","Information","Service Control Manager"
"18/03/2026 01:47:10","7040","Information","Service Control Manager"
"18/03/2026 01:47:08","506","Information","Microsoft-Windows-Kernel-Power"
"18/03/2026 01:47:08","566","Information","Microsoft-Windows-Kernel-Power"
"18/03/2026 01:47:08","507","Information","Microsoft-Windows-Kernel-Power"
"18/03/2026 01:32:49","7000","Erreur","Service Control Manager"
"18/03/2026 01:32:49","7009","Erreur","Service Control Manager"
"18/03/2026 00:45:48","12","Information","Microsoft-Windows-UserModePowerService"
"18/03/2026 00:45:40","566","Information","Microsoft-Windows-Kernel-Power"
"18/03/2026 00:40:39","12","Information","Microsoft-Windows-UserModePowerService"
"18/03/2026 00:40:39","506","Information","Microsoft-Windows-Kernel-Power"
"18/03/2026 00:40:39","566","Information","Microsoft-Windows-Kernel-Power"
"18/03/2026 00:40:39","507","Information","Microsoft-Windows-Kernel-Power"
"18/03/2026 00:40:39","566","Information","Microsoft-Windows-Kernel-Power"
"18/03/2026 00:36:37","11","Information","Microsoft-Windows-Kernel-General"
"18/03/2026 00:36:35","11","Information","Microsoft-Windows-Kernel-General"
"18/03/2026 00:36:35","11","Information","Microsoft-Windows-Kernel-General"
"18/03/2026 00:36:32","98","Information","Microsoft-Windows-Ntfs"
"18/03/2026 00:35:36","506","Information","Microsoft-Windows-Kernel-Power"
"18/03/2026 00:35:36","566","Information","Microsoft-Windows-Kernel-Power"
"18/03/2026 00:35:36","507","Information","Microsoft-Windows-Kernel-Power"
"18/03/2026 00:35:36","566","Information","Microsoft-Windows-Kernel-Power"
"18/03/2026 00:35:36","12","Information","Microsoft-Windows-UserModePowerService"
"18/03/2026 00:31:28","1","Information","Microsoft-Windows-Kernel-General"
"18/03/2026 00:31:28","21","Erreur","Microsoft-Windows-HAL"
"18/03/2026 00:31:28","20","Erreur","Microsoft-Windows-HAL"
"18/03/2026 00:31:28","24","Information","Microsoft-Windows-Kernel-General"
"18/03/2026 00:31:28","35","Information","Microsoft-Windows-Time-Service"
"18/03/2026 00:31:28","37","Information","Microsoft-Windows-Time-Service"
"18/03/2026 00:17:16","36","Erreur","Volsnap"
"18/03/2026 00:08:49","506","Information","Microsoft-Windows-Kernel-Power"
"18/03/2026 00:08:49","566","Information","Microsoft-Windows-Kernel-Power"
"18/03/2026 00:08:49","507","Information","Microsoft-Windows-Kernel-Power"
"17/03/2026 23:32:48","7000","Erreur","Service Control Manager"
"17/03/2026 23:32:48","7009","Erreur","Service Control Manager"
"17/03/2026 23:07:18","12","Information","Microsoft-Windows-UserModePowerService"
"17/03/2026 23:07:18","566","Information","Microsoft-Windows-Kernel-Power"
"17/03/2026 23:07:17","12","Information","Microsoft-Windows-UserModePowerService"
"17/03/2026 23:07:17","506","Information","Microsoft-Windows-Kernel-Power"
"17/03/2026 23:07:17","566","Information","Microsoft-Windows-Kernel-Power"
"17/03/2026 23:07:17","700","Avertissement","Win32k"
"17/03/2026 23:07:17","700","Avertissement","Win32k"
"17/03/2026 22:45:46","7040","Information","Service Control Manager"
"17/03/2026 22:43:41","7040","Information","Service Control Manager"
"17/03/2026 22:35:36","114","Information","Microsoft-Windows-HttpService"
"17/03/2026 22:35:36","7040","Information","Service Control Manager"
"17/03/2026 22:33:21","113","Information","Microsoft-Windows-HttpService"
"17/03/2026 22:33:21","114","Information","Microsoft-Windows-HttpService"
"17/03/2026 22:33:17","113","Information","Microsoft-Windows-HttpService"
"17/03/2026 22:33:12","7040","Information","Service Control Manager"
"17/03/2026 22:05:08","19","Information","Microsoft-Windows-WindowsUpdateClient"
"17/03/2026 22:05:00","43","Information","Microsoft-Windows-WindowsUpdateClient"
"17/03/2026 22:05:00","44","Information","Microsoft-Windows-WindowsUpdateClient"
"17/03/2026 21:22:40","10016","Avertissement","Microsoft-Windows-DistributedCOM"
"17/03/2026 21:22:30","5","Information","Microsoft-Windows-IsolatedUserMode"
"17/03/2026 21:22:30","2","Information","Microsoft-Windows-IsolatedUserMode"
"17/03/2026 21:16:41","16","Information","Microsoft-Windows-Kernel-General"
"17/03/2026 21:13:41","12","Information","Microsoft-Windows-UserModePowerService"
"17/03/2026 21:13:40","12","Information","Microsoft-Windows-UserModePowerService"
"17/03/2026 21:13:40","105","Information","Microsoft-Windows-Kernel-Power"
"17/03/2026 21:01:40","10016","Avertissement","Microsoft-Windows-DistributedCOM"
"17/03/2026 21:01:30","5","Information","Microsoft-Windows-IsolatedUserMode"
"17/03/2026 21:01:30","2","Information","Microsoft-Windows-IsolatedUserMode"
"17/03/2026 20:54:33","10016","Avertissement","Microsoft-Windows-DistributedCOM"
"17/03/2026 20:15:50","10016","Avertissement","Microsoft-Windows-DistributedCOM"
"17/03/2026 20:15:35","5","Information","Microsoft-Windows-IsolatedUserMode"
"17/03/2026 20:15:34","2","Information","Microsoft-Windows-IsolatedUserMode"
"17/03/2026 20:13:17","12","Information","Microsoft-Windows-UserModePowerService"
"17/03/2026 19:47:19","10016","Avertissement","Microsoft-Windows-DistributedCOM"
"17/03/2026 19:46:43","5","Information","Microsoft-Windows-IsolatedUserMode"
"17/03/2026 19:46:43","2","Information","Microsoft-Windows-IsolatedUserMode"
"17/03/2026 19:06:25","7040","Information","Service Control Manager"
"17/03/2026 19:04:20","7040","Information","Service Control Manager"
"17/03/2026 18:52:31","10016","Avertissement","Microsoft-Windows-DistributedCOM"
"17/03/2026 18:52:24","5","Information","Microsoft-Windows-IsolatedUserMode"
"17/03/2026 18:28:31","12","Information","Microsoft-Windows-UserModePowerService"
"17/03/2026 18:28:31","105","Information","Microsoft-Windows-Kernel-Power"
"17/03/2026 17:55:05","12","Information","Microsoft-Windows-UserModePowerService"
"17/03/2026 17:55:04","12","Information","Microsoft-Windows-UserModePowerService"
"17/03/2026 17:55:04","105","Information","Microsoft-Windows-Kernel-Power"
"17/03/2026 17:54:45","12","Information","Microsoft-Windows-UserModePowerService"
"17/03/2026 17:35:46","114","Information","Microsoft-Windows-HttpService"
"17/03/2026 17:35:46","7040","Information","Service Control Manager"
"17/03/2026 17:33:42","113","Information","Microsoft-Windows-HttpService"
"17/03/2026 17:33:42","114","Information","Microsoft-Windows-HttpService"
"17/03/2026 17:33:42","113","Information","Microsoft-Windows-HttpService"
"17/03/2026 17:33:42","114","Information","Microsoft-Windows-HttpService"
"17/03/2026 17:33:37","113","Information","Microsoft-Windows-HttpService"
"17/03/2026 17:33:37","114","Information","Microsoft-Windows-HttpService"
"17/03/2026 17:33:37","113","Information","Microsoft-Windows-HttpService"
"17/03/2026 17:33:37","114","Information","Microsoft-Windows-HttpService"
"17/03/2026 17:33:21","113","Information","Microsoft-Windows-HttpService"
"17/03/2026 17:33:21","114","Information","Microsoft-Windows-HttpService"
"17/03/2026 17:33:17","113","Information","Microsoft-Windows-HttpService"
"17/03/2026 17:33:12","7040","Information","Service Control Manager"
"17/03/2026 17:04:19","10016","Avertissement","Microsoft-Windows-DistributedCOM"
"17/03/2026 16:33:52","158","Information","Microsoft-Windows-Time-Service"
"17/03/2026 16:16:48","158","Information","Microsoft-Windows-Time-Service"
"17/03/2026 16:06:00","12","Information","Microsoft-Windows-UserModePowerService"
"17/03/2026 16:05:59","105","Information","Microsoft-Windows-Kernel-Power"
"17/03/2026 15:59:44","158","Information","Microsoft-Windows-Time-Service"
"17/03/2026 15:53:30","19","Information","Microsoft-Windows-WindowsUpdateClient"
"17/03/2026 15:53:28","43","Information","Microsoft-Windows-WindowsUpdateClient"
"17/03/2026 15:53:27","16","Information","Microsoft-Windows-Kernel-General"
"17/03/2026 15:53:25","19","Information","Microsoft-Windows-WindowsUpdateClient"
"17/03/2026 15:53:22","19","Information","Microsoft-Windows-WindowsUpdateClient"
"17/03/2026 15:53:22","43","Information","Microsoft-Windows-WindowsUpdateClient"
"17/03/2026 15:53:20","16","Information","Microsoft-Windows-Kernel-General"
"17/03/2026 15:53:19","43","Information","Microsoft-Windows-WindowsUpdateClient"
"17/03/2026 15:53:18","16","Information","Microsoft-Windows-Kernel-General"
"17/03/2026 15:53:12","44","Information","Microsoft-Windows-WindowsUpdateClient"
"17/03/2026 15:53:04","19","Information","Microsoft-Windows-WindowsUpdateClient"
"17/03/2026 15:53:04","44","Information","Microsoft-Windows-WindowsUpdateClient"
"17/03/2026 15:52:59","19","Information","Microsoft-Windows-WindowsUpdateClient"
"17/03/2026 15:52:59","44","Information","Microsoft-Windows-WindowsUpdateClient"
"17/03/2026 15:52:55","19","Information","Microsoft-Windows-WindowsUpdateClient"
"17/03/2026 15:52:55","44","Information","Microsoft-Windows-WindowsUpdateClient"
"17/03/2026 15:52:53","19","Information","Microsoft-Windows-WindowsUpdateClient"
"17/03/2026 15:52:53","44","Information","Microsoft-Windows-WindowsUpdateClient"
"17/03/2026 15:52:51","44","Information","Microsoft-Windows-WindowsUpdateClient"
"17/03/2026 15:52:46","20","Erreur","Microsoft-Windows-WindowsUpdateClient"
"17/03/2026 15:52:46","43","Information","Microsoft-Windows-WindowsUpdateClient"
"17/03/2026 15:52:40","44","Information","Microsoft-Windows-WindowsUpdateClient"
"17/03/2026 15:52:40","44","Information","Microsoft-Windows-WindowsUpdateClient"
"17/03/2026 15:52:39","6062","Avertissement","Netwtw14"
"17/03/2026 15:52:36","7021","Information","Netwtw14"
"17/03/2026 15:52:30","7045","Information","Service Control Manager"
"17/03/2026 15:52:30","19","Information","Microsoft-Windows-WindowsUpdateClient"
"17/03/2026 15:52:30","10001","Information","Microsoft-Windows-WLAN-AutoConfig"
"17/03/2026 15:52:30","172","Information","Microsoft-Windows-Kernel-Power"
"17/03/2026 15:52:30","7017","Information","Netwtw14"
"17/03/2026 15:52:30","7010","Information","Netwtw14"
"17/03/2026 15:52:30","7002","Information","Netwtw14"
"17/03/2026 15:52:30","7005","Information","Netwtw14"
"17/03/2026 15:52:30","7006","Information","Netwtw14"
"17/03/2026 15:52:29","7027","Information","Netwtw14"
"17/03/2026 15:52:29","7029","Information","Netwtw14"
"17/03/2026 15:52:29","7036","Information","Netwtw14"
"17/03/2026 15:52:29","10002","Avertissement","Microsoft-Windows-WLAN-AutoConfig"
"17/03/2026 15:52:29","8000","Information","Netwtw14"
"17/03/2026 15:52:29","172","Information","Microsoft-Windows-Kernel-Power"
"17/03/2026 15:52:25","43","Information","Microsoft-Windows-WindowsUpdateClient"
"17/03/2026 15:52:25","19","Information","Microsoft-Windows-WindowsUpdateClient"
"17/03/2026 15:52:25","44","Information","Microsoft-Windows-WindowsUpdateClient"
"17/03/2026 15:52:25","7045","Information","Service Control Manager"
"17/03/2026 15:52:24","43","Information","Microsoft-Windows-WindowsUpdateClient"
"17/03/2026 15:42:40","158","Information","Microsoft-Windows-Time-Service"
"17/03/2026 15:29:09","7040","Information","Service Control Manager"
"17/03/2026 15:27:05","7040","Information","Service Control Manager"
"17/03/2026 15:25:20","37","Information","Microsoft-Windows-Time-Service"
"17/03/2026 15:25:20","158","Information","Microsoft-Windows-Time-Service"
"17/03/2026 15:23:59","16","Information","Microsoft-Windows-Kernel-General"
"17/03/2026 15:07:57","12","Information","Microsoft-Windows-UserModePowerService"
"17/03/2026 15:07:56","12","Information","Microsoft-Windows-UserModePowerService"
"17/03/2026 15:07:56","105","Information","Microsoft-Windows-Kernel-Power"
"17/03/2026 14:36:50","12","Information","Microsoft-Windows-UserModePowerService"
"17/03/2026 14:36:48","12","Information","Microsoft-Windows-UserModePowerService"
"17/03/2026 14:36:45","105","Information","Microsoft-Windows-Kernel-Power"
"17/03/2026 14:30:56","44","Information","Microsoft-Windows-WindowsUpdateClient"
"17/03/2026 14:30:56","44","Information","Microsoft-Windows-WindowsUpdateClient"
"17/03/2026 14:25:51","12","Information","Microsoft-Windows-UserModePowerService"
"17/03/2026 14:25:50","12","Information","Microsoft-Windows-UserModePowerService"
"17/03/2026 14:25:49","105","Information","Microsoft-Windows-Kernel-Power"
"17/03/2026 14:13:58","7040","Information","Service Control Manager"
"17/03/2026 14:11:54","7040","Information","Service Control Manager"
"17/03/2026 13:35:40","12","Information","Microsoft-Windows-UserModePowerService"
"17/03/2026 13:06:20","7040","Information","Service Control Manager"
"17/03/2026 13:03:57","7040","Information","Service Control Manager"
"17/03/2026 13:01:42","10016","Avertissement","Microsoft-Windows-DistributedCOM"
"17/03/2026 12:42:54","19","Information","Microsoft-Windows-WindowsUpdateClient"
"17/03/2026 12:42:42","43","Information","Microsoft-Windows-WindowsUpdateClient"
"17/03/2026 12:42:42","44","Information","Microsoft-Windows-WindowsUpdateClient"
"17/03/2026 12:36:55","1","Information","Microsoft-Windows-Kernel-General"
"17/03/2026 12:36:55","21","Erreur","Microsoft-Windows-HAL"
"17/03/2026 12:36:55","20","Erreur","Microsoft-Windows-HAL"
"17/03/2026 12:36:55","24","Information","Microsoft-Windows-Kernel-General"
"17/03/2026 12:36:53","1808","Information","Microsoft-Windows-TPM-WMI"
"17/03/2026 12:34:59","4","Information","Virtual Disk Service"
"17/03/2026 12:34:58","3","Information","Virtual Disk Service"
"17/03/2026 12:33:59","10016","Avertissement","Microsoft-Windows-DistributedCOM"
"17/03/2026 12:33:58","0","Information","Intel Connectivity Network Service"
"17/03/2026 12:33:58","16","Information","Intel Connectivity Network Service"
"17/03/2026 12:33:57","0","Information","Intel Analytics Service"
"17/03/2026 12:33:57","16","Information","Intel Analytics Service"
"17/03/2026 12:33:08","1","Information","Microsoft-Windows-Kernel-General"
"17/03/2026 12:33:08","21","Erreur","Microsoft-Windows-HAL"
"17/03/2026 12:33:08","20","Erreur","Microsoft-Windows-HAL"
"17/03/2026 12:33:08","24","Information","Microsoft-Windows-Kernel-General"
"17/03/2026 12:32:55","37","Avertissement","Microsoft-Windows-Kernel-Processor-Power"
"17/03/2026 12:32:55","37","Avertissement","Microsoft-Windows-Kernel-Processor-Power"
"17/03/2026 12:32:55","37","Avertissement","Microsoft-Windows-Kernel-Processor-Power"
"17/03/2026 12:32:55","37","Avertissement","Microsoft-Windows-Kernel-Processor-Power"
"17/03/2026 12:32:55","37","Avertissement","Microsoft-Windows-Kernel-Processor-Power"
"17/03/2026 12:32:55","37","Avertissement","Microsoft-Windows-Kernel-Processor-Power"
