"14/03/2026 18:33:40","4624","Information","Microsoft-Windows-Security-Auditing"
"14/03/2026 18:33:40","4624","Information","Microsoft-Windows-Security-Auditing"
"14/03/2026 18:33:37","4624","Information","Microsoft-Windows-Security-Auditing"
"14/03/2026 18:33:37","4624","Information","Microsoft-Windows-Security-Auditing"
"14/03/2026 18:33:36","4624","Information","Microsoft-Windows-Security-Auditing"
"14/03/2026 18:31:41","4624","Information","Microsoft-Windows-Security-Auditing"
"14/03/2026 18:31:41","4624","Information","Microsoft-Windows-Security-Auditing"
"14/03/2026 18:31:25","4624","Information","Microsoft-Windows-Security-Auditing"
"14/03/2026 18:31:25","4624","Information","Microsoft-Windows-Security-Auditing"
"14/03/2026 18:31:24","4624","Information","Microsoft-Windows-Security-Auditing"
"14/03/2026 18:31:24","4624","Information","Microsoft-Windows-Security-Auditing"
"14/03/2026 18:31:22","4624","Information","Microsoft-Windows-Security-Auditing"
"14/03/2026 18:31:03","4624","Information","Microsoft-Windows-Security-Auditing"
"14/03/2026 18:30:54","4624","Information","Microsoft-Windows-Security-Auditing"
"14/03/2026 18:30:14","4624","Information","Microsoft-Windows-Security-Auditing"
"14/03/2026 18:30:13","4624","Information","Microsoft-Windows-Security-Auditing"
"14/03/2026 18:30:13","4624","Information","Microsoft-Windows-Security-Auditing"
"14/03/2026 18:30:13","4624","Information","Microsoft-Windows-Security-Auditing"
"14/03/2026 18:24:42","4624","Information","Microsoft-Windows-Security-Auditing"
"14/03/2026 18:20:56","4624","Information","Microsoft-Windows-Security-Auditing"
"14/03/2026 18:09:42","4624","Information","Microsoft-Windows-Security-Auditing"
"14/03/2026 18:09:37","4624","Information","Microsoft-Windows-Security-Auditing"
"14/03/2026 18:09:33","4624","Information","Microsoft-Windows-Security-Auditing"
"14/03/2026 18:08:56","4624","Information","Microsoft-Windows-Security-Auditing"
"14/03/2026 18:07:07","4624","Information","Microsoft-Windows-Security-Auditing"
"14/03/2026 18:06:46","4624","Information","Microsoft-Windows-Security-Auditing"
"14/03/2026 17:54:42","4624","Information","Microsoft-Windows-Security-Auditing"
"14/03/2026 17:49:25","4624","Information","Microsoft-Windows-Security-Auditing"
"14/03/2026 17:39:42","4624","Information","Microsoft-Windows-Security-Auditing"
"14/03/2026 17:39:33","4624","Information","Microsoft-Windows-Security-Auditing"
"14/03/2026 17:36:24","4624","Information","Microsoft-Windows-Security-Auditing"
"14/03/2026 17:34:18","4624","Information","Microsoft-Windows-Security-Auditing"
"14/03/2026 17:28:44","4624","Information","Microsoft-Windows-Security-Auditing"
"14/03/2026 17:28:39","4624","Information","Microsoft-Windows-Security-Auditing"
"14/03/2026 17:28:36","4624","Information","Microsoft-Windows-Security-Auditing"
"14/03/2026 17:24:48","4624","Information","Microsoft-Windows-Security-Auditing"
"14/03/2026 17:24:43","4624","Information","Microsoft-Windows-Security-Auditing"
"14/03/2026 17:23:55","4624","Information","Microsoft-Windows-Security-Auditing"
"14/03/2026 17:21:26","4624","Information","Microsoft-Windows-Security-Auditing"
"14/03/2026 17:20:57","4624","Information","Microsoft-Windows-Security-Auditing"
"14/03/2026 17:20:55","4624","Information","Microsoft-Windows-Security-Auditing"
"14/03/2026 17:18:52","4624","Information","Microsoft-Windows-Security-Auditing"
"14/03/2026 17:16:48","4624","Information","Microsoft-Windows-Security-Auditing"
"14/03/2026 17:16:42","4624","Information","Microsoft-Windows-Security-Auditing"
"14/03/2026 17:15:57","4624","Information","Microsoft-Windows-Security-Auditing"
"14/03/2026 17:15:48","4624","Information","Microsoft-Windows-Security-Auditing"
"14/03/2026 17:15:43","4624","Information","Microsoft-Windows-Security-Auditing"
"14/03/2026 17:15:43","4624","Information","Microsoft-Windows-Security-Auditing"
"14/03/2026 17:15:43","4624","Information","Microsoft-Windows-Security-Auditing"
"14/03/2026 17:15:43","4624","Information","Microsoft-Windows-Security-Auditing"
"14/03/2026 17:15:42","4624","Information","Microsoft-Windows-Security-Auditing"
"14/03/2026 17:15:41","4624","Information","Microsoft-Windows-Security-Auditing"
"14/03/2026 17:15:22","4624","Information","Microsoft-Windows-Security-Auditing"
"14/03/2026 17:15:22","4624","Information","Microsoft-Windows-Security-Auditing"
"14/03/2026 17:15:22","4624","Information","Microsoft-Windows-Security-Auditing"
"14/03/2026 17:15:22","4624","Information","Microsoft-Windows-Security-Auditing"
"14/03/2026 17:15:22","4624","Information","Microsoft-Windows-Security-Auditing"
"14/03/2026 17:14:02","4624","Information","Microsoft-Windows-Security-Auditing"
"14/03/2026 17:14:00","4624","Information","Microsoft-Windows-Security-Auditing"
"14/03/2026 17:13:48","4624","Information","Microsoft-Windows-Security-Auditing"
"14/03/2026 17:13:44","4624","Information","Microsoft-Windows-Security-Auditing"
"14/03/2026 17:13:43","4624","Information","Microsoft-Windows-Security-Auditing"
"14/03/2026 17:13:42","4624","Information","Microsoft-Windows-Security-Auditing"
"14/03/2026 17:13:42","4624","Information","Microsoft-Windows-Security-Auditing"
"14/03/2026 17:13:41","4624","Information","Microsoft-Windows-Security-Auditing"
"14/03/2026 17:13:41","4624","Information","Microsoft-Windows-Security-Auditing"
"14/03/2026 17:13:41","4624","Information","Microsoft-Windows-Security-Auditing"
"14/03/2026 17:13:40","4624","Information","Microsoft-Windows-Security-Auditing"
"14/03/2026 17:13:40","4624","Information","Microsoft-Windows-Security-Auditing"
"14/03/2026 17:13:40","4624","Information","Microsoft-Windows-Security-Auditing"
"14/03/2026 17:13:40","4624","Information","Microsoft-Windows-Security-Auditing"
"14/03/2026 17:13:40","4624","Information","Microsoft-Windows-Security-Auditing"
"14/03/2026 17:13:40","4624","Information","Microsoft-Windows-Security-Auditing"
"14/03/2026 17:13:39","4624","Information","Microsoft-Windows-Security-Auditing"
"14/03/2026 17:13:39","4624","Information","Microsoft-Windows-Security-Auditing"
"14/03/2026 17:13:39","4624","Information","Microsoft-Windows-Security-Auditing"
