"18/03/2026 09:41:04","4624","Information","Microsoft-Windows-Security-Auditing"
"18/03/2026 09:36:58","4624","Information","Microsoft-Windows-Security-Auditing"
"18/03/2026 09:29:33","4624","Information","Microsoft-Windows-Security-Auditing"
"18/03/2026 09:26:04","4624","Information","Microsoft-Windows-Security-Auditing"
"18/03/2026 09:21:48","4624","Information","Microsoft-Windows-Security-Auditing"
"18/03/2026 09:14:57","4624","Information","Microsoft-Windows-Security-Auditing"
"18/03/2026 09:11:04","4624","Information","Microsoft-Windows-Security-Auditing"
"18/03/2026 09:05:38","4624","Information","Microsoft-Windows-Security-Auditing"
"18/03/2026 08:56:04","4624","Information","Microsoft-Windows-Security-Auditing"
"18/03/2026 08:53:19","4624","Information","Microsoft-Windows-Security-Auditing"
"18/03/2026 08:48:28","4624","Information","Microsoft-Windows-Security-Auditing"
"18/03/2026 08:42:55","4624","Information","Microsoft-Windows-Security-Auditing"
"18/03/2026 08:41:04","4624","Information","Microsoft-Windows-Security-Auditing"
"18/03/2026 08:37:57","4624","Information","Microsoft-Windows-Security-Auditing"
"18/03/2026 08:26:24","4624","Information","Microsoft-Windows-Security-Auditing"
"18/03/2026 08:26:04","4624","Information","Microsoft-Windows-Security-Auditing"
"18/03/2026 08:18:02","4624","Information","Microsoft-Windows-Security-Auditing"
"18/03/2026 08:18:01","4624","Information","Microsoft-Windows-Security-Auditing"
"18/03/2026 08:11:04","4624","Information","Microsoft-Windows-Security-Auditing"
"18/03/2026 07:58:19","4624","Information","Microsoft-Windows-Security-Auditing"
"18/03/2026 07:56:51","4624","Information","Microsoft-Windows-Security-Auditing"
"18/03/2026 07:56:29","4624","Information","Microsoft-Windows-Security-Auditing"
"18/03/2026 07:56:26","4624","Information","Microsoft-Windows-Security-Auditing"
"18/03/2026 07:56:26","4624","Information","Microsoft-Windows-Security-Auditing"
"18/03/2026 07:56:07","4624","Information","Microsoft-Windows-Security-Auditing"
"18/03/2026 07:56:07","4624","Information","Microsoft-Windows-Security-Auditing"
"18/03/2026 07:56:07","4624","Information","Microsoft-Windows-Security-Auditing"
"18/03/2026 07:56:07","4624","Information","Microsoft-Windows-Security-Auditing"
"18/03/2026 07:56:06","4624","Information","Microsoft-Windows-Security-Auditing"
"18/03/2026 07:55:58","4624","Information","Microsoft-Windows-Security-Auditing"
"18/03/2026 04:27:48","4624","Information","Microsoft-Windows-Security-Auditing"
"18/03/2026 04:27:48","4624","Information","Microsoft-Windows-Security-Auditing"
"18/03/2026 04:17:08","4624","Information","Microsoft-Windows-Security-Auditing"
"18/03/2026 04:17:07","4624","Information","Microsoft-Windows-Security-Auditing"
"18/03/2026 04:17:07","4624","Information","Microsoft-Windows-Security-Auditing"
"18/03/2026 03:56:17","4624","Information","Microsoft-Windows-Security-Auditing"
"18/03/2026 03:56:16","4624","Information","Microsoft-Windows-Security-Auditing"
"18/03/2026 03:38:49","4624","Information","Microsoft-Windows-Security-Auditing"
"18/03/2026 03:27:01","4624","Information","Microsoft-Windows-Security-Auditing"
"18/03/2026 03:19:50","4624","Information","Microsoft-Windows-Security-Auditing"
"18/03/2026 03:19:43","4624","Information","Microsoft-Windows-Security-Auditing"
"18/03/2026 03:19:33","4624","Information","Microsoft-Windows-Security-Auditing"
"18/03/2026 02:38:09","4624","Information","Microsoft-Windows-Security-Auditing"
"18/03/2026 02:38:05","4624","Information","Microsoft-Windows-Security-Auditing"
"18/03/2026 02:27:06","4624","Information","Microsoft-Windows-Security-Auditing"
"18/03/2026 01:47:11","4624","Information","Microsoft-Windows-Security-Auditing"
"18/03/2026 01:47:10","4624","Information","Microsoft-Windows-Security-Auditing"
"18/03/2026 01:47:08","4624","Information","Microsoft-Windows-Security-Auditing"
"18/03/2026 01:37:35","4624","Information","Microsoft-Windows-Security-Auditing"
"18/03/2026 01:37:14","4624","Information","Microsoft-Windows-Security-Auditing"
"18/03/2026 01:32:14","4624","Information","Microsoft-Windows-Security-Auditing"
"18/03/2026 01:27:00","4624","Information","Microsoft-Windows-Security-Auditing"
"18/03/2026 00:48:02","4624","Information","Microsoft-Windows-Security-Auditing"
"18/03/2026 00:40:36","4624","Information","Microsoft-Windows-Security-Auditing"
"18/03/2026 00:38:52","4624","Information","Microsoft-Windows-Security-Auditing"
"18/03/2026 00:36:59","4624","Information","Microsoft-Windows-Security-Auditing"
"18/03/2026 00:36:00","4624","Information","Microsoft-Windows-Security-Auditing"
"18/03/2026 00:35:36","4624","Information","Microsoft-Windows-Security-Auditing"
"18/03/2026 00:35:36","4624","Information","Microsoft-Windows-Security-Auditing"
"18/03/2026 00:26:59","4624","Information","Microsoft-Windows-Security-Auditing"
"18/03/2026 00:23:52","4624","Information","Microsoft-Windows-Security-Auditing"
"18/03/2026 00:09:03","4624","Information","Microsoft-Windows-Security-Auditing"
"18/03/2026 00:09:02","4624","Information","Microsoft-Windows-Security-Auditing"
"18/03/2026 00:08:51","4624","Information","Microsoft-Windows-Security-Auditing"
"17/03/2026 23:32:13","4624","Information","Microsoft-Windows-Security-Auditing"
"17/03/2026 23:32:05","4624","Information","Microsoft-Windows-Security-Auditing"
"17/03/2026 23:27:13","4624","Information","Microsoft-Windows-Security-Auditing"
"17/03/2026 23:07:18","4624","Information","Microsoft-Windows-Security-Auditing"
"17/03/2026 23:07:17","4624","Information","Microsoft-Windows-Security-Auditing"
"17/03/2026 23:07:17","4624","Information","Microsoft-Windows-Security-Auditing"
"17/03/2026 22:43:57","4624","Information","Microsoft-Windows-Security-Auditing"
"17/03/2026 22:43:42","4624","Information","Microsoft-Windows-Security-Auditing"
"17/03/2026 22:43:42","4624","Information","Microsoft-Windows-Security-Auditing"
"17/03/2026 22:43:41","4624","Information","Microsoft-Windows-Security-Auditing"
"17/03/2026 22:42:55","4624","Information","Microsoft-Windows-Security-Auditing"
"17/03/2026 22:33:12","4624","Information","Microsoft-Windows-Security-Auditing"
"17/03/2026 22:26:58","4624","Information","Microsoft-Windows-Security-Auditing"
"17/03/2026 22:21:40","4624","Information","Microsoft-Windows-Security-Auditing"
"17/03/2026 22:12:55","4624","Information","Microsoft-Windows-Security-Auditing"
"17/03/2026 22:04:59","4624","Information","Microsoft-Windows-Security-Auditing"
"17/03/2026 22:04:48","4624","Information","Microsoft-Windows-Security-Auditing"
"17/03/2026 22:04:47","4624","Information","Microsoft-Windows-Security-Auditing"
"17/03/2026 22:04:45","4624","Information","Microsoft-Windows-Security-Auditing"
"17/03/2026 21:58:34","4624","Information","Microsoft-Windows-Security-Auditing"
"17/03/2026 21:42:55","4624","Information","Microsoft-Windows-Security-Auditing"
"17/03/2026 21:26:57","4624","Information","Microsoft-Windows-Security-Auditing"
"17/03/2026 21:18:40","4624","Information","Microsoft-Windows-Security-Auditing"
"17/03/2026 21:13:44","4624","Information","Microsoft-Windows-Security-Auditing"
"17/03/2026 21:13:27","4624","Information","Microsoft-Windows-Security-Auditing"
"17/03/2026 21:12:55","4624","Information","Microsoft-Windows-Security-Auditing"
"17/03/2026 21:05:55","4624","Information","Microsoft-Windows-Security-Auditing"
"17/03/2026 21:00:36","4624","Information","Microsoft-Windows-Security-Auditing"
"17/03/2026 20:46:15","4624","Information","Microsoft-Windows-Security-Auditing"
"17/03/2026 20:45:36","4624","Information","Microsoft-Windows-Security-Auditing"
"17/03/2026 20:37:49","4624","Information","Microsoft-Windows-Security-Auditing"
"17/03/2026 20:30:36","4624","Information","Microsoft-Windows-Security-Auditing"
"17/03/2026 20:19:55","4624","Information","Microsoft-Windows-Security-Auditing"
"17/03/2026 20:15:36","4624","Information","Microsoft-Windows-Security-Auditing"
"17/03/2026 20:07:01","4624","Information","Microsoft-Windows-Security-Auditing"
"17/03/2026 20:01:44","4624","Information","Microsoft-Windows-Security-Auditing"
"17/03/2026 19:51:24","4624","Information","Microsoft-Windows-Security-Auditing"
"17/03/2026 19:46:44","4624","Information","Microsoft-Windows-Security-Auditing"
"17/03/2026 19:45:45","4624","Information","Microsoft-Windows-Security-Auditing"
"17/03/2026 19:32:02","4624","Information","Microsoft-Windows-Security-Auditing"
"17/03/2026 19:21:26","4624","Information","Microsoft-Windows-Security-Auditing"
"17/03/2026 19:18:57","4624","Information","Microsoft-Windows-Security-Auditing"
"17/03/2026 19:18:51","4624","Information","Microsoft-Windows-Security-Auditing"
"17/03/2026 19:17:01","4624","Information","Microsoft-Windows-Security-Auditing"
"17/03/2026 19:07:00","4624","Information","Microsoft-Windows-Security-Auditing"
"17/03/2026 19:04:20","4624","Information","Microsoft-Windows-Security-Auditing"
"17/03/2026 19:02:01","4624","Information","Microsoft-Windows-Security-Auditing"
"17/03/2026 18:57:55","4624","Information","Microsoft-Windows-Security-Auditing"
"17/03/2026 18:47:01","4624","Information","Microsoft-Windows-Security-Auditing"
"17/03/2026 18:44:54","4624","Information","Microsoft-Windows-Security-Auditing"
"17/03/2026 18:32:01","4624","Information","Microsoft-Windows-Security-Auditing"
"17/03/2026 18:23:30","4624","Information","Microsoft-Windows-Security-Auditing"
"17/03/2026 18:17:01","4624","Information","Microsoft-Windows-Security-Auditing"
"17/03/2026 18:15:18","4624","Information","Microsoft-Windows-Security-Auditing"
"17/03/2026 18:02:50","4624","Information","Microsoft-Windows-Security-Auditing"
"17/03/2026 18:02:01","4624","Information","Microsoft-Windows-Security-Auditing"
"17/03/2026 18:00:04","4624","Information","Microsoft-Windows-Security-Auditing"
"17/03/2026 17:57:37","4624","Information","Microsoft-Windows-Security-Auditing"
"17/03/2026 17:49:50","4624","Information","Microsoft-Windows-Security-Auditing"
"17/03/2026 17:43:19","4624","Information","Microsoft-Windows-Security-Auditing"
"17/03/2026 17:43:12","4624","Information","Microsoft-Windows-Security-Auditing"
"17/03/2026 17:43:12","4624","Information","Microsoft-Windows-Security-Auditing"
"17/03/2026 17:33:12","4624","Information","Microsoft-Windows-Security-Auditing"
"17/03/2026 17:32:00","4624","Information","Microsoft-Windows-Security-Auditing"
"17/03/2026 17:25:56","4624","Information","Microsoft-Windows-Security-Auditing"
"17/03/2026 17:21:39","4624","Information","Microsoft-Windows-Security-Auditing"
"17/03/2026 17:17:00","4624","Information","Microsoft-Windows-Security-Auditing"
"17/03/2026 17:08:37","4624","Information","Microsoft-Windows-Security-Auditing"
"17/03/2026 17:02:50","4624","Information","Microsoft-Windows-Security-Auditing"
"17/03/2026 17:02:00","4624","Information","Microsoft-Windows-Security-Auditing"
"17/03/2026 16:47:00","4624","Information","Microsoft-Windows-Security-Auditing"
"17/03/2026 16:45:50","4624","Information","Microsoft-Windows-Security-Auditing"
"17/03/2026 16:37:33","4624","Information","Microsoft-Windows-Security-Auditing"
"17/03/2026 16:33:19","4624","Information","Microsoft-Windows-Security-Auditing"
"17/03/2026 16:32:00","4624","Information","Microsoft-Windows-Security-Auditing"
"17/03/2026 16:29:31","4624","Information","Microsoft-Windows-Security-Auditing"
"17/03/2026 16:21:34","4624","Information","Microsoft-Windows-Security-Auditing"
"17/03/2026 16:17:00","4624","Information","Microsoft-Windows-Security-Auditing"
"17/03/2026 16:03:28","4624","Information","Microsoft-Windows-Security-Auditing"
"17/03/2026 16:01:32","4624","Information","Microsoft-Windows-Security-Auditing"
"17/03/2026 15:53:53","4624","Information","Microsoft-Windows-Security-Auditing"
"17/03/2026 15:52:46","4624","Information","Microsoft-Windows-Security-Auditing"
"17/03/2026 15:52:45","4624","Information","Microsoft-Windows-Security-Auditing"
"17/03/2026 15:52:25","4624","Information","Microsoft-Windows-Security-Auditing"
"17/03/2026 15:52:25","4624","Information","Microsoft-Windows-Security-Auditing"
"17/03/2026 15:52:24","4624","Information","Microsoft-Windows-Security-Auditing"
"17/03/2026 15:52:24","4624","Information","Microsoft-Windows-Security-Auditing"
"17/03/2026 15:52:24","4624","Information","Microsoft-Windows-Security-Auditing"
"17/03/2026 15:52:24","4624","Information","Microsoft-Windows-Security-Auditing"
"17/03/2026 15:52:22","4624","Information","Microsoft-Windows-Security-Auditing"
"17/03/2026 15:52:22","4624","Information","Microsoft-Windows-Security-Auditing"
"17/03/2026 15:46:32","4624","Information","Microsoft-Windows-Security-Auditing"
"17/03/2026 15:35:43","4624","Information","Microsoft-Windows-Security-Auditing"
"17/03/2026 15:35:43","4624","Information","Microsoft-Windows-Security-Auditing"
"17/03/2026 15:35:42","4624","Information","Microsoft-Windows-Security-Auditing"
"17/03/2026 15:34:38","4624","Information","Microsoft-Windows-Security-Auditing"
"17/03/2026 15:32:20","4624","Information","Microsoft-Windows-Security-Auditing"
"17/03/2026 15:31:32","4624","Information","Microsoft-Windows-Security-Auditing"
"17/03/2026 15:27:05","4624","Information","Microsoft-Windows-Security-Auditing"
"17/03/2026 15:25:20","4624","Information","Microsoft-Windows-Security-Auditing"
"17/03/2026 15:25:20","4624","Information","Microsoft-Windows-Security-Auditing"
"17/03/2026 15:25:20","4624","Information","Microsoft-Windows-Security-Auditing"
"17/03/2026 15:25:19","4624","Information","Microsoft-Windows-Security-Auditing"
"17/03/2026 15:24:23","4624","Information","Microsoft-Windows-Security-Auditing"
"17/03/2026 15:24:02","4624","Information","Microsoft-Windows-Security-Auditing"
"17/03/2026 15:23:58","4624","Information","Microsoft-Windows-Security-Auditing"
"17/03/2026 15:23:58","4624","Information","Microsoft-Windows-Security-Auditing"
"17/03/2026 15:23:58","4624","Information","Microsoft-Windows-Security-Auditing"
"17/03/2026 15:23:57","4624","Information","Microsoft-Windows-Security-Auditing"
"17/03/2026 15:16:32","4624","Information","Microsoft-Windows-Security-Auditing"
"17/03/2026 15:14:30","4624","Information","Microsoft-Windows-Security-Auditing"
"17/03/2026 15:12:40","4624","Information","Microsoft-Windows-Security-Auditing"
"17/03/2026 15:12:10","4624","Information","Microsoft-Windows-Security-Auditing"
"17/03/2026 15:12:01","4624","Information","Microsoft-Windows-Security-Auditing"
"17/03/2026 15:11:59","4624","Information","Microsoft-Windows-Security-Auditing"
"17/03/2026 15:11:57","4624","Information","Microsoft-Windows-Security-Auditing"
"17/03/2026 15:01:32","4624","Information","Microsoft-Windows-Security-Auditing"
"17/03/2026 14:46:32","4624","Information","Microsoft-Windows-Security-Auditing"
"17/03/2026 14:42:19","4624","Information","Microsoft-Windows-Security-Auditing"
"17/03/2026 14:36:53","4624","Information","Microsoft-Windows-Security-Auditing"
"17/03/2026 14:32:01","4624","Information","Microsoft-Windows-Security-Auditing"
"17/03/2026 14:31:55","4624","Information","Microsoft-Windows-Security-Auditing"
"17/03/2026 14:31:55","4624","Information","Microsoft-Windows-Security-Auditing"
"17/03/2026 14:31:55","4624","Information","Microsoft-Windows-Security-Auditing"
"17/03/2026 14:31:32","4624","Information","Microsoft-Windows-Security-Auditing"
"17/03/2026 14:30:54","4624","Information","Microsoft-Windows-Security-Auditing"
"17/03/2026 14:30:51","4624","Information","Microsoft-Windows-Security-Auditing"
"17/03/2026 14:30:50","4624","Information","Microsoft-Windows-Security-Auditing"
"17/03/2026 14:23:45","4624","Information","Microsoft-Windows-Security-Auditing"
"17/03/2026 14:16:32","4624","Information","Microsoft-Windows-Security-Auditing"
"17/03/2026 14:11:54","4624","Information","Microsoft-Windows-Security-Auditing"
"17/03/2026 14:01:31","4624","Information","Microsoft-Windows-Security-Auditing"
"17/03/2026 13:46:31","4624","Information","Microsoft-Windows-Security-Auditing"
"17/03/2026 13:37:35","4624","Information","Microsoft-Windows-Security-Auditing"
"17/03/2026 13:31:31","4624","Information","Microsoft-Windows-Security-Auditing"
"17/03/2026 13:22:42","4624","Information","Microsoft-Windows-Security-Auditing"
"17/03/2026 13:18:29","4624","Information","Microsoft-Windows-Security-Auditing"
"17/03/2026 13:16:31","4624","Information","Microsoft-Windows-Security-Auditing"
"17/03/2026 13:05:42","4624","Information","Microsoft-Windows-Security-Auditing"
"17/03/2026 13:04:13","4624","Information","Microsoft-Windows-Security-Auditing"
"17/03/2026 13:04:13","4624","Information","Microsoft-Windows-Security-Auditing"
"17/03/2026 13:04:13","4624","Information","Microsoft-Windows-Security-Auditing"
"17/03/2026 13:04:12","4624","Information","Microsoft-Windows-Security-Auditing"
"17/03/2026 13:04:12","4624","Information","Microsoft-Windows-Security-Auditing"
"17/03/2026 13:04:12","4624","Information","Microsoft-Windows-Security-Auditing"
"17/03/2026 13:04:12","4624","Information","Microsoft-Windows-Security-Auditing"
"17/03/2026 13:04:12","4624","Information","Microsoft-Windows-Security-Auditing"
"17/03/2026 13:04:12","4624","Information","Microsoft-Windows-Security-Auditing"
"17/03/2026 13:04:12","4624","Information","Microsoft-Windows-Security-Auditing"
"17/03/2026 13:04:12","4624","Information","Microsoft-Windows-Security-Auditing"
"17/03/2026 13:04:11","4624","Information","Microsoft-Windows-Security-Auditing"
"17/03/2026 13:04:01","4624","Information","Microsoft-Windows-Security-Auditing"
"17/03/2026 13:04:01","4624","Information","Microsoft-Windows-Security-Auditing"
"17/03/2026 13:04:01","4624","Information","Microsoft-Windows-Security-Auditing"
"17/03/2026 13:04:01","4624","Information","Microsoft-Windows-Security-Auditing"
"17/03/2026 13:04:01","4624","Information","Microsoft-Windows-Security-Auditing"
"17/03/2026 13:04:01","4624","Information","Microsoft-Windows-Security-Auditing"
"17/03/2026 13:03:57","4624","Information","Microsoft-Windows-Security-Auditing"
"17/03/2026 13:01:59","4624","Information","Microsoft-Windows-Security-Auditing"
"17/03/2026 13:01:31","4624","Information","Microsoft-Windows-Security-Auditing"
"17/03/2026 13:00:42","4624","Information","Microsoft-Windows-Security-Auditing"
"17/03/2026 12:48:25","4624","Information","Microsoft-Windows-Security-Auditing"
"17/03/2026 12:46:59","4624","Information","Microsoft-Windows-Security-Auditing"
"17/03/2026 12:46:55","4624","Information","Microsoft-Windows-Security-Auditing"
"17/03/2026 12:46:52","4624","Information","Microsoft-Windows-Security-Auditing"
"17/03/2026 12:43:47","4624","Information","Microsoft-Windows-Security-Auditing"
"17/03/2026 12:42:41","4624","Information","Microsoft-Windows-Security-Auditing"
"17/03/2026 12:42:40","4624","Information","Microsoft-Windows-Security-Auditing"
"17/03/2026 12:42:08","4624","Information","Microsoft-Windows-Security-Auditing"
"17/03/2026 12:41:05","4624","Information","Microsoft-Windows-Security-Auditing"
"17/03/2026 12:41:05","4624","Information","Microsoft-Windows-Security-Auditing"
"17/03/2026 12:37:34","4624","Information","Microsoft-Windows-Security-Auditing"
"17/03/2026 12:34:58","4624","Information","Microsoft-Windows-Security-Auditing"
"17/03/2026 12:34:06","4624","Information","Microsoft-Windows-Security-Auditing"
"17/03/2026 12:33:59","4624","Information","Microsoft-Windows-Security-Auditing"
"17/03/2026 12:33:58","4624","Information","Microsoft-Windows-Security-Auditing"
"17/03/2026 12:33:58","4624","Information","Microsoft-Windows-Security-Auditing"
"17/03/2026 12:33:58","4624","Information","Microsoft-Windows-Security-Auditing"
"17/03/2026 12:33:46","4624","Information","Microsoft-Windows-Security-Auditing"
"17/03/2026 12:33:46","4624","Information","Microsoft-Windows-Security-Auditing"
"17/03/2026 12:32:07","4624","Information","Microsoft-Windows-Security-Auditing"
"17/03/2026 12:32:07","4624","Information","Microsoft-Windows-Security-Auditing"
"17/03/2026 12:32:07","4624","Information","Microsoft-Windows-Security-Auditing"
"17/03/2026 12:32:07","4624","Information","Microsoft-Windows-Security-Auditing"
"17/03/2026 12:32:03","4624","Information","Microsoft-Windows-Security-Auditing"
"17/03/2026 12:32:00","4624","Information","Microsoft-Windows-Security-Auditing"
"17/03/2026 12:31:58","4624","Information","Microsoft-Windows-Security-Auditing"
"17/03/2026 12:31:57","4624","Information","Microsoft-Windows-Security-Auditing"
"17/03/2026 12:31:57","4624","Information","Microsoft-Windows-Security-Auditing"
"17/03/2026 12:31:57","4624","Information","Microsoft-Windows-Security-Auditing"
"17/03/2026 12:31:57","4624","Information","Microsoft-Windows-Security-Auditing"
"17/03/2026 12:31:57","4624","Information","Microsoft-Windows-Security-Auditing"
"17/03/2026 12:31:56","4624","Information","Microsoft-Windows-Security-Auditing"
"17/03/2026 12:31:56","4624","Information","Microsoft-Windows-Security-Auditing"
"17/03/2026 12:31:56","4624","Information","Microsoft-Windows-Security-Auditing"
"17/03/2026 12:31:56","4624","Information","Microsoft-Windows-Security-Auditing"
"17/03/2026 12:31:56","4624","Information","Microsoft-Windows-Security-Auditing"
"17/03/2026 12:31:56","4624","Information","Microsoft-Windows-Security-Auditing"
"17/03/2026 12:31:56","4624","Information","Microsoft-Windows-Security-Auditing"
"17/03/2026 12:31:56","4624","Information","Microsoft-Windows-Security-Auditing"
"17/03/2026 12:31:55","4624","Information","Microsoft-Windows-Security-Auditing"
"17/03/2026 12:31:55","4624","Information","Microsoft-Windows-Security-Auditing"
"17/03/2026 12:31:55","4624","Information","Microsoft-Windows-Security-Auditing"
"17/03/2026 12:31:55","4624","Information","Microsoft-Windows-Security-Auditing"
"17/03/2026 12:31:54","4625","Information","Microsoft-Windows-Security-Auditing"
"17/03/2026 12:31:54","4624","Information","Microsoft-Windows-Security-Auditing"
"17/03/2026 12:31:54","4624","Information","Microsoft-Windows-Security-Auditing"
"17/03/2026 12:31:54","4624","Information","Microsoft-Windows-Security-Auditing"
"17/03/2026 12:31:54","4624","Information","Microsoft-Windows-Security-Auditing"
"17/03/2026 12:31:54","4624","Information","Microsoft-Windows-Security-Auditing"
"17/03/2026 12:31:54","4624","Information","Microsoft-Windows-Security-Auditing"
"17/03/2026 12:31:54","4624","Information","Microsoft-Windows-Security-Auditing"
"17/03/2026 12:31:54","4624","Information","Microsoft-Windows-Security-Auditing"
"17/03/2026 12:31:54","4624","Information","Microsoft-Windows-Security-Auditing"
"17/03/2026 12:31:54","4624","Information","Microsoft-Windows-Security-Auditing"
"17/03/2026 12:31:54","4625","Information","Microsoft-Windows-Security-Auditing"
"17/03/2026 12:31:54","4625","Information","Microsoft-Windows-Security-Auditing"
"17/03/2026 12:31:54","4625","Information","Microsoft-Windows-Security-Auditing"
"17/03/2026 12:31:54","4625","Information","Microsoft-Windows-Security-Auditing"
"17/03/2026 12:31:52","4624","Information","Microsoft-Windows-Security-Auditing"
"17/03/2026 12:31:52","4624","Information","Microsoft-Windows-Security-Auditing"
"17/03/2026 12:31:52","4624","Information","Microsoft-Windows-Security-Auditing"
"17/03/2026 12:31:52","4624","Information","Microsoft-Windows-Security-Auditing"
"17/03/2026 12:31:52","4624","Information","Microsoft-Windows-Security-Auditing"
"17/03/2026 12:31:52","4624","Information","Microsoft-Windows-Security-Auditing"
"17/03/2026 12:31:52","4624","Information","Microsoft-Windows-Security-Auditing"
"17/03/2026 12:31:52","4624","Information","Microsoft-Windows-Security-Auditing"
"17/03/2026 12:31:52","4624","Information","Microsoft-Windows-Security-Auditing"
"17/03/2026 12:31:52","4624","Information","Microsoft-Windows-Security-Auditing"
"17/03/2026 12:31:52","4624","Information","Microsoft-Windows-Security-Auditing"
"17/03/2026 12:31:52","4624","Information","Microsoft-Windows-Security-Auditing"
"17/03/2026 12:31:52","4624","Information","Microsoft-Windows-Security-Auditing"
"17/03/2026 12:31:52","4624","Information","Microsoft-Windows-Security-Auditing"
"17/03/2026 12:31:52","4624","Information","Microsoft-Windows-Security-Auditing"
"17/03/2026 12:31:52","4624","Information","Microsoft-Windows-Security-Auditing"
"17/03/2026 12:31:51","4624","Information","Microsoft-Windows-Security-Auditing"
"17/03/2026 12:31:51","4624","Information","Microsoft-Windows-Security-Auditing"
"17/03/2026 12:31:51","4624","Information","Microsoft-Windows-Security-Auditing"
"17/03/2026 12:31:51","4624","Information","Microsoft-Windows-Security-Auditing"
"17/03/2026 12:31:51","4624","Information","Microsoft-Windows-Security-Auditing"
"17/03/2026 12:31:51","4624","Information","Microsoft-Windows-Security-Auditing"
"17/03/2026 12:31:51","4624","Information","Microsoft-Windows-Security-Auditing"
"17/03/2026 12:31:51","4624","Information","Microsoft-Windows-Security-Auditing"
"17/03/2026 12:31:51","4624","Information","Microsoft-Windows-Security-Auditing"
"17/03/2026 12:31:51","4624","Information","Microsoft-Windows-Security-Auditing"
"17/03/2026 12:31:51","4624","Information","Microsoft-Windows-Security-Auditing"
"17/03/2026 12:31:51","4624","Information","Microsoft-Windows-Security-Auditing"
"17/03/2026 12:31:51","4624","Information","Microsoft-Windows-Security-Auditing"
"17/03/2026 12:31:51","4624","Information","Microsoft-Windows-Security-Auditing"
"17/03/2026 12:31:51","4624","Information","Microsoft-Windows-Security-Auditing"
"17/03/2026 12:31:51","4624","Information","Microsoft-Windows-Security-Auditing"
"17/03/2026 12:31:51","4624","Information","Microsoft-Windows-Security-Auditing"
"17/03/2026 12:31:51","4624","Information","Microsoft-Windows-Security-Auditing"
"17/03/2026 12:31:51","4624","Information","Microsoft-Windows-Security-Auditing"
"17/03/2026 12:31:51","4624","Information","Microsoft-Windows-Security-Auditing"
"17/03/2026 12:31:51","4624","Information","Microsoft-Windows-Security-Auditing"
"17/03/2026 12:31:51","4624","Information","Microsoft-Windows-Security-Auditing"
"17/03/2026 12:31:51","4624","Information","Microsoft-Windows-Security-Auditing"
"17/03/2026 12:31:51","4624","Information","Microsoft-Windows-Security-Auditing"
"17/03/2026 12:31:51","4624","Information","Microsoft-Windows-Security-Auditing"
"17/03/2026 12:31:51","4624","Information","Microsoft-Windows-Security-Auditing"
"17/03/2026 12:31:51","4624","Information","Microsoft-Windows-Security-Auditing"
"17/03/2026 12:31:51","4624","Information","Microsoft-Windows-Security-Auditing"
"17/03/2026 12:31:51","4624","Information","Microsoft-Windows-Security-Auditing"
"17/03/2026 12:31:51","4624","Information","Microsoft-Windows-Security-Auditing"
"17/03/2026 12:31:51","4624","Information","Microsoft-Windows-Security-Auditing"
"17/03/2026 12:31:51","4624","Information","Microsoft-Windows-Security-Auditing"
"17/03/2026 10:39:30","4624","Information","Microsoft-Windows-Security-Auditing"
"17/03/2026 10:39:29","4624","Information","Microsoft-Windows-Security-Auditing"
"17/03/2026 10:39:27","4624","Information","Microsoft-Windows-Security-Auditing"
"17/03/2026 10:34:21","4624","Information","Microsoft-Windows-Security-Auditing"
"17/03/2026 10:26:32","4624","Information","Microsoft-Windows-Security-Auditing"
"17/03/2026 10:19:21","4624","Information","Microsoft-Windows-Security-Auditing"
"17/03/2026 10:15:35","4624","Information","Microsoft-Windows-Security-Auditing"
"17/03/2026 10:08:23","4624","Information","Microsoft-Windows-Security-Auditing"
"17/03/2026 10:04:21","4624","Information","Microsoft-Windows-Security-Auditing"
"17/03/2026 09:59:05","4624","Information","Microsoft-Windows-Security-Auditing"
"17/03/2026 09:59:03","4624","Information","Microsoft-Windows-Security-Auditing"
"17/03/2026 09:59:02","4624","Information","Microsoft-Windows-Security-Auditing"
"17/03/2026 09:59:01","4624","Information","Microsoft-Windows-Security-Auditing"
"17/03/2026 09:49:21","4624","Information","Microsoft-Windows-Security-Auditing"
"17/03/2026 09:34:21","4624","Information","Microsoft-Windows-Security-Auditing"
"17/03/2026 09:20:48","4624","Information","Microsoft-Windows-Security-Auditing"
"17/03/2026 09:19:21","4624","Information","Microsoft-Windows-Security-Auditing"
"17/03/2026 09:19:16","4624","Information","Microsoft-Windows-Security-Auditing"
"17/03/2026 09:19:12","4624","Information","Microsoft-Windows-Security-Auditing"
"17/03/2026 09:14:44","4624","Information","Microsoft-Windows-Security-Auditing"
"17/03/2026 09:13:27","4624","Information","Microsoft-Windows-Security-Auditing"
"17/03/2026 09:10:09","4624","Information","Microsoft-Windows-Security-Auditing"
"17/03/2026 09:10:08","4624","Information","Microsoft-Windows-Security-Auditing"
"17/03/2026 09:10:06","4624","Information","Microsoft-Windows-Security-Auditing"
"17/03/2026 09:07:18","4624","Information","Microsoft-Windows-Security-Auditing"
"17/03/2026 09:06:29","4624","Information","Microsoft-Windows-Security-Auditing"
"17/03/2026 09:06:20","4624","Information","Microsoft-Windows-Security-Auditing"
"17/03/2026 09:06:20","4624","Information","Microsoft-Windows-Security-Auditing"
"17/03/2026 09:06:20","4624","Information","Microsoft-Windows-Security-Auditing"
"17/03/2026 09:06:19","4624","Information","Microsoft-Windows-Security-Auditing"
"17/03/2026 09:06:19","4624","Information","Microsoft-Windows-Security-Auditing"
"17/03/2026 09:06:18","4624","Information","Microsoft-Windows-Security-Auditing"
"17/03/2026 09:05:51","4624","Information","Microsoft-Windows-Security-Auditing"
"17/03/2026 09:04:45","4624","Information","Microsoft-Windows-Security-Auditing"
"17/03/2026 09:04:43","4624","Information","Microsoft-Windows-Security-Auditing"
"17/03/2026 09:04:42","4624","Information","Microsoft-Windows-Security-Auditing"
"17/03/2026 09:04:41","4624","Information","Microsoft-Windows-Security-Auditing"
"17/03/2026 09:04:23","4624","Information","Microsoft-Windows-Security-Auditing"
"17/03/2026 09:04:20","4624","Information","Microsoft-Windows-Security-Auditing"
"17/03/2026 09:04:20","4624","Information","Microsoft-Windows-Security-Auditing"
"17/03/2026 09:04:18","4624","Information","Microsoft-Windows-Security-Auditing"
"17/03/2026 09:04:18","4624","Information","Microsoft-Windows-Security-Auditing"
"17/03/2026 09:04:18","4624","Information","Microsoft-Windows-Security-Auditing"
"17/03/2026 09:04:17","4624","Information","Microsoft-Windows-Security-Auditing"
"17/03/2026 09:04:17","4624","Information","Microsoft-Windows-Security-Auditing"
"17/03/2026 09:04:17","4624","Information","Microsoft-Windows-Security-Auditing"
"17/03/2026 09:04:17","4624","Information","Microsoft-Windows-Security-Auditing"
"17/03/2026 09:04:17","4624","Information","Microsoft-Windows-Security-Auditing"
"17/03/2026 09:04:17","4624","Information","Microsoft-Windows-Security-Auditing"
"17/03/2026 09:04:16","4624","Information","Microsoft-Windows-Security-Auditing"
"17/03/2026 09:04:16","4624","Information","Microsoft-Windows-Security-Auditing"
"17/03/2026 09:04:16","4624","Information","Microsoft-Windows-Security-Auditing"
"17/03/2026 09:04:16","4624","Information","Microsoft-Windows-Security-Auditing"
"17/03/2026 09:04:16","4624","Information","Microsoft-Windows-Security-Auditing"
"17/03/2026 09:04:16","4624","Information","Microsoft-Windows-Security-Auditing"
"17/03/2026 09:04:16","4624","Information","Microsoft-Windows-Security-Auditing"
"17/03/2026 09:04:16","4624","Information","Microsoft-Windows-Security-Auditing"
"17/03/2026 09:04:15","4624","Information","Microsoft-Windows-Security-Auditing"
"17/03/2026 09:04:15","4624","Information","Microsoft-Windows-Security-Auditing"
"17/03/2026 09:04:15","4624","Information","Microsoft-Windows-Security-Auditing"
"17/03/2026 09:04:15","4624","Information","Microsoft-Windows-Security-Auditing"
"17/03/2026 09:04:15","4625","Information","Microsoft-Windows-Security-Auditing"
"17/03/2026 09:04:15","4624","Information","Microsoft-Windows-Security-Auditing"
"17/03/2026 09:04:15","4624","Information","Microsoft-Windows-Security-Auditing"
"17/03/2026 09:04:15","4624","Information","Microsoft-Windows-Security-Auditing"
"17/03/2026 09:04:15","4624","Information","Microsoft-Windows-Security-Auditing"
"17/03/2026 09:04:15","4624","Information","Microsoft-Windows-Security-Auditing"
"17/03/2026 09:04:15","4624","Information","Microsoft-Windows-Security-Auditing"
"17/03/2026 09:04:15","4624","Information","Microsoft-Windows-Security-Auditing"
"17/03/2026 09:04:15","4624","Information","Microsoft-Windows-Security-Auditing"
"17/03/2026 09:04:15","4624","Information","Microsoft-Windows-Security-Auditing"
"17/03/2026 09:04:15","4624","Information","Microsoft-Windows-Security-Auditing"
"17/03/2026 09:04:14","4625","Information","Microsoft-Windows-Security-Auditing"
"17/03/2026 09:04:14","4625","Information","Microsoft-Windows-Security-Auditing"
"17/03/2026 09:04:14","4625","Information","Microsoft-Windows-Security-Auditing"
"17/03/2026 09:04:14","4625","Information","Microsoft-Windows-Security-Auditing"
"17/03/2026 09:04:13","4624","Information","Microsoft-Windows-Security-Auditing"
"17/03/2026 09:04:12","4624","Information","Microsoft-Windows-Security-Auditing"
"17/03/2026 09:04:12","4624","Information","Microsoft-Windows-Security-Auditing"
"17/03/2026 09:04:12","4624","Information","Microsoft-Windows-Security-Auditing"
"17/03/2026 09:04:12","4624","Information","Microsoft-Windows-Security-Auditing"
"17/03/2026 09:04:12","4624","Information","Microsoft-Windows-Security-Auditing"
"17/03/2026 09:04:12","4624","Information","Microsoft-Windows-Security-Auditing"
"17/03/2026 09:04:12","4624","Information","Microsoft-Windows-Security-Auditing"
"17/03/2026 09:04:12","4624","Information","Microsoft-Windows-Security-Auditing"
"17/03/2026 09:04:12","4624","Information","Microsoft-Windows-Security-Auditing"
"17/03/2026 09:04:12","4624","Information","Microsoft-Windows-Security-Auditing"
"17/03/2026 09:04:12","4624","Information","Microsoft-Windows-Security-Auditing"
"17/03/2026 09:04:12","4624","Information","Microsoft-Windows-Security-Auditing"
"17/03/2026 09:04:12","4624","Information","Microsoft-Windows-Security-Auditing"
"17/03/2026 09:04:12","4624","Information","Microsoft-Windows-Security-Auditing"
"17/03/2026 09:04:12","4624","Information","Microsoft-Windows-Security-Auditing"
"17/03/2026 09:04:12","4624","Information","Microsoft-Windows-Security-Auditing"
"17/03/2026 09:04:12","4624","Information","Microsoft-Windows-Security-Auditing"
"17/03/2026 09:04:12","4624","Information","Microsoft-Windows-Security-Auditing"
"17/03/2026 09:04:12","4624","Information","Microsoft-Windows-Security-Auditing"
"17/03/2026 09:04:12","4624","Information","Microsoft-Windows-Security-Auditing"
"17/03/2026 09:04:11","4624","Information","Microsoft-Windows-Security-Auditing"
"17/03/2026 09:04:11","4624","Information","Microsoft-Windows-Security-Auditing"
"17/03/2026 09:04:11","4624","Information","Microsoft-Windows-Security-Auditing"
"17/03/2026 09:04:11","4624","Information","Microsoft-Windows-Security-Auditing"
"17/03/2026 09:04:11","4624","Information","Microsoft-Windows-Security-Auditing"
"17/03/2026 09:04:11","4624","Information","Microsoft-Windows-Security-Auditing"
"17/03/2026 09:04:11","4624","Information","Microsoft-Windows-Security-Auditing"
"17/03/2026 09:04:11","4624","Information","Microsoft-Windows-Security-Auditing"
"17/03/2026 09:04:11","4624","Information","Microsoft-Windows-Security-Auditing"
"17/03/2026 09:04:11","4624","Information","Microsoft-Windows-Security-Auditing"
"17/03/2026 09:04:11","4624","Information","Microsoft-Windows-Security-Auditing"
"17/03/2026 09:04:11","4624","Information","Microsoft-Windows-Security-Auditing"
"17/03/2026 09:04:11","4624","Information","Microsoft-Windows-Security-Auditing"
"17/03/2026 09:04:11","4624","Information","Microsoft-Windows-Security-Auditing"
"17/03/2026 09:04:11","4624","Information","Microsoft-Windows-Security-Auditing"
"17/03/2026 09:04:11","4624","Information","Microsoft-Windows-Security-Auditing"
"17/03/2026 09:04:11","4624","Information","Microsoft-Windows-Security-Auditing"
"17/03/2026 09:04:11","4624","Information","Microsoft-Windows-Security-Auditing"
"17/03/2026 09:04:11","4624","Information","Microsoft-Windows-Security-Auditing"
"17/03/2026 09:04:11","4624","Information","Microsoft-Windows-Security-Auditing"
"17/03/2026 09:04:11","4624","Information","Microsoft-Windows-Security-Auditing"
"17/03/2026 09:04:11","4624","Information","Microsoft-Windows-Security-Auditing"
"17/03/2026 09:04:11","4624","Information","Microsoft-Windows-Security-Auditing"
"17/03/2026 09:04:11","4624","Information","Microsoft-Windows-Security-Auditing"
"17/03/2026 09:04:11","4624","Information","Microsoft-Windows-Security-Auditing"
"17/03/2026 09:04:11","4624","Information","Microsoft-Windows-Security-Auditing"
"17/03/2026 09:04:11","4624","Information","Microsoft-Windows-Security-Auditing"
"16/03/2026 23:16:08","4624","Information","Microsoft-Windows-Security-Auditing"
"16/03/2026 23:16:08","4624","Information","Microsoft-Windows-Security-Auditing"
"16/03/2026 23:16:07","4624","Information","Microsoft-Windows-Security-Auditing"
"16/03/2026 23:16:02","4624","Information","Microsoft-Windows-Security-Auditing"
"16/03/2026 22:54:25","4624","Information","Microsoft-Windows-Security-Auditing"
"16/03/2026 22:54:25","4624","Information","Microsoft-Windows-Security-Auditing"
"16/03/2026 22:54:18","4624","Information","Microsoft-Windows-Security-Auditing"
"16/03/2026 22:54:18","4624","Information","Microsoft-Windows-Security-Auditing"
"16/03/2026 22:54:17","4624","Information","Microsoft-Windows-Security-Auditing"
"16/03/2026 22:53:12","4624","Information","Microsoft-Windows-Security-Auditing"
"16/03/2026 22:48:53","4624","Information","Microsoft-Windows-Security-Auditing"
"16/03/2026 22:41:46","4624","Information","Microsoft-Windows-Security-Auditing"
"16/03/2026 22:39:46","4624","Information","Microsoft-Windows-Security-Auditing"
"16/03/2026 22:36:51","4624","Information","Microsoft-Windows-Security-Auditing"
"16/03/2026 22:36:01","4624","Information","Microsoft-Windows-Security-Auditing"
"16/03/2026 22:35:23","4624","Information","Microsoft-Windows-Security-Auditing"
"16/03/2026 22:32:27","4624","Information","Microsoft-Windows-Security-Auditing"
"16/03/2026 22:24:46","4624","Information","Microsoft-Windows-Security-Auditing"
"16/03/2026 22:19:33","4624","Information","Microsoft-Windows-Security-Auditing"
"16/03/2026 22:09:46","4624","Information","Microsoft-Windows-Security-Auditing"
"16/03/2026 21:54:46","4624","Information","Microsoft-Windows-Security-Auditing"
"16/03/2026 21:49:10","4624","Information","Microsoft-Windows-Security-Auditing"
"16/03/2026 21:48:54","4624","Information","Microsoft-Windows-Security-Auditing"
"16/03/2026 21:39:59","4624","Information","Microsoft-Windows-Security-Auditing"
"16/03/2026 21:39:46","4624","Information","Microsoft-Windows-Security-Auditing"
"16/03/2026 21:39:19","4624","Information","Microsoft-Windows-Security-Auditing"
"16/03/2026 21:24:59","4624","Information","Microsoft-Windows-Security-Auditing"
"16/03/2026 21:24:57","4624","Information","Microsoft-Windows-Security-Auditing"
"16/03/2026 21:24:46","4624","Information","Microsoft-Windows-Security-Auditing"
"16/03/2026 21:22:24","4624","Information","Microsoft-Windows-Security-Auditing"
"16/03/2026 21:22:02","4624","Information","Microsoft-Windows-Security-Auditing"
"16/03/2026 21:22:00","4624","Information","Microsoft-Windows-Security-Auditing"
"16/03/2026 21:21:59","4624","Information","Microsoft-Windows-Security-Auditing"
"16/03/2026 21:21:57","4624","Information","Microsoft-Windows-Security-Auditing"
"16/03/2026 21:13:25","4624","Information","Microsoft-Windows-Security-Auditing"
"16/03/2026 21:09:46","4624","Information","Microsoft-Windows-Security-Auditing"
"16/03/2026 21:08:18","4624","Information","Microsoft-Windows-Security-Auditing"
"16/03/2026 20:54:45","4624","Information","Microsoft-Windows-Security-Auditing"
"16/03/2026 20:54:22","4624","Information","Microsoft-Windows-Security-Auditing"
"16/03/2026 20:48:52","4624","Information","Microsoft-Windows-Security-Auditing"
"16/03/2026 20:39:45","4624","Information","Microsoft-Windows-Security-Auditing"
"16/03/2026 20:36:19","4624","Information","Microsoft-Windows-Security-Auditing"
"16/03/2026 20:29:14","4624","Information","Microsoft-Windows-Security-Auditing"
"16/03/2026 20:24:45","4624","Information","Microsoft-Windows-Security-Auditing"
"16/03/2026 20:09:45","4624","Information","Microsoft-Windows-Security-Auditing"
"16/03/2026 20:09:24","4624","Information","Microsoft-Windows-Security-Auditing"
"16/03/2026 20:09:23","4624","Information","Microsoft-Windows-Security-Auditing"
"16/03/2026 19:54:45","4624","Information","Microsoft-Windows-Security-Auditing"
"16/03/2026 19:50:22","4624","Information","Microsoft-Windows-Security-Auditing"
"16/03/2026 19:46:55","4624","Information","Microsoft-Windows-Security-Auditing"
"16/03/2026 19:40:40","4624","Information","Microsoft-Windows-Security-Auditing"
"16/03/2026 19:39:45","4624","Information","Microsoft-Windows-Security-Auditing"
"16/03/2026 19:33:11","4624","Information","Microsoft-Windows-Security-Auditing"
"16/03/2026 19:24:45","4624","Information","Microsoft-Windows-Security-Auditing"
"16/03/2026 19:12:17","4624","Information","Microsoft-Windows-Security-Auditing"
"16/03/2026 19:09:45","4624","Information","Microsoft-Windows-Security-Auditing"
"16/03/2026 19:01:32","4624","Information","Microsoft-Windows-Security-Auditing"
"16/03/2026 18:54:45","4624","Information","Microsoft-Windows-Security-Auditing"
"16/03/2026 18:46:55","4624","Information","Microsoft-Windows-Security-Auditing"
"16/03/2026 18:39:45","4624","Information","Microsoft-Windows-Security-Auditing"
"16/03/2026 18:24:45","4624","Information","Microsoft-Windows-Security-Auditing"
"16/03/2026 18:09:45","4624","Information","Microsoft-Windows-Security-Auditing"
"16/03/2026 17:54:44","4624","Information","Microsoft-Windows-Security-Auditing"
"16/03/2026 17:46:54","4624","Information","Microsoft-Windows-Security-Auditing"
"16/03/2026 17:41:48","4624","Information","Microsoft-Windows-Security-Auditing"
"16/03/2026 17:39:42","4624","Information","Microsoft-Windows-Security-Auditing"
"16/03/2026 17:38:58","4624","Information","Microsoft-Windows-Security-Auditing"
"16/03/2026 17:38:56","4624","Information","Microsoft-Windows-Security-Auditing"
"16/03/2026 17:24:21","4624","Information","Microsoft-Windows-Security-Auditing"
"16/03/2026 17:19:02","4624","Information","Microsoft-Windows-Security-Auditing"
"16/03/2026 17:14:03","4624","Information","Microsoft-Windows-Security-Auditing"
"16/03/2026 17:09:31","4624","Information","Microsoft-Windows-Security-Auditing"
"16/03/2026 16:58:29","4624","Information","Microsoft-Windows-Security-Auditing"
"16/03/2026 16:54:31","4624","Information","Microsoft-Windows-Security-Auditing"
"16/03/2026 16:49:33","4624","Information","Microsoft-Windows-Security-Auditing"
"16/03/2026 16:44:21","4624","Information","Microsoft-Windows-Security-Auditing"
"16/03/2026 16:39:57","4624","Information","Microsoft-Windows-Security-Auditing"
"16/03/2026 16:39:31","4624","Information","Microsoft-Windows-Security-Auditing"
"16/03/2026 16:39:30","4624","Information","Microsoft-Windows-Security-Auditing"
"16/03/2026 16:39:30","4624","Information","Microsoft-Windows-Security-Auditing"
"16/03/2026 16:39:29","4624","Information","Microsoft-Windows-Security-Auditing"
"16/03/2026 16:39:29","4624","Information","Microsoft-Windows-Security-Auditing"
"16/03/2026 16:39:25","4624","Information","Microsoft-Windows-Security-Auditing"
"16/03/2026 16:31:06","4624","Information","Microsoft-Windows-Security-Auditing"
"16/03/2026 16:24:59","4624","Information","Microsoft-Windows-Security-Auditing"
"16/03/2026 16:24:30","4624","Information","Microsoft-Windows-Security-Auditing"
"16/03/2026 16:09:58","4624","Information","Microsoft-Windows-Security-Auditing"
"16/03/2026 16:09:30","4624","Information","Microsoft-Windows-Security-Auditing"
"16/03/2026 16:09:25","4624","Information","Microsoft-Windows-Security-Auditing"
"16/03/2026 15:54:30","4624","Information","Microsoft-Windows-Security-Auditing"
"16/03/2026 15:53:56","4624","Information","Microsoft-Windows-Security-Auditing"
"16/03/2026 15:50:52","4624","Information","Microsoft-Windows-Security-Auditing"
"16/03/2026 15:50:48","4624","Information","Microsoft-Windows-Security-Auditing"
"16/03/2026 15:50:10","4624","Information","Microsoft-Windows-Security-Auditing"
"16/03/2026 15:44:53","4624","Information","Microsoft-Windows-Security-Auditing"
"16/03/2026 15:43:46","4624","Information","Microsoft-Windows-Security-Auditing"
"16/03/2026 15:39:03","4624","Information","Microsoft-Windows-Security-Auditing"
"16/03/2026 15:39:02","4624","Information","Microsoft-Windows-Security-Auditing"
"16/03/2026 15:39:02","4624","Information","Microsoft-Windows-Security-Auditing"
"16/03/2026 15:39:02","4624","Information","Microsoft-Windows-Security-Auditing"
"16/03/2026 15:39:02","4624","Information","Microsoft-Windows-Security-Auditing"
"16/03/2026 15:39:02","4624","Information","Microsoft-Windows-Security-Auditing"
"16/03/2026 15:39:02","4624","Information","Microsoft-Windows-Security-Auditing"
"16/03/2026 15:39:02","4624","Information","Microsoft-Windows-Security-Auditing"
"16/03/2026 15:39:02","4624","Information","Microsoft-Windows-Security-Auditing"
"16/03/2026 15:39:02","4624","Information","Microsoft-Windows-Security-Auditing"
"16/03/2026 15:39:02","4624","Information","Microsoft-Windows-Security-Auditing"
"16/03/2026 15:39:01","4624","Information","Microsoft-Windows-Security-Auditing"
"16/03/2026 15:39:01","4624","Information","Microsoft-Windows-Security-Auditing"
"16/03/2026 15:39:01","4624","Information","Microsoft-Windows-Security-Auditing"
"16/03/2026 15:39:01","4624","Information","Microsoft-Windows-Security-Auditing"
"16/03/2026 15:39:01","4624","Information","Microsoft-Windows-Security-Auditing"
"16/03/2026 15:39:01","4624","Information","Microsoft-Windows-Security-Auditing"
"16/03/2026 15:39:01","4624","Information","Microsoft-Windows-Security-Auditing"
"16/03/2026 15:38:59","4624","Information","Microsoft-Windows-Security-Auditing"
"16/03/2026 15:38:58","4624","Information","Microsoft-Windows-Security-Auditing"
"16/03/2026 15:38:57","4624","Information","Microsoft-Windows-Security-Auditing"
"16/03/2026 15:38:56","4624","Information","Microsoft-Windows-Security-Auditing"
"16/03/2026 15:38:56","4624","Information","Microsoft-Windows-Security-Auditing"
"16/03/2026 15:33:47","4624","Information","Microsoft-Windows-Security-Auditing"
"16/03/2026 15:33:44","4624","Information","Microsoft-Windows-Security-Auditing"
"16/03/2026 15:33:29","4624","Information","Microsoft-Windows-Security-Auditing"
"16/03/2026 15:29:10","4624","Information","Microsoft-Windows-Security-Auditing"
"16/03/2026 15:24:30","4624","Information","Microsoft-Windows-Security-Auditing"
"16/03/2026 15:09:30","4624","Information","Microsoft-Windows-Security-Auditing"
"16/03/2026 14:58:02","4624","Information","Microsoft-Windows-Security-Auditing"
"16/03/2026 14:54:38","4624","Information","Microsoft-Windows-Security-Auditing"
"16/03/2026 14:54:30","4624","Information","Microsoft-Windows-Security-Auditing"
"16/03/2026 14:54:26","4624","Information","Microsoft-Windows-Security-Auditing"
"16/03/2026 14:54:25","4624","Information","Microsoft-Windows-Security-Auditing"
"16/03/2026 14:49:52","4624","Information","Microsoft-Windows-Security-Auditing"
"16/03/2026 14:49:51","4624","Information","Microsoft-Windows-Security-Auditing"
"16/03/2026 14:49:40","4624","Information","Microsoft-Windows-Security-Auditing"
"16/03/2026 14:45:16","4624","Information","Microsoft-Windows-Security-Auditing"
"16/03/2026 14:44:44","4624","Information","Microsoft-Windows-Security-Auditing"
"16/03/2026 14:44:31","4624","Information","Microsoft-Windows-Security-Auditing"
"16/03/2026 14:42:27","4624","Information","Microsoft-Windows-Security-Auditing"
"16/03/2026 14:41:29","4624","Information","Microsoft-Windows-Security-Auditing"
"16/03/2026 14:41:29","4624","Information","Microsoft-Windows-Security-Auditing"
"16/03/2026 14:41:03","4624","Information","Microsoft-Windows-Security-Auditing"
"16/03/2026 14:41:02","4624","Information","Microsoft-Windows-Security-Auditing"
"16/03/2026 14:41:02","4624","Information","Microsoft-Windows-Security-Auditing"
"16/03/2026 14:39:53","4624","Information","Microsoft-Windows-Security-Auditing"
"16/03/2026 14:39:53","4624","Information","Microsoft-Windows-Security-Auditing"
"16/03/2026 14:39:51","4624","Information","Microsoft-Windows-Security-Auditing"
"16/03/2026 14:39:33","4624","Information","Microsoft-Windows-Security-Auditing"
"16/03/2026 14:39:32","4624","Information","Microsoft-Windows-Security-Auditing"
"16/03/2026 14:39:30","4624","Information","Microsoft-Windows-Security-Auditing"
"16/03/2026 14:39:30","4624","Information","Microsoft-Windows-Security-Auditing"
"16/03/2026 14:39:30","4624","Information","Microsoft-Windows-Security-Auditing"
"16/03/2026 14:39:30","4624","Information","Microsoft-Windows-Security-Auditing"
"16/03/2026 14:39:28","4624","Information","Microsoft-Windows-Security-Auditing"
"16/03/2026 14:39:27","4624","Information","Microsoft-Windows-Security-Auditing"
"16/03/2026 14:39:27","4624","Information","Microsoft-Windows-Security-Auditing"
"16/03/2026 14:39:27","4624","Information","Microsoft-Windows-Security-Auditing"
"16/03/2026 14:39:27","4624","Information","Microsoft-Windows-Security-Auditing"
"16/03/2026 14:39:26","4624","Information","Microsoft-Windows-Security-Auditing"
"16/03/2026 14:39:26","4624","Information","Microsoft-Windows-Security-Auditing"
"16/03/2026 14:39:25","4624","Information","Microsoft-Windows-Security-Auditing"
"16/03/2026 14:39:25","4624","Information","Microsoft-Windows-Security-Auditing"
"16/03/2026 14:39:25","4624","Information","Microsoft-Windows-Security-Auditing"
"16/03/2026 14:39:25","4624","Information","Microsoft-Windows-Security-Auditing"
