"TimeCreated","Id","LevelDisplayName","ProviderName"
"19/03/2026 11:35:18","16","Information","Microsoft-Windows-Kernel-General"
"19/03/2026 11:30:29","19","Information","Microsoft-Windows-WindowsUpdateClient"
"19/03/2026 11:30:17","43","Information","Microsoft-Windows-WindowsUpdateClient"
"19/03/2026 11:30:17","44","Information","Microsoft-Windows-WindowsUpdateClient"
"19/03/2026 11:25:01","12","Information","Microsoft-Windows-UserModePowerService"
"19/03/2026 11:25:01","12","Information","Microsoft-Windows-UserModePowerService"
"19/03/2026 11:25:00","105","Information","Microsoft-Windows-Kernel-Power"
"19/03/2026 11:24:15","12","Information","Microsoft-Windows-UserModePowerService"
"19/03/2026 11:15:47","16","Information","Microsoft-Windows-Kernel-General"
"19/03/2026 11:15:47","16","Information","Microsoft-Windows-Kernel-General"
"19/03/2026 11:15:47","16","Information","Microsoft-Windows-Kernel-General"
"19/03/2026 11:15:47","16","Information","Microsoft-Windows-Kernel-General"
"19/03/2026 11:15:47","16","Information","Microsoft-Windows-Kernel-General"
"19/03/2026 11:15:47","16","Information","Microsoft-Windows-Kernel-General"
"19/03/2026 11:15:47","16","Information","Microsoft-Windows-Kernel-General"
"19/03/2026 11:15:47","16","Information","Microsoft-Windows-Kernel-General"
"19/03/2026 10:46:29","16","Information","Microsoft-Windows-Kernel-General"
"19/03/2026 10:46:29","16","Information","Microsoft-Windows-Kernel-General"
"19/03/2026 10:46:29","16","Information","Microsoft-Windows-Kernel-General"
"19/03/2026 10:46:29","16","Information","Microsoft-Windows-Kernel-General"
"19/03/2026 10:46:28","16","Information","Microsoft-Windows-Kernel-General"
"19/03/2026 10:34:17","16","Information","Microsoft-Windows-Kernel-General"
"19/03/2026 10:34:17","16","Information","Microsoft-Windows-Kernel-General"
"19/03/2026 10:13:26","16","Information","Microsoft-Windows-Kernel-General"
"19/03/2026 10:10:17","16","Information","Microsoft-Windows-Kernel-General"
"19/03/2026 10:10:17","16","Information","Microsoft-Windows-Kernel-General"
"19/03/2026 10:10:17","16","Information","Microsoft-Windows-Kernel-General"
"19/03/2026 10:05:08","19","Information","Microsoft-Windows-WindowsUpdateClient"
"19/03/2026 10:04:53","43","Information","Microsoft-Windows-WindowsUpdateClient"
"19/03/2026 10:04:53","44","Information","Microsoft-Windows-WindowsUpdateClient"
"19/03/2026 10:04:20","16","Information","Microsoft-Windows-Kernel-General"
"19/03/2026 10:04:18","16","Information","Microsoft-Windows-Kernel-General"
"19/03/2026 10:04:17","16","Information","Microsoft-Windows-Kernel-General"
"19/03/2026 10:04:15","16","Information","Microsoft-Windows-Kernel-General"
"19/03/2026 10:04:13","98","Information","Microsoft-Windows-Ntfs"
"19/03/2026 10:03:59","98","Information","Microsoft-Windows-Ntfs"
"19/03/2026 10:03:30","10016","Avertissement","Microsoft-Windows-DistributedCOM"
"19/03/2026 09:59:29","7040","Information","Service Control Manager"
"19/03/2026 09:59:26","1","Information","Microsoft-Windows-Kernel-General"
"19/03/2026 09:59:26","21","Erreur","Microsoft-Windows-HAL"
"19/03/2026 09:59:26","20","Erreur","Microsoft-Windows-HAL"
"19/03/2026 09:59:26","24","Information","Microsoft-Windows-Kernel-General"
"19/03/2026 09:59:23","1808","Information","Microsoft-Windows-TPM-WMI"
"19/03/2026 09:57:29","4","Information","Virtual Disk Service"
"19/03/2026 09:57:28","3","Information","Virtual Disk Service"
"19/03/2026 09:56:34","10016","Avertissement","Microsoft-Windows-DistributedCOM"
"19/03/2026 09:56:32","0","Information","Intel Connectivity Network Service"
"19/03/2026 09:56:32","16","Information","Intel Connectivity Network Service"
"19/03/2026 09:56:31","16","Information","Microsoft-Windows-Kernel-General"
"19/03/2026 09:56:31","16","Information","Microsoft-Windows-Kernel-General"
"19/03/2026 09:56:32","0","Information","Intel Analytics Service"
"19/03/2026 09:56:32","16","Information","Intel Analytics Service"
"19/03/2026 09:55:58","6062","Avertissement","Netwtw14"
"19/03/2026 09:55:51","7021","Information","Netwtw14"
"19/03/2026 09:55:25","37","Avertissement","Microsoft-Windows-Kernel-Processor-Power"
"19/03/2026 09:55:25","37","Avertissement","Microsoft-Windows-Kernel-Processor-Power"
"19/03/2026 09:55:25","37","Avertissement","Microsoft-Windows-Kernel-Processor-Power"
"19/03/2026 09:55:25","37","Avertissement","Microsoft-Windows-Kernel-Processor-Power"
"19/03/2026 09:55:25","37","Avertissement","Microsoft-Windows-Kernel-Processor-Power"
"19/03/2026 09:55:25","37","Avertissement","Microsoft-Windows-Kernel-Processor-Power"
"19/03/2026 09:55:25","37","Avertissement","Microsoft-Windows-Kernel-Processor-Power"
"19/03/2026 09:55:25","37","Avertissement","Microsoft-Windows-Kernel-Processor-Power"
"19/03/2026 09:55:25","37","Avertissement","Microsoft-Windows-Kernel-Processor-Power"
"19/03/2026 09:55:25","37","Avertissement","Microsoft-Windows-Kernel-Processor-Power"
"19/03/2026 09:54:49","7045","Information","Service Control Manager"
"19/03/2026 09:54:49","10001","Information","Microsoft-Windows-WLAN-AutoConfig"
"19/03/2026 09:54:46","16","Information","Microsoft-Windows-Kernel-General"
"19/03/2026 09:54:45","16","Information","Microsoft-Windows-Kernel-General"
"19/03/2026 09:54:44","172","Information","Microsoft-Windows-Kernel-Power"
"19/03/2026 09:54:44","7017","Information","Netwtw14"
"19/03/2026 09:54:43","7010","Information","Netwtw14"
"19/03/2026 09:54:43","7002","Information","Netwtw14"
"19/03/2026 09:54:43","7005","Information","Netwtw14"
"19/03/2026 09:54:43","7006","Information","Netwtw14"
"19/03/2026 09:54:43","7027","Information","Netwtw14"
"19/03/2026 09:54:43","7029","Information","Netwtw14"
"19/03/2026 09:54:43","7036","Information","Netwtw14"
"19/03/2026 09:54:43","10002","Avertissement","Microsoft-Windows-WLAN-AutoConfig"
"19/03/2026 09:54:43","8000","Information","Netwtw14"
"19/03/2026 09:54:43","172","Information","Microsoft-Windows-Kernel-Power"
"19/03/2026 09:54:40","1046","Information","Microsoft-Windows-TPM-WMI"
"19/03/2026 09:54:37","113","Information","Microsoft-Windows-HttpService"
"19/03/2026 09:54:37","111","Information","Microsoft-Windows-HttpService"
"19/03/2026 09:54:36","10001","Information","Microsoft-Windows-WLAN-AutoConfig"
"19/03/2026 09:54:36","12","Erreur","VBoxNetLwf"
"19/03/2026 09:54:36","172","Information","Microsoft-Windows-Kernel-Power"
"19/03/2026 09:54:36","7017","Information","Netwtw14"
"19/03/2026 09:54:36","7010","Information","Netwtw14"
"19/03/2026 09:54:36","7002","Information","Netwtw14"
"19/03/2026 09:54:36","7005","Information","Netwtw14"
"19/03/2026 09:54:36","7006","Information","Netwtw14"
"19/03/2026 09:54:36","7027","Information","Netwtw14"
"19/03/2026 09:54:36","7029","Information","Netwtw14"
"19/03/2026 09:54:36","7036","Information","Netwtw14"
"19/03/2026 09:54:36","1046","Information","Microsoft-Windows-TPM-WMI"
"19/03/2026 09:54:34","10002","Avertissement","Microsoft-Windows-WLAN-AutoConfig"
"19/03/2026 09:54:34","8000","Information","Netwtw14"
"19/03/2026 09:54:34","172","Information","Microsoft-Windows-Kernel-Power"
"19/03/2026 09:54:34","5","Information","ADIAmpDriver"
"19/03/2026 09:54:33","1025","Information","Microsoft-Windows-TPM-WMI"
"19/03/2026 09:54:33","1282","Information","Microsoft-Windows-TPM-WMI"
"19/03/2026 09:54:32","12","Erreur","VBoxNetLwf"
"19/03/2026 09:54:31","18","Information","TPM"
"19/03/2026 09:54:31","1","Information","Microsoft-Windows-Configuration-Change-Monitor"
"19/03/2026 09:54:32","18","Information","ErlSrv"
"19/03/2026 09:54:31","1","Information","Microsoft-Windows-Configuration-Change-Monitor"
"19/03/2026 09:54:30","1","Information","Microsoft-Windows-Configuration-Change-Monitor"
"19/03/2026 09:54:30","12","Information","Microsoft-Windows-UserModePowerService"
"19/03/2026 09:54:29","521","Information","Microsoft-Windows-Kernel-Power"
"19/03/2026 09:54:29","105","Information","Microsoft-Windows-Kernel-Power"
"19/03/2026 09:54:29","521","Information","Microsoft-Windows-Kernel-Power"
"19/03/2026 09:54:29","51","Information","Microsoft-Windows-UserModePowerService"
"19/03/2026 09:54:29","51","Information","Microsoft-Windows-UserModePowerService"
"19/03/2026 09:54:29","17","Information","ADIAmpDriver"
"19/03/2026 09:54:29","19","Information","ADIAmpDriver"
"19/03/2026 09:54:28","12","Information","Microsoft-Windows-UserModePowerService"
"19/03/2026 09:54:28","12","Information","Microsoft-Windows-UserModePowerService"
"19/03/2026 09:54:27","12","Information","Microsoft-Windows-UserModePowerService"
"19/03/2026 09:54:26","12","Information","Microsoft-Windows-UserModePowerService"
"19/03/2026 09:54:26","12","Information","Microsoft-Windows-UserModePowerService"
"19/03/2026 09:54:25","10016","Avertissement","Microsoft-Windows-DistributedCOM"
"19/03/2026 09:54:25","10016","Avertissement","Microsoft-Windows-DistributedCOM"
"19/03/2026 09:54:25","10001","Information","Microsoft-Windows-WLAN-AutoConfig"
"19/03/2026 09:54:24","4000","Information","Microsoft-Windows-WLAN-AutoConfig"
"19/03/2026 09:54:23","12","Information","Microsoft-Windows-UserModePowerService"
"19/03/2026 09:54:22","12","Information","Microsoft-Windows-UserModePowerService"
"19/03/2026 09:54:22","9","Information","ADIAmpDriver"
"19/03/2026 09:54:22","4","Information","ADIAmpDriver"
"19/03/2026 09:54:22","7","Information","ADIAmpDriver"
"19/03/2026 09:54:22","7009","Erreur","Service Control Manager"
"19/03/2026 09:54:22","1","Information","Microsoft-Windows-IsolatedUserMode"
"19/03/2026 09:54:22","5","Information","Microsoft-Windows-IsolatedUserMode"
"19/03/2026 09:54:21","112","Information","Microsoft-Windows-HttpService"
"19/03/2026 09:54:21","112","Information","Microsoft-Windows-HttpService"
"19/03/2026 09:54:21","112","Information","Microsoft-Windows-HttpService"
"19/03/2026 09:54:21","112","Information","Microsoft-Windows-HttpService"
"19/03/2026 09:54:21","112","Information","Microsoft-Windows-HttpService"
"19/03/2026 09:54:21","112","Information","Microsoft-Windows-HttpService"
"19/03/2026 09:54:21","112","Information","Microsoft-Windows-HttpService"
"19/03/2026 09:54:21","112","Information","Microsoft-Windows-HttpService"
"19/03/2026 09:54:21","112","Information","Microsoft-Windows-HttpService"
"19/03/2026 09:54:21","112","Information","Microsoft-Windows-HttpService"
"19/03/2026 09:54:21","112","Information","Microsoft-Windows-HttpService"
"19/03/2026 09:54:21","112","Information","Microsoft-Windows-HttpService"
"19/03/2026 09:54:21","112","Information","Microsoft-Windows-HttpService"
"19/03/2026 09:54:21","277","Information","Microsoft-Windows-Hyper-V-VmSwitch"
"19/03/2026 09:54:21","1038","Information","Microsoft-Windows-TPM-WMI"
"19/03/2026 09:54:21","1041","Information","Microsoft-Windows-TPM-WMI"
"19/03/2026 09:54:21","7001","Information","Microsoft-Windows-Winlogon"
"19/03/2026 09:54:21","267","Information","Win32k"
"19/03/2026 09:54:21","5","Information","ADIAmpDriver"
"19/03/2026 09:54:21","6","Information","Microsoft-Windows-FilterManager"
"19/03/2026 09:54:21","267","Information","Win32k"
"19/03/2026 09:54:21","6","Information","Microsoft-Windows-FilterManager"
"19/03/2026 09:54:21","6","Information","Microsoft-Windows-FilterManager"
"19/03/2026 09:54:21","6","Information","Microsoft-Windows-FilterManager"
"19/03/2026 09:54:21","1","Information","Microsoft-Windows-FilterManager"
"19/03/2026 09:54:21","6","Information","Microsoft-Windows-FilterManager"
"19/03/2026 09:54:21","6","Information","Microsoft-Windows-FilterManager"
"19/03/2026 09:54:21","6","Information","Microsoft-Windows-FilterManager"
"19/03/2026 09:54:21","6","Information","Microsoft-Windows-FilterManager"
"19/03/2026 09:54:21","51046","Information","Microsoft-Windows-DHCPv6-Client"
"19/03/2026 09:54:21","50036","Information","Microsoft-Windows-Dhcp-Client"
"19/03/2026 09:54:21","50103","Information","Microsoft-Windows-Dhcp-Client"
"19/03/2026 09:54:21","50036","Information","Microsoft-Windows-Dhcp-Client"
"19/03/2026 09:54:21","16983","Information","Microsoft-Windows-Directory-Services-SAM"
"19/03/2026 09:54:21","16977","Information","Microsoft-Windows-Directory-Services-SAM"
"19/03/2026 09:54:20","16962","Information","Microsoft-Windows-Directory-Services-SAM"
"19/03/2026 09:54:20","5","Information","Microsoft-Windows-IsolatedUserMode"
"19/03/2026 09:54:20","6156","Information","LsaSrv"
"19/03/2026 09:54:20","12","Information","Microsoft-Windows-Wininit"
"19/03/2026 09:54:20","18","Information","Microsoft-Windows-Wininit"
"19/03/2026 09:54:20","1","Information","Microsoft-Windows-IsolatedUserMode"
"19/03/2026 09:54:20","5","Information","Microsoft-Windows-IsolatedUserMode"
"19/03/2026 09:54:20","14","Information","Microsoft-Windows-Wininit"
"19/03/2026 09:54:20","23","Information","Microsoft-Windows-Wininit"
"19/03/2026 09:54:20","25","Information","Microsoft-Windows-Wininit"
"19/03/2026 09:54:20","24","Information","Microsoft-Windows-Wininit"
"19/03/2026 09:54:20","19","Information","Microsoft-Windows-Wininit"
"19/03/2026 09:54:20","21","Information","Microsoft-Windows-Wininit"
"19/03/2026 09:54:19","98","Information","Microsoft-Windows-Ntfs"
"19/03/2026 09:54:19","98","Information","Microsoft-Windows-Ntfs"
"19/03/2026 09:54:19","219","Avertissement","Microsoft-Windows-Kernel-PnP"
"19/03/2026 09:54:19","10118","Information","Microsoft-Windows-DriverFrameworks-UserMode"
"19/03/2026 09:54:18","18","Information","BTHUSB"
"19/03/2026 09:54:17","21","Information","ADIAmpDriver"
"19/03/2026 09:54:17","219","Avertissement","Microsoft-Windows-Kernel-PnP"
"19/03/2026 09:54:17","10118","Information","Microsoft-Windows-DriverFrameworks-UserMode"
"19/03/2026 09:54:16","219","Avertissement","Microsoft-Windows-Kernel-PnP"
"19/03/2026 09:54:16","10118","Information","Microsoft-Windows-DriverFrameworks-UserMode"
"19/03/2026 09:54:16","28","Information","Intel-SST-OED"
"19/03/2026 09:54:16","28","Information","Intel-SST-OED"
"19/03/2026 09:54:16","28","Information","Intel-SST-OED"
"19/03/2026 09:54:16","28","Information","Intel-SST-OED"
"19/03/2026 09:54:16","4","Information","ADIAmpDriver"
"19/03/2026 09:54:16","26","Information","ADIAmpDriver"
"19/03/2026 09:54:16","7017","Information","Netwtw14"
"19/03/2026 09:54:16","7010","Information","Netwtw14"
"19/03/2026 09:54:16","7002","Information","Netwtw14"
"19/03/2026 09:54:16","7005","Information","Netwtw14"
"19/03/2026 09:54:16","7006","Information","Netwtw14"
"19/03/2026 09:54:16","7027","Information","Netwtw14"
"19/03/2026 09:54:16","7029","Information","Netwtw14"
"19/03/2026 09:54:16","7036","Information","Netwtw14"
"19/03/2026 09:54:15","4096","Information","nipcibrd"
"19/03/2026 09:54:15","4096","Information","nipcibrd"
"19/03/2026 09:54:14","12","Erreur","VBoxNetLwf"
"19/03/2026 09:54:14","55","Information","Microsoft-Windows-Kernel-Processor-Power"
"19/03/2026 09:54:14","55","Information","Microsoft-Windows-Kernel-Processor-Power"
"19/03/2026 09:54:14","55","Information","Microsoft-Windows-Kernel-Processor-Power"
"19/03/2026 09:54:14","55","Information","Microsoft-Windows-Kernel-Processor-Power"
"19/03/2026 09:54:14","55","Information","Microsoft-Windows-Kernel-Processor-Power"
"19/03/2026 09:54:14","55","Information","Microsoft-Windows-Kernel-Processor-Power"
"19/03/2026 09:54:14","55","Information","Microsoft-Windows-Kernel-Processor-Power"
"19/03/2026 09:54:14","55","Information","Microsoft-Windows-Kernel-Processor-Power"
"19/03/2026 09:54:14","55","Information","Microsoft-Windows-Kernel-Processor-Power"
"19/03/2026 09:54:14","55","Information","Microsoft-Windows-Kernel-Processor-Power"
"19/03/2026 09:54:14","55","Information","Microsoft-Windows-Kernel-Processor-Power"
"19/03/2026 09:54:14","55","Information","Microsoft-Windows-Kernel-Processor-Power"
"19/03/2026 09:54:14","55","Information","Microsoft-Windows-Kernel-Processor-Power"
"19/03/2026 09:54:14","55","Information","Microsoft-Windows-Kernel-Processor-Power"
"19/03/2026 09:54:13","55","Information","Microsoft-Windows-Kernel-Processor-Power"
"19/03/2026 09:54:13","55","Information","Microsoft-Windows-Kernel-Processor-Power"
"19/03/2026 09:54:13","2","Information","MEIx64"
"19/03/2026 09:54:13","55","Information","Microsoft-Windows-Kernel-Processor-Power"
"19/03/2026 09:54:13","55","Information","Microsoft-Windows-Kernel-Processor-Power"
"19/03/2026 09:54:13","55","Information","Microsoft-Windows-Kernel-Processor-Power"
"19/03/2026 09:54:13","55","Information","Microsoft-Windows-Kernel-Processor-Power"
"19/03/2026 09:54:13","55","Information","Microsoft-Windows-Kernel-Processor-Power"
"19/03/2026 09:54:13","55","Information","Microsoft-Windows-Kernel-Processor-Power"
"19/03/2026 09:54:13","219","Avertissement","Microsoft-Windows-Kernel-PnP"
"19/03/2026 09:54:13","10118","Information","Microsoft-Windows-DriverFrameworks-UserMode"
"19/03/2026 09:54:10","24","Information","Microsoft-Windows-Kernel-General"
"19/03/2026 09:54:09","125","Information","Microsoft-Windows-Kernel-Power"
"19/03/2026 09:54:09","125","Information","Microsoft-Windows-Kernel-Power"
"19/03/2026 09:54:09","6","Information","Microsoft-Windows-FilterManager"
"19/03/2026 09:54:09","7036","Information","VfpExt"
"19/03/2026 09:54:09","7036","Information","VfpExt"
"19/03/2026 09:54:09","6","Information","Microsoft-Windows-FilterManager"
"19/03/2026 09:54:09","6","Information","Microsoft-Windows-FilterManager"
"19/03/2026 09:54:08","98","Information","Microsoft-Windows-Ntfs"
"19/03/2026 09:54:07","6","Information","Microsoft-Windows-FilterManager"
"19/03/2026 09:54:07","6","Information","Microsoft-Windows-FilterManager"
"19/03/2026 09:54:07","6","Information","Microsoft-Windows-FilterManager"
"19/03/2026 09:54:07","6","Information","Microsoft-Windows-FilterManager"
"19/03/2026 09:54:07","4096","Information","nipcibrd"
"19/03/2026 09:54:06","16","Information","Microsoft-Windows-HAL"
"19/03/2026 09:54:06","20","Information","Microsoft-Windows-Kernel-General"
"19/03/2026 09:54:06","30","Information","Microsoft-Windows-Kernel-Boot"
"19/03/2026 09:54:06","3","Information","Microsoft-Windows-IsolatedUserMode"
"19/03/2026 09:54:06","165","Information","Microsoft-Windows-Hyper-V-Hypervisor"
"19/03/2026 09:54:06","156","Information","Microsoft-Windows-Hyper-V-Hypervisor"
"19/03/2026 09:54:06","129","Information","Microsoft-Windows-Hyper-V-Hypervisor"
"19/03/2026 09:54:06","2","Information","Microsoft-Windows-Hyper-V-Hypervisor"
"19/03/2026 09:54:06","1","Information","Microsoft-Windows-Hyper-V-Hypervisor"
"19/03/2026 09:54:06","27","Information","Microsoft-Windows-Kernel-Boot"
"19/03/2026 09:54:06","25","Information","Microsoft-Windows-Kernel-Boot"
"19/03/2026 09:54:06","242","Information","Microsoft-Windows-Kernel-Boot"
"19/03/2026 09:54:06","272","Information","Microsoft-Windows-Kernel-Boot"
"19/03/2026 09:54:06","238","Information","Microsoft-Windows-Kernel-Boot"
"19/03/2026 09:54:06","247","Information","Microsoft-Windows-Kernel-Boot"
"19/03/2026 09:54:06","20","Information","Microsoft-Windows-Kernel-Boot"
"19/03/2026 09:54:06","32","Information","Microsoft-Windows-Kernel-Boot"
"19/03/2026 09:54:06","18","Information","Microsoft-Windows-Kernel-Boot"
"19/03/2026 09:54:06","153","Information","Microsoft-Windows-Kernel-Boot"
"19/03/2026 09:54:06","25","Information","Microsoft-Windows-Kernel-General"
"19/03/2026 09:54:06","12","Information","Microsoft-Windows-Kernel-General"
"18/03/2026 22:57:23","13","Information","Microsoft-Windows-Kernel-General"
"18/03/2026 22:57:23","577","Information","Microsoft-Windows-Kernel-Power"
"18/03/2026 22:57:21","109","Information","Microsoft-Windows-Kernel-Power"
"18/03/2026 22:57:18","4001","Information","Microsoft-Windows-WLAN-AutoConfig"
"18/03/2026 22:57:18","10002","Avertissement","Microsoft-Windows-WLAN-AutoConfig"
"18/03/2026 22:57:18","117","Information","Microsoft-Windows-HttpService"
"18/03/2026 22:57:18","114","Information","Microsoft-Windows-HttpService"
"19/03/2026 09:54:21","6013","Information","EventLog"
"19/03/2026 09:54:21","6005","Information","EventLog"
"19/03/2026 09:54:21","6009","Information","EventLog"
"18/03/2026 22:57:16","50037","Information","Microsoft-Windows-Dhcp-Client"
"18/03/2026 22:57:16","50106","Information","Microsoft-Windows-Dhcp-Client"
"18/03/2026 22:57:16","51057","Information","Microsoft-Windows-DHCPv6-Client"
"18/03/2026 22:57:16","51057","Information","Microsoft-Windows-DHCPv6-Client"
"18/03/2026 22:57:16","51057","Information","Microsoft-Windows-DHCPv6-Client"
"18/03/2026 22:57:16","51047","Information","Microsoft-Windows-DHCPv6-Client"
"18/03/2026 22:57:16","50105","Information","Microsoft-Windows-Dhcp-Client"
"18/03/2026 22:57:16","50104","Information","Microsoft-Windows-Dhcp-Client"
"18/03/2026 22:57:16","6006","Information","EventLog"
"18/03/2026 22:57:14","0","Information","Intel Connectivity Network Service"
"18/03/2026 22:57:13","2","Information","Microsoft-Windows-IsolatedUserMode"
"18/03/2026 22:57:13","0","Information","Intel Analytics Service"
"18/03/2026 22:57:13","16","Information","Intel Analytics Service"
"18/03/2026 22:57:13","16","Information","Intel Connectivity Network Service"
"18/03/2026 22:57:12","7002","Information","Microsoft-Windows-Winlogon"
"18/03/2026 22:57:11","100","Avertissement","winsrvext"
"18/03/2026 22:57:10","10010","Erreur","Microsoft-Windows-DistributedCOM"
"18/03/2026 22:57:05","10010","Erreur","Microsoft-Windows-DistributedCOM"
"18/03/2026 22:57:05","10010","Erreur","Microsoft-Windows-DistributedCOM"
"18/03/2026 22:57:05","1074","Information","User32"
"18/03/2026 22:53:08","19","Information","Microsoft-Windows-WindowsUpdateClient"
"18/03/2026 22:53:01","43","Information","Microsoft-Windows-WindowsUpdateClient"
"18/03/2026 22:53:01","44","Information","Microsoft-Windows-WindowsUpdateClient"
"18/03/2026 22:53:01","44","Information","Microsoft-Windows-WindowsUpdateClient"
"18/03/2026 22:53:01","44","Information","Microsoft-Windows-WindowsUpdateClient"
"18/03/2026 22:12:43","12","Information","Microsoft-Windows-UserModePowerService"
"18/03/2026 22:12:41","12","Information","Microsoft-Windows-UserModePowerService"
"18/03/2026 22:12:41","105","Information","Microsoft-Windows-Kernel-Power"
"18/03/2026 22:09:05","16","Information","Microsoft-Windows-Kernel-General"
"18/03/2026 22:09:05","16","Information","Microsoft-Windows-Kernel-General"
"18/03/2026 22:09:05","16","Information","Microsoft-Windows-Kernel-General"
"18/03/2026 21:15:28","12","Information","Microsoft-Windows-UserModePowerService"
"18/03/2026 19:10:50","12","Information","Microsoft-Windows-UserModePowerService"
"18/03/2026 19:10:49","105","Information","Microsoft-Windows-Kernel-Power"
"18/03/2026 18:29:49","19","Information","Microsoft-Windows-WindowsUpdateClient"
"18/03/2026 18:29:42","43","Information","Microsoft-Windows-WindowsUpdateClient"
"18/03/2026 18:29:42","44","Information","Microsoft-Windows-WindowsUpdateClient"
"18/03/2026 18:24:35","1","Information","Microsoft-Windows-Kernel-General"
"18/03/2026 18:24:35","21","Erreur","Microsoft-Windows-HAL"
"18/03/2026 18:24:35","20","Erreur","Microsoft-Windows-HAL"
"18/03/2026 18:24:35","24","Information","Microsoft-Windows-Kernel-General"
"18/03/2026 18:24:07","1808","Information","Microsoft-Windows-TPM-WMI"
"18/03/2026 18:22:26","4","Information","Virtual Disk Service"
"18/03/2026 18:22:25","3","Information","Virtual Disk Service"
"18/03/2026 18:22:16","10016","Avertissement","Microsoft-Windows-DistributedCOM"
"18/03/2026 18:21:39","6062","Avertissement","Netwtw14"
"18/03/2026 18:21:37","7021","Information","Netwtw14"
"18/03/2026 18:21:13","10016","Avertissement","Microsoft-Windows-DistributedCOM"
"18/03/2026 18:21:12","0","Information","Intel Connectivity Network Service"
"18/03/2026 18:21:12","16","Information","Intel Connectivity Network Service"
"18/03/2026 18:21:12","0","Information","Intel Analytics Service"
"18/03/2026 18:21:12","16","Information","Intel Analytics Service"
"18/03/2026 18:20:10","37","Avertissement","Microsoft-Windows-Kernel-Processor-Power"
"18/03/2026 18:20:10","37","Avertissement","Microsoft-Windows-Kernel-Processor-Power"
"18/03/2026 18:20:10","37","Avertissement","Microsoft-Windows-Kernel-Processor-Power"
"18/03/2026 18:20:10","37","Avertissement","Microsoft-Windows-Kernel-Processor-Power"
"18/03/2026 18:20:10","37","Avertissement","Microsoft-Windows-Kernel-Processor-Power"
"18/03/2026 18:20:10","37","Avertissement","Microsoft-Windows-Kernel-Processor-Power"
"18/03/2026 18:20:10","37","Avertissement","Microsoft-Windows-Kernel-Processor-Power"
"18/03/2026 18:20:10","37","Avertissement","Microsoft-Windows-Kernel-Processor-Power"
"18/03/2026 18:20:10","37","Avertissement","Microsoft-Windows-Kernel-Processor-Power"
"18/03/2026 18:20:10","37","Avertissement","Microsoft-Windows-Kernel-Processor-Power"
"18/03/2026 18:19:30","12","Information","Microsoft-Windows-UserModePowerService"
"18/03/2026 18:19:29","12","Information","Microsoft-Windows-UserModePowerService"
"18/03/2026 18:19:26","12","Information","Microsoft-Windows-UserModePowerService"
"18/03/2026 18:19:25","12","Information","Microsoft-Windows-UserModePowerService"
"18/03/2026 18:19:24","12","Information","Microsoft-Windows-UserModePowerService"
"18/03/2026 18:19:23","10016","Avertissement","Microsoft-Windows-DistributedCOM"
"18/03/2026 18:19:23","10016","Avertissement","Microsoft-Windows-DistributedCOM"
"18/03/2026 18:19:22","5","Information","ADIAmpDriver"
"18/03/2026 18:19:18","7001","Information","Microsoft-Windows-Winlogon"
"18/03/2026 18:19:17","18","Information","ErlSrv"
"18/03/2026 18:19:17","1046","Information","Microsoft-Windows-TPM-WMI"
"18/03/2026 18:19:17","1046","Information","Microsoft-Windows-TPM-WMI"
"18/03/2026 18:19:16","1025","Information","Microsoft-Windows-TPM-WMI"
"18/03/2026 18:19:15","113","Information","Microsoft-Windows-HttpService"
"18/03/2026 18:19:15","111","Information","Microsoft-Windows-HttpService"
"18/03/2026 18:19:15","12","Erreur","VBoxNetLwf"
"18/03/2026 18:19:14","17","Information","ADIAmpDriver"
"18/03/2026 18:19:14","19","Information","ADIAmpDriver"
"18/03/2026 18:19:13","12","Erreur","VBoxNetLwf"
"18/03/2026 18:19:13","1282","Information","Microsoft-Windows-TPM-WMI"
"18/03/2026 18:19:11","18","Information","TPM"
"18/03/2026 18:19:11","1","Information","Microsoft-Windows-Configuration-Change-Monitor"
"18/03/2026 18:19:11","1","Information","Microsoft-Windows-Configuration-Change-Monitor"
"18/03/2026 18:19:11","1","Information","Microsoft-Windows-Configuration-Change-Monitor"
"18/03/2026 18:19:10","10001","Information","Microsoft-Windows-WLAN-AutoConfig"
"18/03/2026 18:19:10","4000","Information","Microsoft-Windows-WLAN-AutoConfig"
"18/03/2026 18:19:08","12","Information","Microsoft-Windows-UserModePowerService"
"18/03/2026 18:19:08","12","Information","Microsoft-Windows-UserModePowerService"
"18/03/2026 18:19:07","9","Information","ADIAmpDriver"
"18/03/2026 18:19:07","7009","Erreur","Service Control Manager"
"18/03/2026 18:19:07","4","Information","ADIAmpDriver"
"18/03/2026 18:19:07","7","Information","ADIAmpDriver"
"18/03/2026 18:19:07","1","Information","Microsoft-Windows-IsolatedUserMode"
"18/03/2026 18:19:07","5","Information","Microsoft-Windows-IsolatedUserMode"
"18/03/2026 18:19:07","112","Information","Microsoft-Windows-HttpService"
"18/03/2026 18:19:07","112","Information","Microsoft-Windows-HttpService"
"18/03/2026 18:19:07","112","Information","Microsoft-Windows-HttpService"
"18/03/2026 18:19:07","112","Information","Microsoft-Windows-HttpService"
"18/03/2026 18:19:07","112","Information","Microsoft-Windows-HttpService"
"18/03/2026 18:19:07","112","Information","Microsoft-Windows-HttpService"
"18/03/2026 18:19:07","112","Information","Microsoft-Windows-HttpService"
"18/03/2026 18:19:07","112","Information","Microsoft-Windows-HttpService"
"18/03/2026 18:19:07","112","Information","Microsoft-Windows-HttpService"
"18/03/2026 18:19:07","112","Information","Microsoft-Windows-HttpService"
"18/03/2026 18:19:07","112","Information","Microsoft-Windows-HttpService"
"18/03/2026 18:19:07","112","Information","Microsoft-Windows-HttpService"
"18/03/2026 18:19:07","112","Information","Microsoft-Windows-HttpService"
"18/03/2026 18:19:07","1038","Information","Microsoft-Windows-TPM-WMI"
"18/03/2026 18:19:07","1041","Information","Microsoft-Windows-TPM-WMI"
"18/03/2026 18:19:07","277","Information","Microsoft-Windows-Hyper-V-VmSwitch"
"18/03/2026 18:19:06","6","Information","Microsoft-Windows-FilterManager"
"18/03/2026 18:19:06","6","Information","Microsoft-Windows-FilterManager"
"18/03/2026 18:19:06","6","Information","Microsoft-Windows-FilterManager"
"18/03/2026 18:19:06","267","Information","Win32k"
"18/03/2026 18:19:06","6","Information","Microsoft-Windows-FilterManager"
"18/03/2026 18:19:06","1","Information","Microsoft-Windows-FilterManager"
"18/03/2026 18:19:06","6","Information","Microsoft-Windows-FilterManager"
"18/03/2026 18:19:06","267","Information","Win32k"
"18/03/2026 18:19:06","6","Information","Microsoft-Windows-FilterManager"
"18/03/2026 18:19:06","6","Information","Microsoft-Windows-FilterManager"
"18/03/2026 18:19:06","6","Information","Microsoft-Windows-FilterManager"
"18/03/2026 18:19:06","5","Information","ADIAmpDriver"
"18/03/2026 18:19:06","51046","Information","Microsoft-Windows-DHCPv6-Client"
"18/03/2026 18:19:06","50036","Information","Microsoft-Windows-Dhcp-Client"
"18/03/2026 18:19:06","50103","Information","Microsoft-Windows-Dhcp-Client"
"18/03/2026 18:19:06","50036","Information","Microsoft-Windows-Dhcp-Client"
"18/03/2026 18:19:06","16983","Information","Microsoft-Windows-Directory-Services-SAM"
"18/03/2026 18:19:06","16977","Information","Microsoft-Windows-Directory-Services-SAM"
"18/03/2026 18:19:06","16962","Information","Microsoft-Windows-Directory-Services-SAM"
"18/03/2026 18:19:06","5","Information","Microsoft-Windows-IsolatedUserMode"
"18/03/2026 18:19:06","6156","Information","LsaSrv"
"18/03/2026 18:19:06","12","Information","Microsoft-Windows-Wininit"
"18/03/2026 18:19:06","18","Information","Microsoft-Windows-Wininit"
"18/03/2026 18:19:06","1","Information","Microsoft-Windows-IsolatedUserMode"
"18/03/2026 18:19:06","5","Information","Microsoft-Windows-IsolatedUserMode"
"18/03/2026 18:19:06","14","Information","Microsoft-Windows-Wininit"
"18/03/2026 18:19:05","23","Information","Microsoft-Windows-Wininit"
"18/03/2026 18:19:05","25","Information","Microsoft-Windows-Wininit"
"18/03/2026 18:19:05","24","Information","Microsoft-Windows-Wininit"
"18/03/2026 18:19:05","19","Information","Microsoft-Windows-Wininit"
"18/03/2026 18:19:05","21","Information","Microsoft-Windows-Wininit"
"18/03/2026 18:19:05","98","Information","Microsoft-Windows-Ntfs"
"18/03/2026 18:19:05","98","Information","Microsoft-Windows-Ntfs"
"18/03/2026 18:19:04","219","Avertissement","Microsoft-Windows-Kernel-PnP"
"18/03/2026 18:19:04","10118","Information","Microsoft-Windows-DriverFrameworks-UserMode"
"18/03/2026 18:19:03","18","Information","BTHUSB"
"18/03/2026 18:19:02","21","Information","ADIAmpDriver"
"18/03/2026 18:19:02","219","Avertissement","Microsoft-Windows-Kernel-PnP"
"18/03/2026 18:19:02","10118","Information","Microsoft-Windows-DriverFrameworks-UserMode"
"18/03/2026 18:19:01","219","Avertissement","Microsoft-Windows-Kernel-PnP"
"18/03/2026 18:19:01","10118","Information","Microsoft-Windows-DriverFrameworks-UserMode"
"18/03/2026 18:19:01","28","Information","Intel-SST-OED"
"18/03/2026 18:19:01","28","Information","Intel-SST-OED"
"18/03/2026 18:19:01","28","Information","Intel-SST-OED"
"18/03/2026 18:19:01","28","Information","Intel-SST-OED"
"18/03/2026 18:19:01","4","Information","ADIAmpDriver"
"18/03/2026 18:19:01","26","Information","ADIAmpDriver"
"18/03/2026 18:19:01","7017","Information","Netwtw14"
"18/03/2026 18:19:01","7010","Information","Netwtw14"
"18/03/2026 18:19:01","7002","Information","Netwtw14"
"18/03/2026 18:19:01","7005","Information","Netwtw14"
"18/03/2026 18:19:01","7006","Information","Netwtw14"
"18/03/2026 18:19:01","7027","Information","Netwtw14"
"18/03/2026 18:19:01","7029","Information","Netwtw14"
"18/03/2026 18:19:01","7036","Information","Netwtw14"
"18/03/2026 18:19:00","4096","Information","nipcibrd"
"18/03/2026 18:19:00","4096","Information","nipcibrd"
"18/03/2026 18:18:59","521","Information","Microsoft-Windows-Kernel-Power"
"18/03/2026 18:18:59","521","Information","Microsoft-Windows-Kernel-Power"
"18/03/2026 18:18:59","12","Erreur","VBoxNetLwf"
"18/03/2026 18:18:59","55","Information","Microsoft-Windows-Kernel-Processor-Power"
"18/03/2026 18:18:59","55","Information","Microsoft-Windows-Kernel-Processor-Power"
"18/03/2026 18:18:59","55","Information","Microsoft-Windows-Kernel-Processor-Power"
"18/03/2026 18:18:59","55","Information","Microsoft-Windows-Kernel-Processor-Power"
"18/03/2026 18:18:59","55","Information","Microsoft-Windows-Kernel-Processor-Power"
"18/03/2026 18:18:59","55","Information","Microsoft-Windows-Kernel-Processor-Power"
"18/03/2026 18:18:59","55","Information","Microsoft-Windows-Kernel-Processor-Power"
"18/03/2026 18:18:59","55","Information","Microsoft-Windows-Kernel-Processor-Power"
"18/03/2026 18:18:59","55","Information","Microsoft-Windows-Kernel-Processor-Power"
"18/03/2026 18:18:59","55","Information","Microsoft-Windows-Kernel-Processor-Power"
"18/03/2026 18:18:59","55","Information","Microsoft-Windows-Kernel-Processor-Power"
"18/03/2026 18:18:59","55","Information","Microsoft-Windows-Kernel-Processor-Power"
"18/03/2026 18:18:59","55","Information","Microsoft-Windows-Kernel-Processor-Power"
"18/03/2026 18:18:59","55","Information","Microsoft-Windows-Kernel-Processor-Power"
"18/03/2026 18:18:59","55","Information","Microsoft-Windows-Kernel-Processor-Power"
"18/03/2026 18:18:59","55","Information","Microsoft-Windows-Kernel-Processor-Power"
"18/03/2026 18:18:59","55","Information","Microsoft-Windows-Kernel-Processor-Power"
"18/03/2026 18:18:59","55","Information","Microsoft-Windows-Kernel-Processor-Power"
"18/03/2026 18:18:59","55","Information","Microsoft-Windows-Kernel-Processor-Power"
"18/03/2026 18:18:59","55","Information","Microsoft-Windows-Kernel-Processor-Power"
"18/03/2026 18:18:59","2","Information","MEIx64"
"18/03/2026 18:18:59","55","Information","Microsoft-Windows-Kernel-Processor-Power"
"18/03/2026 18:18:59","55","Information","Microsoft-Windows-Kernel-Processor-Power"
"18/03/2026 18:18:59","12","Erreur","VBoxNetLwf"
"18/03/2026 18:18:57","219","Avertissement","Microsoft-Windows-Kernel-PnP"
"18/03/2026 18:18:57","10118","Information","Microsoft-Windows-DriverFrameworks-UserMode"
"18/03/2026 18:18:55","24","Information","Microsoft-Windows-Kernel-General"
"18/03/2026 18:18:53","41","Critique","Microsoft-Windows-Kernel-Power"
"18/03/2026 18:18:53","125","Information","Microsoft-Windows-Kernel-Power"
"18/03/2026 18:18:53","125","Information","Microsoft-Windows-Kernel-Power"
"18/03/2026 18:18:53","6","Information","Microsoft-Windows-FilterManager"
"18/03/2026 18:18:53","7036","Information","VfpExt"
"18/03/2026 18:18:53","7036","Information","VfpExt"
"18/03/2026 18:18:53","6","Information","Microsoft-Windows-FilterManager"
"18/03/2026 18:18:53","6","Information","Microsoft-Windows-FilterManager"
"18/03/2026 18:18:53","98","Information","Microsoft-Windows-Ntfs"
"18/03/2026 18:18:51","6","Information","Microsoft-Windows-FilterManager"
"18/03/2026 18:18:51","6","Information","Microsoft-Windows-FilterManager"
"18/03/2026 18:18:51","6","Information","Microsoft-Windows-FilterManager"
"18/03/2026 18:18:51","6","Information","Microsoft-Windows-FilterManager"
"18/03/2026 18:18:51","4096","Information","nipcibrd"
"18/03/2026 18:18:50","16","Information","Microsoft-Windows-HAL"
"18/03/2026 18:18:50","20","Information","Microsoft-Windows-Kernel-General"
"18/03/2026 18:18:50","30","Information","Microsoft-Windows-Kernel-Boot"
"18/03/2026 18:18:50","3","Information","Microsoft-Windows-IsolatedUserMode"
"18/03/2026 18:19:06","6013","Information","EventLog"
"18/03/2026 18:19:06","6005","Information","EventLog"
"18/03/2026 18:19:06","6009","Information","EventLog"
"18/03/2026 18:19:06","6008","Erreur","EventLog"
"18/03/2026 18:18:50","165","Information","Microsoft-Windows-Hyper-V-Hypervisor"
"18/03/2026 18:18:50","156","Information","Microsoft-Windows-Hyper-V-Hypervisor"
"18/03/2026 18:18:50","129","Information","Microsoft-Windows-Hyper-V-Hypervisor"
"18/03/2026 18:18:50","2","Information","Microsoft-Windows-Hyper-V-Hypervisor"
"18/03/2026 18:18:50","1","Information","Microsoft-Windows-Hyper-V-Hypervisor"
"18/03/2026 18:18:50","27","Information","Microsoft-Windows-Kernel-Boot"
"18/03/2026 18:18:50","25","Information","Microsoft-Windows-Kernel-Boot"
"18/03/2026 18:18:50","242","Information","Microsoft-Windows-Kernel-Boot"
"18/03/2026 18:18:50","272","Information","Microsoft-Windows-Kernel-Boot"
"18/03/2026 18:18:50","238","Information","Microsoft-Windows-Kernel-Boot"
"18/03/2026 18:18:50","247","Information","Microsoft-Windows-Kernel-Boot"
"18/03/2026 18:18:50","20","Information","Microsoft-Windows-Kernel-Boot"
"18/03/2026 18:18:50","32","Information","Microsoft-Windows-Kernel-Boot"
"18/03/2026 18:18:50","18","Information","Microsoft-Windows-Kernel-Boot"
"18/03/2026 18:18:50","153","Information","Microsoft-Windows-Kernel-Boot"
"18/03/2026 18:18:50","25","Information","Microsoft-Windows-Kernel-General"
"18/03/2026 18:18:50","12","Information","Microsoft-Windows-Kernel-General"
"18/03/2026 18:02:14","7040","Information","Service Control Manager"
"18/03/2026 18:00:10","7040","Information","Service Control Manager"
"18/03/2026 17:58:00","12","Information","Microsoft-Windows-UserModePowerService"
"18/03/2026 17:58:00","12","Information","Microsoft-Windows-UserModePowerService"
"18/03/2026 17:57:59","105","Information","Microsoft-Windows-Kernel-Power"
"18/03/2026 17:57:33","12","Information","Microsoft-Windows-UserModePowerService"
"18/03/2026 17:57:32","12","Information","Microsoft-Windows-UserModePowerService"
"18/03/2026 17:57:32","105","Information","Microsoft-Windows-Kernel-Power"
"18/03/2026 17:55:58","19","Information","Microsoft-Windows-WindowsUpdateClient"
"18/03/2026 17:55:56","43","Information","Microsoft-Windows-WindowsUpdateClient"
"18/03/2026 17:55:55","16","Information","Microsoft-Windows-Kernel-General"
"18/03/2026 17:55:44","20","Erreur","Microsoft-Windows-WindowsUpdateClient"
"18/03/2026 17:55:44","43","Information","Microsoft-Windows-WindowsUpdateClient"
"18/03/2026 17:55:42","44","Information","Microsoft-Windows-WindowsUpdateClient"
"18/03/2026 17:55:42","44","Information","Microsoft-Windows-WindowsUpdateClient"
"18/03/2026 17:55:42","44","Information","Microsoft-Windows-WindowsUpdateClient"
"18/03/2026 17:55:42","44","Information","Microsoft-Windows-WindowsUpdateClient"
"18/03/2026 17:55:40","44","Information","Microsoft-Windows-WindowsUpdateClient"
"18/03/2026 17:55:38","44","Information","Microsoft-Windows-WindowsUpdateClient"
"18/03/2026 17:55:38","44","Information","Microsoft-Windows-WindowsUpdateClient"
"18/03/2026 17:55:38","44","Information","Microsoft-Windows-WindowsUpdateClient"
"18/03/2026 17:55:38","44","Information","Microsoft-Windows-WindowsUpdateClient"
"18/03/2026 17:55:37","44","Information","Microsoft-Windows-WindowsUpdateClient"
"18/03/2026 17:55:37","44","Information","Microsoft-Windows-WindowsUpdateClient"
"18/03/2026 17:55:34","44","Information","Microsoft-Windows-WindowsUpdateClient"
"18/03/2026 17:55:29","44","Information","Microsoft-Windows-WindowsUpdateClient"
"18/03/2026 17:55:25","44","Information","Microsoft-Windows-WindowsUpdateClient"
"18/03/2026 17:55:25","44","Information","Microsoft-Windows-WindowsUpdateClient"
"18/03/2026 17:49:17","12","Information","Microsoft-Windows-UserModePowerService"
"18/03/2026 17:49:16","12","Information","Microsoft-Windows-UserModePowerService"
"18/03/2026 17:49:15","105","Information","Microsoft-Windows-Kernel-Power"
"18/03/2026 16:57:16","12","Information","Microsoft-Windows-UserModePowerService"
"18/03/2026 15:25:08","16","Information","Microsoft-Windows-Kernel-General"
"18/03/2026 15:20:53","19","Information","Microsoft-Windows-WindowsUpdateClient"
"18/03/2026 15:20:49","43","Information","Microsoft-Windows-WindowsUpdateClient"
"18/03/2026 15:20:08","16","Information","Microsoft-Windows-Kernel-General"
"18/03/2026 15:19:51","44","Information","Microsoft-Windows-WindowsUpdateClient"
"18/03/2026 14:53:31","19","Information","Microsoft-Windows-WindowsUpdateClient"
"18/03/2026 14:53:20","43","Information","Microsoft-Windows-WindowsUpdateClient"
"18/03/2026 14:53:20","44","Information","Microsoft-Windows-WindowsUpdateClient"
"18/03/2026 14:51:40","6062","Avertissement","Netwtw14"
"18/03/2026 14:51:36","7021","Information","Netwtw14"
"18/03/2026 14:50:43","1014","Avertissement","Microsoft-Windows-DNS-Client"
"18/03/2026 14:50:35","7021","Information","Netwtw14"
"18/03/2026 14:50:29","7021","Information","Netwtw14"
"18/03/2026 14:50:28","7011","Information","Netwtw14"
"18/03/2026 14:50:27","7012","Information","Netwtw14"
"18/03/2026 14:50:24","12","Information","Microsoft-Windows-UserModePowerService"
"18/03/2026 14:50:09","1808","Information","Microsoft-Windows-TPM-WMI"
"18/03/2026 14:50:00","105","Information","Microsoft-Windows-Kernel-Power"
"18/03/2026 14:48:40","1","Information","Microsoft-Windows-Kernel-General"
"18/03/2026 14:48:40","21","Erreur","Microsoft-Windows-HAL"
"18/03/2026 14:48:40","20","Erreur","Microsoft-Windows-HAL"
"18/03/2026 14:48:40","24","Information","Microsoft-Windows-Kernel-General"
"18/03/2026 14:48:40","10016","Avertissement","Microsoft-Windows-DistributedCOM"
"18/03/2026 14:46:39","4","Information","Virtual Disk Service"
"18/03/2026 14:46:37","3","Information","Virtual Disk Service"
"18/03/2026 14:46:11","10016","Avertissement","Microsoft-Windows-DistributedCOM"
"18/03/2026 14:44:52","0","Information","Intel Connectivity Network Service"
"18/03/2026 14:44:38","16","Information","Intel Connectivity Network Service"
"18/03/2026 14:44:37","0","Information","Intel Analytics Service"
"18/03/2026 14:44:37","16","Information","Intel Analytics Service"
"18/03/2026 14:44:28","10010","Erreur","Microsoft-Windows-DistributedCOM"
"18/03/2026 14:43:34","1","Information","Microsoft-Windows-Kernel-General"
"18/03/2026 14:43:34","21","Erreur","Microsoft-Windows-HAL"
"18/03/2026 14:43:34","20","Erreur","Microsoft-Windows-HAL"
"18/03/2026 14:43:34","24","Information","Microsoft-Windows-Kernel-General"
"18/03/2026 14:43:30","37","Avertissement","Microsoft-Windows-Kernel-Processor-Power"
"18/03/2026 14:43:30","37","Avertissement","Microsoft-Windows-Kernel-Processor-Power"
"18/03/2026 14:43:29","37","Avertissement","Microsoft-Windows-Kernel-Processor-Power"
"18/03/2026 14:43:29","37","Avertissement","Microsoft-Windows-Kernel-Processor-Power"
"18/03/2026 14:43:29","37","Avertissement","Microsoft-Windows-Kernel-Processor-Power"
"18/03/2026 14:43:29","37","Avertissement","Microsoft-Windows-Kernel-Processor-Power"
"18/03/2026 14:43:29","37","Avertissement","Microsoft-Windows-Kernel-Processor-Power"
"18/03/2026 14:43:29","37","Avertissement","Microsoft-Windows-Kernel-Processor-Power"
"18/03/2026 14:43:29","37","Avertissement","Microsoft-Windows-Kernel-Processor-Power"
"18/03/2026 14:43:29","37","Avertissement","Microsoft-Windows-Kernel-Processor-Power"
"18/03/2026 14:43:06","6062","Avertissement","Netwtw14"
"18/03/2026 14:43:05","7021","Information","Netwtw14"
"18/03/2026 14:42:58","7045","Information","Service Control Manager"
"18/03/2026 14:42:58","10001","Information","Microsoft-Windows-WLAN-AutoConfig"
"18/03/2026 14:42:52","172","Information","Microsoft-Windows-Kernel-Power"
"18/03/2026 14:42:52","7017","Information","Netwtw14"
"18/03/2026 14:42:52","7010","Information","Netwtw14"
"18/03/2026 14:42:52","7002","Information","Netwtw14"
"18/03/2026 14:42:52","7005","Information","Netwtw14"
"18/03/2026 14:42:52","7006","Information","Netwtw14"
"18/03/2026 14:42:51","7027","Information","Netwtw14"
"18/03/2026 14:42:51","7029","Information","Netwtw14"
"18/03/2026 14:42:51","7036","Information","Netwtw14"
"18/03/2026 14:42:50","10002","Avertissement","Microsoft-Windows-WLAN-AutoConfig"
"18/03/2026 14:42:50","8000","Information","Netwtw14"
"18/03/2026 14:42:50","172","Information","Microsoft-Windows-Kernel-Power"
"18/03/2026 14:42:46","7021","Information","Netwtw14"
"18/03/2026 14:42:42","1046","Information","Microsoft-Windows-TPM-WMI"
"18/03/2026 14:42:40","113","Information","Microsoft-Windows-HttpService"
"18/03/2026 14:42:40","111","Information","Microsoft-Windows-HttpService"
"18/03/2026 14:42:40","1046","Information","Microsoft-Windows-TPM-WMI"
"18/03/2026 14:42:39","10001","Information","Microsoft-Windows-WLAN-AutoConfig"
"18/03/2026 14:42:39","5","Information","ADIAmpDriver"
"18/03/2026 14:42:39","172","Information","Microsoft-Windows-Kernel-Power"
"18/03/2026 14:42:39","7017","Information","Netwtw14"
"18/03/2026 14:42:38","7010","Information","Netwtw14"
"18/03/2026 14:42:38","7002","Information","Netwtw14"
"18/03/2026 14:42:38","7005","Information","Netwtw14"
"18/03/2026 14:42:38","7006","Information","Netwtw14"
"18/03/2026 14:42:38","12","Information","Microsoft-Windows-UserModePowerService"
"18/03/2026 14:42:37","7027","Information","Netwtw14"
"18/03/2026 14:42:37","7029","Information","Netwtw14"
"18/03/2026 14:42:37","7036","Information","Netwtw14"
"18/03/2026 14:42:37","12","Erreur","VBoxNetLwf"
"18/03/2026 14:42:37","10002","Avertissement","Microsoft-Windows-WLAN-AutoConfig"
"18/03/2026 14:42:37","8000","Information","Netwtw14"
"18/03/2026 14:42:37","172","Information","Microsoft-Windows-Kernel-Power"
"18/03/2026 14:42:36","1025","Information","Microsoft-Windows-TPM-WMI"
"18/03/2026 14:42:36","12","Information","Microsoft-Windows-UserModePowerService"
"18/03/2026 14:42:37","18","Information","ErlSrv"
"18/03/2026 14:42:36","7021","Information","Netwtw14"
"18/03/2026 14:42:34","17","Information","ADIAmpDriver"
"18/03/2026 14:42:34","19","Information","ADIAmpDriver"
"18/03/2026 14:42:34","12","Erreur","VBoxNetLwf"
"18/03/2026 14:42:33","12","Information","Microsoft-Windows-UserModePowerService"
"18/03/2026 14:42:33","1282","Information","Microsoft-Windows-TPM-WMI"
"18/03/2026 14:42:33","18","Information","TPM"
"18/03/2026 14:42:33","1","Information","Microsoft-Windows-Configuration-Change-Monitor"
"18/03/2026 14:42:33","1","Information","Microsoft-Windows-Configuration-Change-Monitor"
"18/03/2026 14:42:32","12","Information","Microsoft-Windows-UserModePowerService"
"18/03/2026 14:42:32","1","Information","Microsoft-Windows-Configuration-Change-Monitor"
"18/03/2026 14:42:31","12","Information","Microsoft-Windows-UserModePowerService"
"18/03/2026 14:42:31","10016","Avertissement","Microsoft-Windows-DistributedCOM"
"18/03/2026 14:42:31","10016","Avertissement","Microsoft-Windows-DistributedCOM"
"18/03/2026 14:42:30","10001","Information","Microsoft-Windows-WLAN-AutoConfig"
"18/03/2026 14:42:30","4000","Information","Microsoft-Windows-WLAN-AutoConfig"
"18/03/2026 14:42:28","12","Information","Microsoft-Windows-UserModePowerService"
"18/03/2026 14:42:27","12","Information","Microsoft-Windows-UserModePowerService"
"18/03/2026 14:42:27","7045","Information","Service Control Manager"
"18/03/2026 14:42:27","9","Information","ADIAmpDriver"
"18/03/2026 14:42:27","4","Information","ADIAmpDriver"
"18/03/2026 14:42:27","7","Information","ADIAmpDriver"
"18/03/2026 14:42:27","7009","Erreur","Service Control Manager"
"18/03/2026 14:42:27","1","Information","Microsoft-Windows-IsolatedUserMode"
"18/03/2026 14:42:27","5","Information","Microsoft-Windows-IsolatedUserMode"
"18/03/2026 14:42:27","112","Information","Microsoft-Windows-HttpService"
"18/03/2026 14:42:27","112","Information","Microsoft-Windows-HttpService"
"18/03/2026 14:42:27","112","Information","Microsoft-Windows-HttpService"
"18/03/2026 14:42:27","112","Information","Microsoft-Windows-HttpService"
"18/03/2026 14:42:27","112","Information","Microsoft-Windows-HttpService"
"18/03/2026 14:42:27","112","Information","Microsoft-Windows-HttpService"
"18/03/2026 14:42:27","112","Information","Microsoft-Windows-HttpService"
"18/03/2026 14:42:27","112","Information","Microsoft-Windows-HttpService"
"18/03/2026 14:42:27","112","Information","Microsoft-Windows-HttpService"
"18/03/2026 14:42:27","112","Information","Microsoft-Windows-HttpService"
"18/03/2026 14:42:27","112","Information","Microsoft-Windows-HttpService"
"18/03/2026 14:42:27","112","Information","Microsoft-Windows-HttpService"
"18/03/2026 14:42:27","112","Information","Microsoft-Windows-HttpService"
"18/03/2026 14:42:26","277","Information","Microsoft-Windows-Hyper-V-VmSwitch"
"18/03/2026 14:42:26","1038","Information","Microsoft-Windows-TPM-WMI"
"18/03/2026 14:42:26","1041","Information","Microsoft-Windows-TPM-WMI"
"18/03/2026 14:42:26","7001","Information","Microsoft-Windows-Winlogon"
"18/03/2026 14:42:26","6","Information","Microsoft-Windows-FilterManager"
"18/03/2026 14:42:26","6","Information","Microsoft-Windows-FilterManager"
"18/03/2026 14:42:26","6","Information","Microsoft-Windows-FilterManager"
"18/03/2026 14:42:26","267","Information","Win32k"
"18/03/2026 14:42:26","6","Information","Microsoft-Windows-FilterManager"
"18/03/2026 14:42:26","1","Information","Microsoft-Windows-FilterManager"
"18/03/2026 14:42:26","6","Information","Microsoft-Windows-FilterManager"
"18/03/2026 14:42:26","267","Information","Win32k"
"18/03/2026 14:42:26","6","Information","Microsoft-Windows-FilterManager"
"18/03/2026 14:42:26","6","Information","Microsoft-Windows-FilterManager"
"18/03/2026 14:42:26","6","Information","Microsoft-Windows-FilterManager"
"18/03/2026 14:42:26","51046","Information","Microsoft-Windows-DHCPv6-Client"
"18/03/2026 14:42:26","50036","Information","Microsoft-Windows-Dhcp-Client"
"18/03/2026 14:42:26","50103","Information","Microsoft-Windows-Dhcp-Client"
"18/03/2026 14:42:26","50036","Information","Microsoft-Windows-Dhcp-Client"
"18/03/2026 14:42:26","5","Information","ADIAmpDriver"
"18/03/2026 14:42:25","16983","Information","Microsoft-Windows-Directory-Services-SAM"
"18/03/2026 14:42:25","16977","Information","Microsoft-Windows-Directory-Services-SAM"
