"17/03/2026 12:32:55","37","Avertissement","Microsoft-Windows-Kernel-Processor-Power"
"17/03/2026 12:32:55","37","Avertissement","Microsoft-Windows-Kernel-Processor-Power"
"17/03/2026 12:32:55","37","Avertissement","Microsoft-Windows-Kernel-Processor-Power"
"17/03/2026 12:32:55","37","Avertissement","Microsoft-Windows-Kernel-Processor-Power"
"17/03/2026 12:32:28","10016","Avertissement","Microsoft-Windows-DistributedCOM"
"17/03/2026 12:32:22","6062","Avertissement","Netwtw14"
"17/03/2026 12:32:20","7021","Information","Netwtw14"
"17/03/2026 12:32:19","7045","Information","Service Control Manager"
"17/03/2026 12:32:13","10001","Information","Microsoft-Windows-WLAN-AutoConfig"
"17/03/2026 12:32:13","172","Information","Microsoft-Windows-Kernel-Power"
"17/03/2026 12:32:13","7017","Information","Netwtw14"
"17/03/2026 12:32:13","7010","Information","Netwtw14"
"17/03/2026 12:32:13","7002","Information","Netwtw14"
"17/03/2026 12:32:13","7005","Information","Netwtw14"
"17/03/2026 12:32:13","7006","Information","Netwtw14"
"17/03/2026 12:32:12","7027","Information","Netwtw14"
"17/03/2026 12:32:12","7029","Information","Netwtw14"
"17/03/2026 12:32:12","7036","Information","Netwtw14"
"17/03/2026 12:32:12","10002","Avertissement","Microsoft-Windows-WLAN-AutoConfig"
"17/03/2026 12:32:12","8000","Information","Netwtw14"
"17/03/2026 12:32:12","172","Information","Microsoft-Windows-Kernel-Power"
"17/03/2026 12:32:11","7021","Information","Netwtw14"
"17/03/2026 12:32:06","1046","Information","Microsoft-Windows-TPM-WMI"
"17/03/2026 12:32:05","10001","Information","Microsoft-Windows-WLAN-AutoConfig"
"17/03/2026 12:32:04","12","Information","Microsoft-Windows-UserModePowerService"
"17/03/2026 12:32:04","172","Information","Microsoft-Windows-Kernel-Power"
"17/03/2026 12:32:04","7017","Information","Netwtw14"
"17/03/2026 12:32:04","7010","Information","Netwtw14"
"17/03/2026 12:32:04","7002","Information","Netwtw14"
"17/03/2026 12:32:04","7005","Information","Netwtw14"
"17/03/2026 12:32:04","7006","Information","Netwtw14"
"17/03/2026 12:32:04","1046","Information","Microsoft-Windows-TPM-WMI"
"17/03/2026 12:32:04","16","Information","Microsoft-Windows-Kernel-General"
"17/03/2026 12:32:04","5","Information","ADIAmpDriver"
"17/03/2026 12:32:04","7027","Information","Netwtw14"
"17/03/2026 12:32:04","7029","Information","Netwtw14"
"17/03/2026 12:32:04","7036","Information","Netwtw14"
"17/03/2026 12:32:03","521","Information","Microsoft-Windows-Kernel-Power"
"17/03/2026 12:32:03","105","Information","Microsoft-Windows-Kernel-Power"
"17/03/2026 12:32:03","521","Information","Microsoft-Windows-Kernel-Power"
"17/03/2026 12:32:02","12","Information","Microsoft-Windows-UserModePowerService"
"17/03/2026 12:32:02","10002","Avertissement","Microsoft-Windows-WLAN-AutoConfig"
"17/03/2026 12:32:02","18","Information","ErlSrv"
"17/03/2026 12:32:02","8000","Information","Netwtw14"
"17/03/2026 12:32:02","172","Information","Microsoft-Windows-Kernel-Power"
"17/03/2026 12:32:01","12","Information","Microsoft-Windows-UserModePowerService"
"17/03/2026 12:32:00","113","Information","Microsoft-Windows-HttpService"
"17/03/2026 12:32:00","111","Information","Microsoft-Windows-HttpService"
"17/03/2026 12:31:59","12","Erreur","VBoxNetLwf"
"17/03/2026 12:31:59","17","Information","ADIAmpDriver"
"17/03/2026 12:31:59","19","Information","ADIAmpDriver"
"17/03/2026 12:31:59","12","Information","Microsoft-Windows-UserModePowerService"
"17/03/2026 12:31:58","1025","Information","Microsoft-Windows-TPM-WMI"
"17/03/2026 12:31:58","12","Erreur","VBoxNetLwf"
"17/03/2026 12:31:58","1282","Information","Microsoft-Windows-TPM-WMI"
"17/03/2026 12:31:57","12","Information","Microsoft-Windows-UserModePowerService"
"17/03/2026 12:31:57","18","Information","TPM"
"17/03/2026 12:31:57","1","Information","Microsoft-Windows-Configuration-Change-Monitor"
"17/03/2026 12:31:57","1","Information","Microsoft-Windows-Configuration-Change-Monitor"
"17/03/2026 12:31:56","1","Information","Microsoft-Windows-Configuration-Change-Monitor"
"17/03/2026 12:31:56","12","Information","Microsoft-Windows-UserModePowerService"
"17/03/2026 12:31:55","10001","Information","Microsoft-Windows-WLAN-AutoConfig"
"17/03/2026 12:31:55","4000","Information","Microsoft-Windows-WLAN-AutoConfig"
"17/03/2026 12:31:55","10016","Avertissement","Microsoft-Windows-DistributedCOM"
"17/03/2026 12:31:55","10016","Avertissement","Microsoft-Windows-DistributedCOM"
"17/03/2026 12:31:53","12","Information","Microsoft-Windows-UserModePowerService"
"17/03/2026 12:31:52","12","Information","Microsoft-Windows-UserModePowerService"
"17/03/2026 12:31:52","9","Information","ADIAmpDriver"
"17/03/2026 12:31:52","4","Information","ADIAmpDriver"
"17/03/2026 12:31:52","7009","Erreur","Service Control Manager"
"17/03/2026 12:31:52","7","Information","ADIAmpDriver"
"17/03/2026 12:31:52","1","Information","Microsoft-Windows-IsolatedUserMode"
"17/03/2026 12:31:52","5","Information","Microsoft-Windows-IsolatedUserMode"
"17/03/2026 12:31:52","112","Information","Microsoft-Windows-HttpService"
"17/03/2026 12:31:52","112","Information","Microsoft-Windows-HttpService"
"17/03/2026 12:31:52","112","Information","Microsoft-Windows-HttpService"
"17/03/2026 12:31:52","112","Information","Microsoft-Windows-HttpService"
"17/03/2026 12:31:52","112","Information","Microsoft-Windows-HttpService"
"17/03/2026 12:31:52","112","Information","Microsoft-Windows-HttpService"
"17/03/2026 12:31:52","112","Information","Microsoft-Windows-HttpService"
"17/03/2026 12:31:52","112","Information","Microsoft-Windows-HttpService"
"17/03/2026 12:31:52","112","Information","Microsoft-Windows-HttpService"
"17/03/2026 12:31:52","112","Information","Microsoft-Windows-HttpService"
"17/03/2026 12:31:52","112","Information","Microsoft-Windows-HttpService"
"17/03/2026 12:31:52","112","Information","Microsoft-Windows-HttpService"
"17/03/2026 12:31:52","112","Information","Microsoft-Windows-HttpService"
"17/03/2026 12:31:52","277","Information","Microsoft-Windows-Hyper-V-VmSwitch"
"17/03/2026 12:31:51","1038","Information","Microsoft-Windows-TPM-WMI"
"17/03/2026 12:31:51","1041","Information","Microsoft-Windows-TPM-WMI"
"17/03/2026 12:31:51","7001","Information","Microsoft-Windows-Winlogon"
"17/03/2026 12:31:51","6","Information","Microsoft-Windows-FilterManager"
"17/03/2026 12:31:51","6","Information","Microsoft-Windows-FilterManager"
"17/03/2026 12:31:51","6","Information","Microsoft-Windows-FilterManager"
"17/03/2026 12:31:51","1","Information","Microsoft-Windows-FilterManager"
"17/03/2026 12:31:51","6","Information","Microsoft-Windows-FilterManager"
"17/03/2026 12:31:51","267","Information","Win32k"
"17/03/2026 12:31:51","6","Information","Microsoft-Windows-FilterManager"
"17/03/2026 12:31:51","267","Information","Win32k"
"17/03/2026 12:31:51","6","Information","Microsoft-Windows-FilterManager"
"17/03/2026 12:31:51","6","Information","Microsoft-Windows-FilterManager"
"17/03/2026 12:31:51","6","Information","Microsoft-Windows-FilterManager"
"17/03/2026 12:31:51","5","Information","ADIAmpDriver"
"17/03/2026 12:31:51","51046","Information","Microsoft-Windows-DHCPv6-Client"
"17/03/2026 12:31:51","50036","Information","Microsoft-Windows-Dhcp-Client"
"17/03/2026 12:31:51","50103","Information","Microsoft-Windows-Dhcp-Client"
"17/03/2026 12:31:51","50036","Information","Microsoft-Windows-Dhcp-Client"
"17/03/2026 12:31:51","16983","Information","Microsoft-Windows-Directory-Services-SAM"
"17/03/2026 12:31:51","16977","Information","Microsoft-Windows-Directory-Services-SAM"
"17/03/2026 12:31:51","16962","Information","Microsoft-Windows-Directory-Services-SAM"
"17/03/2026 12:31:51","5","Information","Microsoft-Windows-IsolatedUserMode"
"17/03/2026 12:31:51","6156","Information","LsaSrv"
"17/03/2026 12:31:50","12","Information","Microsoft-Windows-Wininit"
"17/03/2026 12:31:50","18","Information","Microsoft-Windows-Wininit"
"17/03/2026 12:31:50","1","Information","Microsoft-Windows-IsolatedUserMode"
"17/03/2026 12:31:50","5","Information","Microsoft-Windows-IsolatedUserMode"
"17/03/2026 12:31:50","14","Information","Microsoft-Windows-Wininit"
"17/03/2026 12:31:50","23","Information","Microsoft-Windows-Wininit"
"17/03/2026 12:31:50","25","Information","Microsoft-Windows-Wininit"
"17/03/2026 12:31:50","24","Information","Microsoft-Windows-Wininit"
"17/03/2026 12:31:50","19","Information","Microsoft-Windows-Wininit"
"17/03/2026 12:31:50","21","Information","Microsoft-Windows-Wininit"
"17/03/2026 12:31:49","98","Information","Microsoft-Windows-Ntfs"
"17/03/2026 12:31:49","98","Information","Microsoft-Windows-Ntfs"
"17/03/2026 12:31:49","219","Avertissement","Microsoft-Windows-Kernel-PnP"
"17/03/2026 12:31:49","10118","Information","Microsoft-Windows-DriverFrameworks-UserMode"
"17/03/2026 12:31:48","18","Information","BTHUSB"
"17/03/2026 12:31:47","219","Avertissement","Microsoft-Windows-Kernel-PnP"
"17/03/2026 12:31:47","10118","Information","Microsoft-Windows-DriverFrameworks-UserMode"
"17/03/2026 12:31:47","21","Information","ADIAmpDriver"
"17/03/2026 12:31:46","219","Avertissement","Microsoft-Windows-Kernel-PnP"
"17/03/2026 12:31:46","10118","Information","Microsoft-Windows-DriverFrameworks-UserMode"
"17/03/2026 12:31:46","28","Information","Intel-SST-OED"
"17/03/2026 12:31:46","28","Information","Intel-SST-OED"
"17/03/2026 12:31:46","28","Information","Intel-SST-OED"
"17/03/2026 12:31:46","28","Information","Intel-SST-OED"
"17/03/2026 12:31:46","4","Information","ADIAmpDriver"
"17/03/2026 12:31:46","26","Information","ADIAmpDriver"
"17/03/2026 12:31:46","7017","Information","Netwtw14"
"17/03/2026 12:31:46","7010","Information","Netwtw14"
"17/03/2026 12:31:46","7002","Information","Netwtw14"
"17/03/2026 12:31:46","7005","Information","Netwtw14"
"17/03/2026 12:31:46","7006","Information","Netwtw14"
"17/03/2026 12:31:46","7027","Information","Netwtw14"
"17/03/2026 12:31:46","7029","Information","Netwtw14"
"17/03/2026 12:31:46","7036","Information","Netwtw14"
"17/03/2026 12:31:45","4096","Information","nipcibrd"
"17/03/2026 12:31:45","4096","Information","nipcibrd"
"17/03/2026 12:31:44","12","Erreur","VBoxNetLwf"
"17/03/2026 12:31:44","55","Information","Microsoft-Windows-Kernel-Processor-Power"
"17/03/2026 12:31:44","55","Information","Microsoft-Windows-Kernel-Processor-Power"
"17/03/2026 12:31:44","55","Information","Microsoft-Windows-Kernel-Processor-Power"
"17/03/2026 12:31:44","55","Information","Microsoft-Windows-Kernel-Processor-Power"
"17/03/2026 12:31:44","55","Information","Microsoft-Windows-Kernel-Processor-Power"
"17/03/2026 12:31:44","55","Information","Microsoft-Windows-Kernel-Processor-Power"
"17/03/2026 12:31:44","55","Information","Microsoft-Windows-Kernel-Processor-Power"
"17/03/2026 12:31:44","55","Information","Microsoft-Windows-Kernel-Processor-Power"
"17/03/2026 12:31:44","55","Information","Microsoft-Windows-Kernel-Processor-Power"
"17/03/2026 12:31:44","55","Information","Microsoft-Windows-Kernel-Processor-Power"
"17/03/2026 12:31:44","55","Information","Microsoft-Windows-Kernel-Processor-Power"
"17/03/2026 12:31:44","55","Information","Microsoft-Windows-Kernel-Processor-Power"
"17/03/2026 12:31:44","55","Information","Microsoft-Windows-Kernel-Processor-Power"
"17/03/2026 12:31:44","55","Information","Microsoft-Windows-Kernel-Processor-Power"
"17/03/2026 12:31:44","55","Information","Microsoft-Windows-Kernel-Processor-Power"
"17/03/2026 12:31:44","55","Information","Microsoft-Windows-Kernel-Processor-Power"
"17/03/2026 12:31:44","55","Information","Microsoft-Windows-Kernel-Processor-Power"
"17/03/2026 12:31:44","55","Information","Microsoft-Windows-Kernel-Processor-Power"
"17/03/2026 12:31:44","55","Information","Microsoft-Windows-Kernel-Processor-Power"
"17/03/2026 12:31:44","55","Information","Microsoft-Windows-Kernel-Processor-Power"
"17/03/2026 12:31:44","2","Information","MEIx64"
"17/03/2026 12:31:44","55","Information","Microsoft-Windows-Kernel-Processor-Power"
"17/03/2026 12:31:44","55","Information","Microsoft-Windows-Kernel-Processor-Power"
"17/03/2026 12:31:42","219","Avertissement","Microsoft-Windows-Kernel-PnP"
"17/03/2026 12:31:42","10118","Information","Microsoft-Windows-DriverFrameworks-UserMode"
"17/03/2026 12:31:40","24","Information","Microsoft-Windows-Kernel-General"
"17/03/2026 12:31:38","125","Information","Microsoft-Windows-Kernel-Power"
"17/03/2026 12:31:38","125","Information","Microsoft-Windows-Kernel-Power"
"17/03/2026 12:31:38","6","Information","Microsoft-Windows-FilterManager"
"17/03/2026 12:31:38","7036","Information","VfpExt"
"17/03/2026 12:31:38","7036","Information","VfpExt"
"17/03/2026 12:31:38","6","Information","Microsoft-Windows-FilterManager"
"17/03/2026 12:31:38","6","Information","Microsoft-Windows-FilterManager"
"17/03/2026 12:31:37","98","Information","Microsoft-Windows-Ntfs"
"17/03/2026 12:31:36","6","Information","Microsoft-Windows-FilterManager"
"17/03/2026 12:31:36","6","Information","Microsoft-Windows-FilterManager"
"17/03/2026 12:31:36","6","Information","Microsoft-Windows-FilterManager"
"17/03/2026 12:31:36","6","Information","Microsoft-Windows-FilterManager"
"17/03/2026 12:31:36","4096","Information","nipcibrd"
"17/03/2026 12:31:35","16","Information","Microsoft-Windows-HAL"
"17/03/2026 12:31:35","20","Information","Microsoft-Windows-Kernel-General"
"17/03/2026 12:31:35","30","Information","Microsoft-Windows-Kernel-Boot"
"17/03/2026 12:31:35","3","Information","Microsoft-Windows-IsolatedUserMode"
"17/03/2026 12:31:35","165","Information","Microsoft-Windows-Hyper-V-Hypervisor"
"17/03/2026 12:31:35","156","Information","Microsoft-Windows-Hyper-V-Hypervisor"
"17/03/2026 12:31:35","129","Information","Microsoft-Windows-Hyper-V-Hypervisor"
"17/03/2026 12:31:35","2","Information","Microsoft-Windows-Hyper-V-Hypervisor"
"17/03/2026 12:31:35","1","Information","Microsoft-Windows-Hyper-V-Hypervisor"
"17/03/2026 12:31:35","27","Information","Microsoft-Windows-Kernel-Boot"
"17/03/2026 12:31:35","25","Information","Microsoft-Windows-Kernel-Boot"
"17/03/2026 12:31:35","242","Information","Microsoft-Windows-Kernel-Boot"
"17/03/2026 12:31:35","272","Information","Microsoft-Windows-Kernel-Boot"
"17/03/2026 12:31:35","238","Information","Microsoft-Windows-Kernel-Boot"
"17/03/2026 12:31:35","247","Information","Microsoft-Windows-Kernel-Boot"
"17/03/2026 12:31:35","20","Information","Microsoft-Windows-Kernel-Boot"
"17/03/2026 12:31:35","32","Information","Microsoft-Windows-Kernel-Boot"
"17/03/2026 12:31:35","18","Information","Microsoft-Windows-Kernel-Boot"
"17/03/2026 12:31:35","153","Information","Microsoft-Windows-Kernel-Boot"
"17/03/2026 12:31:35","25","Information","Microsoft-Windows-Kernel-General"
"17/03/2026 12:31:35","12","Information","Microsoft-Windows-Kernel-General"
"17/03/2026 10:39:41","13","Information","Microsoft-Windows-Kernel-General"
"17/03/2026 10:39:41","577","Information","Microsoft-Windows-Kernel-Power"
"17/03/2026 10:39:39","109","Information","Microsoft-Windows-Kernel-Power"
"17/03/2026 10:39:36","4001","Information","Microsoft-Windows-WLAN-AutoConfig"
"17/03/2026 10:39:36","10002","Avertissement","Microsoft-Windows-WLAN-AutoConfig"
"17/03/2026 10:39:35","117","Information","Microsoft-Windows-HttpService"
"17/03/2026 10:39:35","114","Information","Microsoft-Windows-HttpService"
"17/03/2026 10:39:34","50037","Information","Microsoft-Windows-Dhcp-Client"
"17/03/2026 10:39:34","50106","Information","Microsoft-Windows-Dhcp-Client"
"17/03/2026 12:31:51","6013","Information","EventLog"
"17/03/2026 12:31:51","6005","Information","EventLog"
"17/03/2026 12:31:51","6009","Information","EventLog"
"17/03/2026 10:39:34","51057","Information","Microsoft-Windows-DHCPv6-Client"
"17/03/2026 10:39:34","51057","Information","Microsoft-Windows-DHCPv6-Client"
"17/03/2026 10:39:34","51057","Information","Microsoft-Windows-DHCPv6-Client"
"17/03/2026 10:39:34","51047","Information","Microsoft-Windows-DHCPv6-Client"
"17/03/2026 10:39:34","50105","Information","Microsoft-Windows-Dhcp-Client"
"17/03/2026 10:39:34","50104","Information","Microsoft-Windows-Dhcp-Client"
"17/03/2026 10:39:34","6006","Information","EventLog"
"17/03/2026 10:39:32","0","Information","Intel Connectivity Network Service"
"17/03/2026 10:39:31","2","Information","Microsoft-Windows-IsolatedUserMode"
"17/03/2026 10:39:30","7002","Information","Microsoft-Windows-Winlogon"
"17/03/2026 10:39:31","0","Information","Intel Analytics Service"
"17/03/2026 10:39:31","16","Information","Intel Analytics Service"
"17/03/2026 10:39:31","16","Information","Intel Connectivity Network Service"
"17/03/2026 10:39:27","10010","Erreur","Microsoft-Windows-DistributedCOM"
"17/03/2026 10:39:27","10010","Erreur","Microsoft-Windows-DistributedCOM"
"17/03/2026 10:39:27","10010","Erreur","Microsoft-Windows-DistributedCOM"
"17/03/2026 10:39:27","1074","Information","User32"
"17/03/2026 09:14:55","19","Information","Microsoft-Windows-WindowsUpdateClient"
"17/03/2026 09:14:48","12","Information","Microsoft-Windows-UserModePowerService"
"17/03/2026 09:14:48","105","Information","Microsoft-Windows-Kernel-Power"
"17/03/2026 09:14:44","43","Information","Microsoft-Windows-WindowsUpdateClient"
"17/03/2026 09:14:44","44","Information","Microsoft-Windows-WindowsUpdateClient"
"17/03/2026 09:10:38","16","Information","Microsoft-Windows-Kernel-General"
"17/03/2026 09:10:38","16","Information","Microsoft-Windows-Kernel-General"
"17/03/2026 09:09:16","1","Information","Microsoft-Windows-Kernel-General"
"17/03/2026 09:09:16","21","Erreur","Microsoft-Windows-HAL"
"17/03/2026 09:09:16","20","Erreur","Microsoft-Windows-HAL"
"17/03/2026 09:09:16","24","Information","Microsoft-Windows-Kernel-General"
"17/03/2026 09:09:13","1808","Information","Microsoft-Windows-TPM-WMI"
"17/03/2026 09:07:19","4","Information","Virtual Disk Service"
"17/03/2026 09:07:18","3","Information","Virtual Disk Service"
"17/03/2026 09:06:29","16","Information","Microsoft-Windows-Kernel-General"
"17/03/2026 09:06:28","16","Information","Microsoft-Windows-Kernel-General"
"17/03/2026 09:06:20","10016","Avertissement","Microsoft-Windows-DistributedCOM"
"17/03/2026 09:06:19","0","Information","Intel Connectivity Network Service"
"17/03/2026 09:06:19","16","Information","Intel Connectivity Network Service"
"17/03/2026 09:06:18","0","Information","Intel Analytics Service"
"17/03/2026 09:06:18","16","Information","Intel Analytics Service"
"17/03/2026 09:05:25","16","Information","Microsoft-Windows-Kernel-General"
"17/03/2026 09:05:18","1","Information","Microsoft-Windows-Kernel-General"
"17/03/2026 09:05:18","21","Erreur","Microsoft-Windows-HAL"
"17/03/2026 09:05:18","20","Erreur","Microsoft-Windows-HAL"
"17/03/2026 09:05:18","24","Information","Microsoft-Windows-Kernel-General"
"17/03/2026 09:05:15","37","Avertissement","Microsoft-Windows-Kernel-Processor-Power"
"17/03/2026 09:05:15","37","Avertissement","Microsoft-Windows-Kernel-Processor-Power"
"17/03/2026 09:05:15","37","Avertissement","Microsoft-Windows-Kernel-Processor-Power"
"17/03/2026 09:05:15","37","Avertissement","Microsoft-Windows-Kernel-Processor-Power"
"17/03/2026 09:05:15","37","Avertissement","Microsoft-Windows-Kernel-Processor-Power"
"17/03/2026 09:05:15","37","Avertissement","Microsoft-Windows-Kernel-Processor-Power"
"17/03/2026 09:05:15","37","Avertissement","Microsoft-Windows-Kernel-Processor-Power"
"17/03/2026 09:05:15","37","Avertissement","Microsoft-Windows-Kernel-Processor-Power"
"17/03/2026 09:05:15","37","Avertissement","Microsoft-Windows-Kernel-Processor-Power"
"17/03/2026 09:05:15","37","Avertissement","Microsoft-Windows-Kernel-Processor-Power"
"17/03/2026 09:04:52","10016","Avertissement","Microsoft-Windows-DistributedCOM"
"17/03/2026 09:04:41","6062","Avertissement","Netwtw14"
"17/03/2026 09:04:40","7045","Information","Service Control Manager"
"17/03/2026 09:04:39","7021","Information","Netwtw14"
"17/03/2026 09:04:32","10001","Information","Microsoft-Windows-WLAN-AutoConfig"
"17/03/2026 09:04:32","16","Information","Microsoft-Windows-Kernel-General"
"17/03/2026 09:04:32","172","Information","Microsoft-Windows-Kernel-Power"
"17/03/2026 09:04:32","7017","Information","Netwtw14"
"17/03/2026 09:04:32","7010","Information","Netwtw14"
"17/03/2026 09:04:32","7002","Information","Netwtw14"
"17/03/2026 09:04:32","7005","Information","Netwtw14"
"17/03/2026 09:04:32","7006","Information","Netwtw14"
"17/03/2026 09:04:31","7027","Information","Netwtw14"
"17/03/2026 09:04:31","7029","Information","Netwtw14"
"17/03/2026 09:04:31","7036","Information","Netwtw14"
"17/03/2026 09:04:31","10002","Avertissement","Microsoft-Windows-WLAN-AutoConfig"
"17/03/2026 09:04:31","8000","Information","Netwtw14"
"17/03/2026 09:04:31","172","Information","Microsoft-Windows-Kernel-Power"
"17/03/2026 09:04:30","7021","Information","Netwtw14"
"17/03/2026 09:04:30","1046","Information","Microsoft-Windows-TPM-WMI"
"17/03/2026 09:04:28","16","Information","Microsoft-Windows-Kernel-General"
"17/03/2026 09:04:26","1046","Information","Microsoft-Windows-TPM-WMI"
"17/03/2026 09:04:26","16","Information","Microsoft-Windows-Kernel-General"
"17/03/2026 09:04:26","16","Information","Microsoft-Windows-Kernel-General"
"17/03/2026 09:04:26","16","Information","Microsoft-Windows-Kernel-General"
"17/03/2026 09:04:26","16","Information","Microsoft-Windows-Kernel-General"
"17/03/2026 09:04:25","16","Information","Microsoft-Windows-Kernel-General"
"17/03/2026 09:04:25","16","Information","Microsoft-Windows-Kernel-General"
"17/03/2026 09:04:25","16","Information","Microsoft-Windows-Kernel-General"
"17/03/2026 09:04:24","5","Information","ADIAmpDriver"
"17/03/2026 09:04:24","10001","Information","Microsoft-Windows-WLAN-AutoConfig"
"17/03/2026 09:04:24","172","Information","Microsoft-Windows-Kernel-Power"
"17/03/2026 09:04:24","7017","Information","Netwtw14"
"17/03/2026 09:04:23","7010","Information","Netwtw14"
"17/03/2026 09:04:23","7002","Information","Netwtw14"
"17/03/2026 09:04:23","7005","Information","Netwtw14"
"17/03/2026 09:04:23","7006","Information","Netwtw14"
"17/03/2026 09:04:23","7027","Information","Netwtw14"
"17/03/2026 09:04:23","7029","Information","Netwtw14"
"17/03/2026 09:04:23","7036","Information","Netwtw14"
"17/03/2026 09:04:22","10002","Avertissement","Microsoft-Windows-WLAN-AutoConfig"
"17/03/2026 09:04:22","8000","Information","Netwtw14"
"17/03/2026 09:04:22","172","Information","Microsoft-Windows-Kernel-Power"
"17/03/2026 09:04:22","18","Information","ErlSrv"
"17/03/2026 09:04:22","16","Information","Microsoft-Windows-Kernel-General"
"17/03/2026 09:04:22","16","Information","Microsoft-Windows-Kernel-General"
"17/03/2026 09:04:21","1025","Information","Microsoft-Windows-TPM-WMI"
"17/03/2026 09:04:21","7021","Information","Netwtw14"
"17/03/2026 09:04:21","16","Information","Microsoft-Windows-Kernel-General"
"17/03/2026 09:04:21","16","Information","Microsoft-Windows-Kernel-General"
"17/03/2026 09:04:21","113","Information","Microsoft-Windows-HttpService"
"17/03/2026 09:04:21","111","Information","Microsoft-Windows-HttpService"
"17/03/2026 09:04:21","16","Information","Microsoft-Windows-Kernel-General"
"17/03/2026 09:04:21","16","Information","Microsoft-Windows-Kernel-General"
"17/03/2026 09:04:21","16","Information","Microsoft-Windows-Kernel-General"
"17/03/2026 09:04:20","12","Information","Microsoft-Windows-UserModePowerService"
"17/03/2026 09:04:20","12","Erreur","VBoxNetLwf"
"17/03/2026 09:04:19","12","Information","Microsoft-Windows-UserModePowerService"
"17/03/2026 09:04:19","17","Information","ADIAmpDriver"
"17/03/2026 09:04:19","19","Information","ADIAmpDriver"
"17/03/2026 09:04:18","12","Information","Microsoft-Windows-UserModePowerService"
"17/03/2026 09:04:18","12","Erreur","VBoxNetLwf"
"17/03/2026 09:04:18","16","Information","Microsoft-Windows-Kernel-General"
"17/03/2026 09:04:18","1282","Information","Microsoft-Windows-TPM-WMI"
"17/03/2026 09:04:18","16","Information","Microsoft-Windows-Kernel-General"
"17/03/2026 09:04:18","16","Information","Microsoft-Windows-Kernel-General"
"17/03/2026 09:04:18","16","Information","Microsoft-Windows-Kernel-General"
"17/03/2026 09:04:17","12","Information","Microsoft-Windows-UserModePowerService"
"17/03/2026 09:04:17","18","Information","TPM"
"17/03/2026 09:04:17","1","Information","Microsoft-Windows-Configuration-Change-Monitor"
"17/03/2026 09:04:17","16","Information","Microsoft-Windows-Kernel-General"
"17/03/2026 09:04:17","16","Information","Microsoft-Windows-Kernel-General"
"17/03/2026 09:04:17","16","Information","Microsoft-Windows-Kernel-General"
"17/03/2026 09:04:17","1","Information","Microsoft-Windows-Configuration-Change-Monitor"
"17/03/2026 09:04:17","1","Information","Microsoft-Windows-Configuration-Change-Monitor"
"17/03/2026 09:04:16","16","Information","Microsoft-Windows-Kernel-General"
"17/03/2026 09:04:16","16","Information","Microsoft-Windows-Kernel-General"
"17/03/2026 09:04:16","12","Information","Microsoft-Windows-UserModePowerService"
"17/03/2026 09:04:15","10016","Avertissement","Microsoft-Windows-DistributedCOM"
"17/03/2026 09:04:15","10016","Avertissement","Microsoft-Windows-DistributedCOM"
"17/03/2026 09:04:15","10001","Information","Microsoft-Windows-WLAN-AutoConfig"
"17/03/2026 09:04:15","16","Information","Microsoft-Windows-Kernel-General"
"17/03/2026 09:04:15","4000","Information","Microsoft-Windows-WLAN-AutoConfig"
"17/03/2026 09:04:15","16","Information","Microsoft-Windows-Kernel-General"
"17/03/2026 09:04:15","16","Information","Microsoft-Windows-Kernel-General"
"17/03/2026 09:04:15","16","Information","Microsoft-Windows-Kernel-General"
"17/03/2026 09:04:15","16","Information","Microsoft-Windows-Kernel-General"
"17/03/2026 09:04:15","16","Information","Microsoft-Windows-Kernel-General"
"17/03/2026 09:04:15","16","Information","Microsoft-Windows-Kernel-General"
"17/03/2026 09:04:13","12","Information","Microsoft-Windows-UserModePowerService"
"17/03/2026 09:04:13","12","Information","Microsoft-Windows-UserModePowerService"
"17/03/2026 09:04:12","16","Information","Microsoft-Windows-Kernel-General"
"17/03/2026 09:04:12","16","Information","Microsoft-Windows-Kernel-General"
"17/03/2026 09:04:12","9","Information","ADIAmpDriver"
"17/03/2026 09:04:12","4","Information","ADIAmpDriver"
"17/03/2026 09:04:12","7","Information","ADIAmpDriver"
"17/03/2026 09:04:12","7009","Erreur","Service Control Manager"
"17/03/2026 09:04:12","16","Information","Microsoft-Windows-Kernel-General"
"17/03/2026 09:04:12","16","Information","Microsoft-Windows-Kernel-General"
"17/03/2026 09:04:12","16","Information","Microsoft-Windows-Kernel-General"
"17/03/2026 09:04:12","16","Information","Microsoft-Windows-Kernel-General"
"17/03/2026 09:04:12","1","Information","Microsoft-Windows-IsolatedUserMode"
"17/03/2026 09:04:12","5","Information","Microsoft-Windows-IsolatedUserMode"
"17/03/2026 09:04:12","16","Information","Microsoft-Windows-Kernel-General"
"17/03/2026 09:04:12","112","Information","Microsoft-Windows-HttpService"
"17/03/2026 09:04:12","112","Information","Microsoft-Windows-HttpService"
"17/03/2026 09:04:12","112","Information","Microsoft-Windows-HttpService"
"17/03/2026 09:04:12","112","Information","Microsoft-Windows-HttpService"
"17/03/2026 09:04:12","112","Information","Microsoft-Windows-HttpService"
"17/03/2026 09:04:12","112","Information","Microsoft-Windows-HttpService"
"17/03/2026 09:04:12","112","Information","Microsoft-Windows-HttpService"
"17/03/2026 09:04:12","112","Information","Microsoft-Windows-HttpService"
"17/03/2026 09:04:12","112","Information","Microsoft-Windows-HttpService"
"17/03/2026 09:04:12","112","Information","Microsoft-Windows-HttpService"
"17/03/2026 09:04:12","112","Information","Microsoft-Windows-HttpService"
"17/03/2026 09:04:12","112","Information","Microsoft-Windows-HttpService"
"17/03/2026 09:04:12","112","Information","Microsoft-Windows-HttpService"
"17/03/2026 09:04:12","15","Information","Microsoft-Windows-Kernel-General"
"17/03/2026 09:04:12","277","Information","Microsoft-Windows-Hyper-V-VmSwitch"
"17/03/2026 09:04:12","1038","Information","Microsoft-Windows-TPM-WMI"
"17/03/2026 09:04:12","1041","Information","Microsoft-Windows-TPM-WMI"
"17/03/2026 09:04:12","7001","Information","Microsoft-Windows-Winlogon"
"17/03/2026 09:04:12","16","Information","Microsoft-Windows-Kernel-General"
"17/03/2026 09:04:11","6","Information","Microsoft-Windows-FilterManager"
"17/03/2026 09:04:11","6","Information","Microsoft-Windows-FilterManager"
"17/03/2026 09:04:11","267","Information","Win32k"
"17/03/2026 09:04:11","6","Information","Microsoft-Windows-FilterManager"
"17/03/2026 09:04:11","6","Information","Microsoft-Windows-FilterManager"
"17/03/2026 09:04:11","1","Information","Microsoft-Windows-FilterManager"
"17/03/2026 09:04:11","6","Information","Microsoft-Windows-FilterManager"
"17/03/2026 09:04:11","267","Information","Win32k"
"17/03/2026 09:04:11","6","Information","Microsoft-Windows-FilterManager"
"17/03/2026 09:04:11","6","Information","Microsoft-Windows-FilterManager"
"17/03/2026 09:04:11","5","Information","ADIAmpDriver"
"17/03/2026 09:04:11","6","Information","Microsoft-Windows-FilterManager"
"17/03/2026 09:04:11","51046","Information","Microsoft-Windows-DHCPv6-Client"
"17/03/2026 09:04:11","50036","Information","Microsoft-Windows-Dhcp-Client"
"17/03/2026 09:04:11","50103","Information","Microsoft-Windows-Dhcp-Client"
"17/03/2026 09:04:11","50036","Information","Microsoft-Windows-Dhcp-Client"
"17/03/2026 09:04:11","16","Information","Microsoft-Windows-Kernel-General"
"17/03/2026 09:04:11","16","Information","Microsoft-Windows-Kernel-General"
"17/03/2026 09:04:11","16","Information","Microsoft-Windows-Kernel-General"
"17/03/2026 09:04:11","16983","Information","Microsoft-Windows-Directory-Services-SAM"
"17/03/2026 09:04:11","16977","Information","Microsoft-Windows-Directory-Services-SAM"
"17/03/2026 09:04:11","16962","Information","Microsoft-Windows-Directory-Services-SAM"
"17/03/2026 09:04:11","5","Information","Microsoft-Windows-IsolatedUserMode"
"17/03/2026 09:04:11","6156","Information","LsaSrv"
"17/03/2026 09:04:11","12","Information","Microsoft-Windows-Wininit"
"17/03/2026 09:04:11","18","Information","Microsoft-Windows-Wininit"
"17/03/2026 09:04:11","1","Information","Microsoft-Windows-IsolatedUserMode"
"17/03/2026 09:04:11","5","Information","Microsoft-Windows-IsolatedUserMode"
"17/03/2026 09:04:11","14","Information","Microsoft-Windows-Wininit"
"17/03/2026 09:04:11","23","Information","Microsoft-Windows-Wininit"
"17/03/2026 09:04:11","25","Information","Microsoft-Windows-Wininit"
"17/03/2026 09:04:11","24","Information","Microsoft-Windows-Wininit"
"17/03/2026 09:04:11","19","Information","Microsoft-Windows-Wininit"
"17/03/2026 09:04:11","21","Information","Microsoft-Windows-Wininit"
"17/03/2026 09:04:10","98","Information","Microsoft-Windows-Ntfs"
"17/03/2026 09:04:10","98","Information","Microsoft-Windows-Ntfs"
"17/03/2026 09:04:09","219","Avertissement","Microsoft-Windows-Kernel-PnP"
"17/03/2026 09:04:09","10118","Information","Microsoft-Windows-DriverFrameworks-UserMode"
"17/03/2026 09:04:09","18","Information","BTHUSB"
"17/03/2026 09:04:07","21","Information","ADIAmpDriver"
"17/03/2026 09:04:07","219","Avertissement","Microsoft-Windows-Kernel-PnP"
"17/03/2026 09:04:07","10118","Information","Microsoft-Windows-DriverFrameworks-UserMode"
"17/03/2026 09:04:07","219","Avertissement","Microsoft-Windows-Kernel-PnP"
"17/03/2026 09:04:07","10118","Information","Microsoft-Windows-DriverFrameworks-UserMode"
"17/03/2026 09:04:07","28","Information","Intel-SST-OED"
"17/03/2026 09:04:07","28","Information","Intel-SST-OED"
"17/03/2026 09:04:07","28","Information","Intel-SST-OED"
"17/03/2026 09:04:07","28","Information","Intel-SST-OED"
"17/03/2026 09:04:06","4","Information","ADIAmpDriver"
"17/03/2026 09:04:06","26","Information","ADIAmpDriver"
"17/03/2026 09:04:06","7017","Information","Netwtw14"
"17/03/2026 09:04:06","7010","Information","Netwtw14"
"17/03/2026 09:04:06","7002","Information","Netwtw14"
"17/03/2026 09:04:06","7005","Information","Netwtw14"
"17/03/2026 09:04:06","7006","Information","Netwtw14"
"17/03/2026 09:04:06","7027","Information","Netwtw14"
"17/03/2026 09:04:06","7029","Information","Netwtw14"
"17/03/2026 09:04:06","7036","Information","Netwtw14"
"17/03/2026 09:04:05","4096","Information","nipcibrd"
"17/03/2026 09:04:05","4096","Information","nipcibrd"
"17/03/2026 09:04:04","521","Information","Microsoft-Windows-Kernel-Power"
"17/03/2026 09:04:04","521","Information","Microsoft-Windows-Kernel-Power"
"17/03/2026 09:04:04","12","Erreur","VBoxNetLwf"
"17/03/2026 09:04:04","55","Information","Microsoft-Windows-Kernel-Processor-Power"
"17/03/2026 09:04:04","55","Information","Microsoft-Windows-Kernel-Processor-Power"
"17/03/2026 09:04:04","55","Information","Microsoft-Windows-Kernel-Processor-Power"
"17/03/2026 09:04:04","55","Information","Microsoft-Windows-Kernel-Processor-Power"
"17/03/2026 09:04:04","55","Information","Microsoft-Windows-Kernel-Processor-Power"
"17/03/2026 09:04:04","55","Information","Microsoft-Windows-Kernel-Processor-Power"
"17/03/2026 09:04:04","55","Information","Microsoft-Windows-Kernel-Processor-Power"
"17/03/2026 09:04:04","55","Information","Microsoft-Windows-Kernel-Processor-Power"
"17/03/2026 09:04:04","55","Information","Microsoft-Windows-Kernel-Processor-Power"
"17/03/2026 09:04:04","55","Information","Microsoft-Windows-Kernel-Processor-Power"
"17/03/2026 09:04:04","55","Information","Microsoft-Windows-Kernel-Processor-Power"
"17/03/2026 09:04:04","55","Information","Microsoft-Windows-Kernel-Processor-Power"
"17/03/2026 09:04:04","55","Information","Microsoft-Windows-Kernel-Processor-Power"
"17/03/2026 09:04:04","55","Information","Microsoft-Windows-Kernel-Processor-Power"
"17/03/2026 09:04:04","55","Information","Microsoft-Windows-Kernel-Processor-Power"
"17/03/2026 09:04:04","2","Information","MEIx64"
"17/03/2026 09:04:04","55","Information","Microsoft-Windows-Kernel-Processor-Power"
"17/03/2026 09:04:04","55","Information","Microsoft-Windows-Kernel-Processor-Power"
"17/03/2026 09:04:04","55","Information","Microsoft-Windows-Kernel-Processor-Power"
"17/03/2026 09:04:04","55","Information","Microsoft-Windows-Kernel-Processor-Power"
"17/03/2026 09:04:04","55","Information","Microsoft-Windows-Kernel-Processor-Power"
"17/03/2026 09:04:04","55","Information","Microsoft-Windows-Kernel-Processor-Power"
"17/03/2026 09:04:04","55","Information","Microsoft-Windows-Kernel-Processor-Power"
"17/03/2026 09:04:01","24","Information","Microsoft-Windows-Kernel-General"
"17/03/2026 09:04:01","15","Information","Microsoft-Windows-Kernel-General"
"17/03/2026 09:03:57","219","Avertissement","Microsoft-Windows-Kernel-PnP"
"17/03/2026 09:03:57","10118","Information","Microsoft-Windows-DriverFrameworks-UserMode"
"17/03/2026 09:03:56","16","Information","Microsoft-Windows-Kernel-General"
"17/03/2026 09:03:56","16","Information","Microsoft-Windows-Kernel-General"
"17/03/2026 09:03:56","16","Information","Microsoft-Windows-Kernel-General"
"17/03/2026 09:03:56","125","Information","Microsoft-Windows-Kernel-Power"
"17/03/2026 09:03:56","125","Information","Microsoft-Windows-Kernel-Power"
"17/03/2026 09:03:56","6","Information","Microsoft-Windows-FilterManager"
"17/03/2026 09:03:55","7036","Information","VfpExt"
"17/03/2026 09:03:55","7036","Information","VfpExt"
"17/03/2026 09:03:55","6","Information","Microsoft-Windows-FilterManager"
"17/03/2026 09:03:55","6","Information","Microsoft-Windows-FilterManager"
"17/03/2026 09:03:55","98","Information","Microsoft-Windows-Ntfs"
"17/03/2026 09:03:53","6","Information","Microsoft-Windows-FilterManager"
"17/03/2026 09:03:53","6","Information","Microsoft-Windows-FilterManager"
"17/03/2026 09:03:53","6","Information","Microsoft-Windows-FilterManager"
"17/03/2026 09:03:53","6","Information","Microsoft-Windows-FilterManager"
"17/03/2026 09:03:53","4096","Information","nipcibrd"
"17/03/2026 09:03:53","16","Information","Microsoft-Windows-HAL"
"17/03/2026 09:03:52","20","Information","Microsoft-Windows-Kernel-General"
"17/03/2026 09:03:52","30","Information","Microsoft-Windows-Kernel-Boot"
"17/03/2026 09:03:52","3","Information","Microsoft-Windows-IsolatedUserMode"
"17/03/2026 09:03:52","165","Information","Microsoft-Windows-Hyper-V-Hypervisor"
"17/03/2026 09:03:52","156","Information","Microsoft-Windows-Hyper-V-Hypervisor"
"17/03/2026 09:03:52","129","Information","Microsoft-Windows-Hyper-V-Hypervisor"
"17/03/2026 09:03:52","2","Information","Microsoft-Windows-Hyper-V-Hypervisor"
"17/03/2026 09:03:52","1","Information","Microsoft-Windows-Hyper-V-Hypervisor"
"17/03/2026 09:03:52","27","Information","Microsoft-Windows-Kernel-Boot"
"17/03/2026 09:03:52","25","Information","Microsoft-Windows-Kernel-Boot"
"17/03/2026 09:03:52","242","Information","Microsoft-Windows-Kernel-Boot"
"17/03/2026 09:03:52","272","Information","Microsoft-Windows-Kernel-Boot"
"17/03/2026 09:03:52","238","Information","Microsoft-Windows-Kernel-Boot"
"17/03/2026 09:03:52","247","Information","Microsoft-Windows-Kernel-Boot"
"17/03/2026 09:03:52","20","Information","Microsoft-Windows-Kernel-Boot"
"17/03/2026 09:03:52","32","Information","Microsoft-Windows-Kernel-Boot"
"17/03/2026 09:03:52","18","Information","Microsoft-Windows-Kernel-Boot"
"17/03/2026 09:03:52","153","Information","Microsoft-Windows-Kernel-Boot"
"17/03/2026 09:03:52","25","Information","Microsoft-Windows-Kernel-General"
"17/03/2026 09:03:52","12","Information","Microsoft-Windows-Kernel-General"
"16/03/2026 23:16:20","13","Information","Microsoft-Windows-Kernel-General"
"16/03/2026 23:16:20","577","Information","Microsoft-Windows-Kernel-Power"
"16/03/2026 23:16:17","109","Information","Microsoft-Windows-Kernel-Power"
"16/03/2026 23:16:14","4001","Information","Microsoft-Windows-WLAN-AutoConfig"
"16/03/2026 23:16:14","10002","Avertissement","Microsoft-Windows-WLAN-AutoConfig"
"16/03/2026 23:16:13","117","Information","Microsoft-Windows-HttpService"
"16/03/2026 23:16:13","114","Information","Microsoft-Windows-HttpService"
"17/03/2026 09:04:12","6013","Information","EventLog"
"17/03/2026 09:04:12","6005","Information","EventLog"
"17/03/2026 09:04:12","6009","Information","EventLog"
"16/03/2026 23:16:12","50037","Information","Microsoft-Windows-Dhcp-Client"
"16/03/2026 23:16:12","50106","Information","Microsoft-Windows-Dhcp-Client"
"16/03/2026 23:16:12","51057","Information","Microsoft-Windows-DHCPv6-Client"
"16/03/2026 23:16:12","51057","Information","Microsoft-Windows-DHCPv6-Client"
"16/03/2026 23:16:12","51057","Information","Microsoft-Windows-DHCPv6-Client"
"16/03/2026 23:16:12","51047","Information","Microsoft-Windows-DHCPv6-Client"
"16/03/2026 23:16:12","50105","Information","Microsoft-Windows-Dhcp-Client"
"16/03/2026 23:16:12","50104","Information","Microsoft-Windows-Dhcp-Client"
"16/03/2026 23:16:12","6006","Information","EventLog"
"16/03/2026 23:16:09","0","Information","Intel Connectivity Network Service"
"16/03/2026 23:16:09","2","Information","Microsoft-Windows-IsolatedUserMode"
"16/03/2026 23:16:08","7002","Information","Microsoft-Windows-Winlogon"
"16/03/2026 23:16:08","0","Information","Intel Analytics Service"
"16/03/2026 23:16:08","16","Information","Intel Analytics Service"
"16/03/2026 23:16:08","16","Information","Intel Connectivity Network Service"
"16/03/2026 23:16:08","16","Information","Microsoft-Windows-Kernel-General"
"16/03/2026 23:16:07","100","Avertissement","winsrvext"
"16/03/2026 23:16:01","10010","Erreur","Microsoft-Windows-DistributedCOM"
"16/03/2026 23:16:01","10010","Erreur","Microsoft-Windows-DistributedCOM"
"16/03/2026 23:16:01","16","Information","Microsoft-Windows-Kernel-General"
"16/03/2026 23:16:01","16","Information","Microsoft-Windows-Kernel-General"
"16/03/2026 23:16:01","16","Information","Microsoft-Windows-Kernel-General"
"16/03/2026 23:16:01","1074","Information","User32"
"16/03/2026 21:41:24","7040","Information","Service Control Manager"
"16/03/2026 21:39:19","7040","Information","Service Control Manager"
"16/03/2026 21:27:04","7040","Information","Service Control Manager"
"16/03/2026 21:24:59","7040","Information","Service Control Manager"
"16/03/2026 21:24:58","16","Information","Microsoft-Windows-Kernel-General"
"16/03/2026 21:22:42","19","Information","Microsoft-Windows-WindowsUpdateClient"
"16/03/2026 21:22:25","43","Information","Microsoft-Windows-WindowsUpdateClient"
"16/03/2026 21:22:25","44","Information","Microsoft-Windows-WindowsUpdateClient"
"16/03/2026 20:32:38","12","Information","Microsoft-Windows-UserModePowerService"
"16/03/2026 20:32:38","105","Information","Microsoft-Windows-Kernel-Power"
"16/03/2026 19:42:56","114","Information","Microsoft-Windows-HttpService"
"16/03/2026 19:42:56","7040","Information","Service Control Manager"
"16/03/2026 19:40:49","113","Information","Microsoft-Windows-HttpService"
"16/03/2026 19:40:49","114","Information","Microsoft-Windows-HttpService"
"16/03/2026 19:40:44","113","Information","Microsoft-Windows-HttpService"
"16/03/2026 19:40:40","7040","Information","Service Control Manager"
"16/03/2026 17:41:07","22","Information","Microsoft-Windows-Wininit"
"16/03/2026 16:39:56","16","Information","Microsoft-Windows-Kernel-General"
"16/03/2026 16:39:30","16","Information","Microsoft-Windows-Kernel-General"
"16/03/2026 15:47:44","33","Information","Volsnap"
"16/03/2026 15:41:19","7040","Information","Service Control Manager"
"16/03/2026 15:38:57","1808","Information","Microsoft-Windows-TPM-WMI"
"16/03/2026 15:38:57","7040","Information","Service Control Manager"
"16/03/2026 15:38:56","12","Information","Microsoft-Windows-UserModePowerService"
"16/03/2026 15:38:55","12","Information","Microsoft-Windows-UserModePowerService"
"16/03/2026 15:38:55","105","Information","Microsoft-Windows-Kernel-Power"
"16/03/2026 14:50:08","19","Information","Microsoft-Windows-WindowsUpdateClient"
"16/03/2026 14:49:53","43","Information","Microsoft-Windows-WindowsUpdateClient"
"16/03/2026 14:49:53","44","Information","Microsoft-Windows-WindowsUpdateClient"
"16/03/2026 14:47:31","7040","Information","Service Control Manager"
"16/03/2026 14:45:16","7040","Information","Service Control Manager"
"16/03/2026 14:44:25","1","Information","Microsoft-Windows-Kernel-General"
"16/03/2026 14:44:25","21","Erreur","Microsoft-Windows-HAL"
"16/03/2026 14:44:25","20","Erreur","Microsoft-Windows-HAL"
"16/03/2026 14:44:25","24","Information","Microsoft-Windows-Kernel-General"
"16/03/2026 14:42:29","4","Information","Virtual Disk Service"
"16/03/2026 14:42:27","3","Information","Virtual Disk Service"
"16/03/2026 14:41:29","10016","Avertissement","Microsoft-Windows-DistributedCOM"
"16/03/2026 14:41:28","0","Information","Intel Connectivity Network Service"
"16/03/2026 14:41:28","16","Information","Intel Connectivity Network Service"
"16/03/2026 14:41:28","0","Information","Intel Analytics Service"
"16/03/2026 14:41:28","16","Information","Intel Analytics Service"
"16/03/2026 14:40:32","1","Information","Microsoft-Windows-Kernel-General"
"16/03/2026 14:40:32","21","Erreur","Microsoft-Windows-HAL"
"16/03/2026 14:40:32","20","Erreur","Microsoft-Windows-HAL"
"16/03/2026 14:40:32","24","Information","Microsoft-Windows-Kernel-General"
"16/03/2026 14:40:24","37","Avertissement","Microsoft-Windows-Kernel-Processor-Power"
"16/03/2026 14:40:24","37","Avertissement","Microsoft-Windows-Kernel-Processor-Power"
"16/03/2026 14:40:24","37","Avertissement","Microsoft-Windows-Kernel-Processor-Power"
"16/03/2026 14:40:24","37","Avertissement","Microsoft-Windows-Kernel-Processor-Power"
"16/03/2026 14:40:24","37","Avertissement","Microsoft-Windows-Kernel-Processor-Power"
"16/03/2026 14:40:24","37","Avertissement","Microsoft-Windows-Kernel-Processor-Power"
"16/03/2026 14:40:24","37","Avertissement","Microsoft-Windows-Kernel-Processor-Power"
"16/03/2026 14:40:24","37","Avertissement","Microsoft-Windows-Kernel-Processor-Power"
"16/03/2026 14:40:24","37","Avertissement","Microsoft-Windows-Kernel-Processor-Power"
"16/03/2026 14:40:24","37","Avertissement","Microsoft-Windows-Kernel-Processor-Power"
"16/03/2026 14:39:55","6062","Avertissement","Netwtw14"
"19/03/2026 11:59:22","4624","Information","Microsoft-Windows-Security-Auditing"
"19/03/2026 11:57:05","4624","Information","Microsoft-Windows-Security-Auditing"
"19/03/2026 11:55:02","4624","Information","Microsoft-Windows-Security-Auditing"
"19/03/2026 11:54:31","4624","Information","Microsoft-Windows-Security-Auditing"
"19/03/2026 11:54:30","4624","Information","Microsoft-Windows-Security-Auditing"
"19/03/2026 11:54:25","4624","Information","Microsoft-Windows-Security-Auditing"
"19/03/2026 11:54:25","4624","Information","Microsoft-Windows-Security-Auditing"
"19/03/2026 11:54:25","4624","Information","Microsoft-Windows-Security-Auditing"
"19/03/2026 11:54:21","4624","Information","Microsoft-Windows-Security-Auditing"
"19/03/2026 11:43:35","4624","Information","Microsoft-Windows-Security-Auditing"
"19/03/2026 11:39:30","4624","Information","Microsoft-Windows-Security-Auditing"
"19/03/2026 11:38:33","4624","Information","Microsoft-Windows-Security-Auditing"
"19/03/2026 11:38:16","4624","Information","Microsoft-Windows-Security-Auditing"
"19/03/2026 11:35:19","4624","Information","Microsoft-Windows-Security-Auditing"
"19/03/2026 11:30:16","4624","Information","Microsoft-Windows-Security-Auditing"
"19/03/2026 11:30:05","4624","Information","Microsoft-Windows-Security-Auditing"
"19/03/2026 11:30:03","4624","Information","Microsoft-Windows-Security-Auditing"
"19/03/2026 11:30:02","4624","Information","Microsoft-Windows-Security-Auditing"
"19/03/2026 11:30:01","4624","Information","Microsoft-Windows-Security-Auditing"
"19/03/2026 11:24:30","4624","Information","Microsoft-Windows-Security-Auditing"
"19/03/2026 11:22:32","4624","Information","Microsoft-Windows-Security-Auditing"
"19/03/2026 11:21:44","4624","Information","Microsoft-Windows-Security-Auditing"
"19/03/2026 11:15:49","4624","Information","Microsoft-Windows-Security-Auditing"
"19/03/2026 11:09:30","4624","Information","Microsoft-Windows-Security-Auditing"
"19/03/2026 11:02:38","4624","Information","Microsoft-Windows-Security-Auditing"
"19/03/2026 11:02:37","4624","Information","Microsoft-Windows-Security-Auditing"
"19/03/2026 10:54:29","4624","Information","Microsoft-Windows-Security-Auditing"
"19/03/2026 10:53:15","4624","Information","Microsoft-Windows-Security-Auditing"
"19/03/2026 10:46:32","4624","Information","Microsoft-Windows-Security-Auditing"
"19/03/2026 10:46:28","4624","Information","Microsoft-Windows-Security-Auditing"
"19/03/2026 10:46:27","4624","Information","Microsoft-Windows-Security-Auditing"
"19/03/2026 10:45:01","4624","Information","Microsoft-Windows-Security-Auditing"
"19/03/2026 10:39:29","4624","Information","Microsoft-Windows-Security-Auditing"
"19/03/2026 10:30:07","4624","Information","Microsoft-Windows-Security-Auditing"
"19/03/2026 10:24:29","4624","Information","Microsoft-Windows-Security-Auditing"
"19/03/2026 10:20:24","4624","Information","Microsoft-Windows-Security-Auditing"
"19/03/2026 10:20:24","4624","Information","Microsoft-Windows-Security-Auditing"
"19/03/2026 10:20:11","4624","Information","Microsoft-Windows-Security-Auditing"
"19/03/2026 10:09:25","4624","Information","Microsoft-Windows-Security-Auditing"
"19/03/2026 10:09:22","4624","Information","Microsoft-Windows-Security-Auditing"
"19/03/2026 10:07:33","4624","Information","Microsoft-Windows-Security-Auditing"
"19/03/2026 10:04:52","4624","Information","Microsoft-Windows-Security-Auditing"
"19/03/2026 10:04:48","4624","Information","Microsoft-Windows-Security-Auditing"
"19/03/2026 10:04:42","4624","Information","Microsoft-Windows-Security-Auditing"
"19/03/2026 10:04:28","4624","Information","Microsoft-Windows-Security-Auditing"
"19/03/2026 10:04:24","4624","Information","Microsoft-Windows-Security-Auditing"
"19/03/2026 10:04:23","4624","Information","Microsoft-Windows-Security-Auditing"
"19/03/2026 10:04:16","4624","Information","Microsoft-Windows-Security-Auditing"
"19/03/2026 10:03:42","4624","Information","Microsoft-Windows-Security-Auditing"
"19/03/2026 10:03:42","4624","Information","Microsoft-Windows-Security-Auditing"
"19/03/2026 10:02:41","4624","Information","Microsoft-Windows-Security-Auditing"
"19/03/2026 10:00:44","4624","Information","Microsoft-Windows-Security-Auditing"
"19/03/2026 10:00:33","4624","Information","Microsoft-Windows-Security-Auditing"
"19/03/2026 09:59:41","4624","Information","Microsoft-Windows-Security-Auditing"
"19/03/2026 09:59:29","4624","Information","Microsoft-Windows-Security-Auditing"
"19/03/2026 09:58:16","4624","Information","Microsoft-Windows-Security-Auditing"
"19/03/2026 09:57:28","4624","Information","Microsoft-Windows-Security-Auditing"
"19/03/2026 09:56:41","4624","Information","Microsoft-Windows-Security-Auditing"
"19/03/2026 09:56:34","4624","Information","Microsoft-Windows-Security-Auditing"
"19/03/2026 09:56:33","4624","Information","Microsoft-Windows-Security-Auditing"
"19/03/2026 09:56:33","4624","Information","Microsoft-Windows-Security-Auditing"
"19/03/2026 09:56:33","4624","Information","Microsoft-Windows-Security-Auditing"
"19/03/2026 09:56:32","4624","Information","Microsoft-Windows-Security-Auditing"
"19/03/2026 09:56:22","4624","Information","Microsoft-Windows-Security-Auditing"
"19/03/2026 09:56:21","4624","Information","Microsoft-Windows-Security-Auditing"
"19/03/2026 09:55:16","4624","Information","Microsoft-Windows-Security-Auditing"
"19/03/2026 09:55:15","4624","Information","Microsoft-Windows-Security-Auditing"
"19/03/2026 09:54:37","4624","Information","Microsoft-Windows-Security-Auditing"
"19/03/2026 09:54:34","4624","Information","Microsoft-Windows-Security-Auditing"
"19/03/2026 09:54:34","4624","Information","Microsoft-Windows-Security-Auditing"
"19/03/2026 09:54:34","4624","Information","Microsoft-Windows-Security-Auditing"
"19/03/2026 09:54:34","4624","Information","Microsoft-Windows-Security-Auditing"
"19/03/2026 09:54:33","4624","Information","Microsoft-Windows-Security-Auditing"
